Test Failed: contactUsForm - com.JodaynDemo.tests.TC6_ContactUs
Error: org.openqa.selenium.NoSuchElementException: no such element: Unable to locate element: {"method":"css selector","selector":"div.item.active img[alt='demo website for practice']"}
  (Session info: chrome=135.0.7049.115)
For documentation on this error, please visit: https://www.selenium.dev/documentation/webdriver/troubleshooting/errors#no-such-element-exception
Build info: version: '4.31.0', revision: '1ef9f18787*'
System info: os.name: 'Windows 10', os.arch: 'amd64', os.version: '10.0', java.version: '21.0.6'
Driver info: org.openqa.selenium.chrome.ChromeDriver
Command: [9c32d7080082b5d9baad38e85e1f2076, findElement {using=css selector, value=div.item.active img[alt='demo website for practice']}]
Capabilities {acceptInsecureCerts: false, browserName: chrome, browserVersion: 135.0.7049.115, chrome: {chromedriverVersion: 135.0.7049.114 (63fd8a7d9d0..., userDataDir: C:\Users\hydroweb\AppData\L...}, fedcm:accounts: true, goog:chromeOptions: {debuggerAddress: localhost:52771}, networkConnectionEnabled: false, pageLoadStrategy: normal, platformName: windows, proxy: Proxy(), se:cdp: ws://localhost:52771/devtoo..., se:cdpVersion: 135.0.7049.115, setWindowRect: true, strictFileInteractability: false, timeouts: {implicit: 0, pageLoad: 300000, script: 30000}, unhandledPromptBehavior: dismiss and notify, webauthn:extension:credBlob: true, webauthn:extension:largeBlob: true, webauthn:extension:minPinLength: true, webauthn:extension:prf: true, webauthn:virtualAuthenticators: true}
Session ID: 9c32d7080082b5d9baad38e85e1f2076
java.base/jdk.internal.reflect.DirectConstructorHandleAccessor.newInstance(DirectConstructorHandleAccessor.java:62)
java.base/java.lang.reflect.Constructor.newInstanceWithCaller(Constructor.java:502)
java.base/java.lang.reflect.Constructor.newInstance(Constructor.java:486)
org.openqa.selenium.remote.ErrorCodec.decode(ErrorCodec.java:167)
org.openqa.selenium.remote.codec.w3c.W3CHttpResponseCodec.decode(W3CHttpResponseCodec.java:138)
org.openqa.selenium.remote.codec.w3c.W3CHttpResponseCodec.decode(W3CHttpResponseCodec.java:50)
org.openqa.selenium.remote.HttpCommandExecutor.execute(HttpCommandExecutor.java:215)
org.openqa.selenium.remote.service.DriverCommandExecutor.invokeExecute(DriverCommandExecutor.java:216)
org.openqa.selenium.remote.service.DriverCommandExecutor.execute(DriverCommandExecutor.java:174)
org.openqa.selenium.remote.RemoteWebDriver.execute(RemoteWebDriver.java:545)
org.openqa.selenium.remote.ElementLocation$ElementFinder$2.findElement(ElementLocation.java:165)
org.openqa.selenium.remote.ElementLocation.findElement(ElementLocation.java:59)
org.openqa.selenium.remote.RemoteWebDriver.findElement(RemoteWebDriver.java:368)
org.openqa.selenium.remote.RemoteWebDriver.findElement(RemoteWebDriver.java:362)
com.JodaynDemo.pages.Home.girlImgResponsive(Home.java:18)
com.JodaynDemo.pages.Home.homePageIsVisible(Home.java:102)
com.JodaynDemo.tests.TC1_UserRegistration.verifyThatHomePageIsVisibleSuccessfully(TC1_UserRegistration.java:53)
com.JodaynDemo.tests.TC6_ContactUs.contactUsForm(TC6_ContactUs.java:29)
java.base/jdk.internal.reflect.DirectMethodHandleAccessor.invoke(DirectMethodHandleAccessor.java:103)
java.base/java.lang.reflect.Method.invoke(Method.java:580)
org.testng.internal.invokers.MethodInvocationHelper.invokeMethod(MethodInvocationHelper.java:141)
org.testng.internal.invokers.TestInvoker.invokeMethod(TestInvoker.java:687)
org.testng.internal.invokers.TestInvoker.invokeTestMethod(TestInvoker.java:230)
org.testng.internal.invokers.MethodRunner.runInSequence(MethodRunner.java:63)
org.testng.internal.invokers.TestInvoker$MethodInvocationAgent.invoke(TestInvoker.java:995)
org.testng.internal.invokers.TestInvoker.invokeTestMethods(TestInvoker.java:203)
org.testng.internal.invokers.TestMethodWorker.invokeTestMethods(TestMethodWorker.java:154)
org.testng.internal.invokers.TestMethodWorker.run(TestMethodWorker.java:134)
java.base/java.util.concurrent.Executors$RunnableAdapter.call(Executors.java:572)
java.base/java.util.concurrent.FutureTask.run(FutureTask.java:317)
org.testng.internal.thread.graph.TestNGFutureTask.run(TestNGFutureTask.java:22)
java.base/java.util.concurrent.ThreadPoolExecutor.runWorker(ThreadPoolExecutor.java:1144)
java.base/java.util.concurrent.ThreadPoolExecutor$Worker.run(ThreadPoolExecutor.java:642)
java.base/java.lang.Thread.run(Thread.java:1583)
Test Failed: contactUsForm - com.JodaynDemo.tests.TC6_ContactUs
Error: java.lang.AssertionError: Verify success message 'Success! Your details have been submitted successfully.' is visible expected [Success! Your details have been submitted successfully..] but found [Success! Your details have been submitted successfully.]
org.testng.Assert.fail(Assert.java:111)
org.testng.Assert.failNotEquals(Assert.java:1590)
org.testng.Assert.assertEqualsImpl(Assert.java:150)
org.testng.Assert.assertEquals(Assert.java:132)
org.testng.Assert.assertEquals(Assert.java:656)
com.JodaynDemo.tests.TC6_ContactUs.verifySuccessMessageSuccessYourDetailsHaveBeenSubmittedSuccessfullyIsVisible(TC6_ContactUs.java:52)
com.JodaynDemo.tests.TC6_ContactUs.contactUsForm(TC6_ContactUs.java:31)
java.base/jdk.internal.reflect.DirectMethodHandleAccessor.invoke(DirectMethodHandleAccessor.java:103)
java.base/java.lang.reflect.Method.invoke(Method.java:580)
org.testng.internal.invokers.MethodInvocationHelper.invokeMethod(MethodInvocationHelper.java:141)
org.testng.internal.invokers.TestInvoker.invokeMethod(TestInvoker.java:687)
org.testng.internal.invokers.TestInvoker.invokeTestMethod(TestInvoker.java:230)
org.testng.internal.invokers.MethodRunner.runInSequence(MethodRunner.java:63)
org.testng.internal.invokers.TestInvoker$MethodInvocationAgent.invoke(TestInvoker.java:995)
org.testng.internal.invokers.TestInvoker.invokeTestMethods(TestInvoker.java:203)
org.testng.internal.invokers.TestMethodWorker.invokeTestMethods(TestMethodWorker.java:154)
org.testng.internal.invokers.TestMethodWorker.run(TestMethodWorker.java:134)
java.base/java.util.concurrent.Executors$RunnableAdapter.call(Executors.java:572)
java.base/java.util.concurrent.FutureTask.run(FutureTask.java:317)
org.testng.internal.thread.graph.TestNGFutureTask.run(TestNGFutureTask.java:22)
java.base/java.util.concurrent.ThreadPoolExecutor.runWorker(ThreadPoolExecutor.java:1144)
java.base/java.util.concurrent.ThreadPoolExecutor$Worker.run(ThreadPoolExecutor.java:642)
java.base/java.lang.Thread.run(Thread.java:1583)
Test Failed: contactUsForm - com.JodaynDemo.tests.TC6_ContactUs
Error: java.lang.AssertionError: Verify success message 'Success! Your details have been submitted successfully.' is visible expected [Success! Your details have been submitted successfully..] but found [Success! Your details have been submitted successfully.]
org.testng.Assert.fail(Assert.java:111)
org.testng.Assert.failNotEquals(Assert.java:1590)
org.testng.Assert.assertEqualsImpl(Assert.java:150)
org.testng.Assert.assertEquals(Assert.java:132)
org.testng.Assert.assertEquals(Assert.java:656)
com.JodaynDemo.tests.TC6_ContactUs.verifySuccessMessageSuccessYourDetailsHaveBeenSubmittedSuccessfullyIsVisible(TC6_ContactUs.java:52)
com.JodaynDemo.tests.TC6_ContactUs.contactUsForm(TC6_ContactUs.java:31)
java.base/jdk.internal.reflect.DirectMethodHandleAccessor.invoke(DirectMethodHandleAccessor.java:103)
java.base/java.lang.reflect.Method.invoke(Method.java:580)
org.testng.internal.invokers.MethodInvocationHelper.invokeMethod(MethodInvocationHelper.java:141)
org.testng.internal.invokers.TestInvoker.invokeMethod(TestInvoker.java:687)
org.testng.internal.invokers.TestInvoker.invokeTestMethod(TestInvoker.java:230)
org.testng.internal.invokers.MethodRunner.runInSequence(MethodRunner.java:63)
org.testng.internal.invokers.TestInvoker$MethodInvocationAgent.invoke(TestInvoker.java:995)
org.testng.internal.invokers.TestInvoker.invokeTestMethods(TestInvoker.java:203)
org.testng.internal.invokers.TestMethodWorker.invokeTestMethods(TestMethodWorker.java:154)
org.testng.internal.invokers.TestMethodWorker.run(TestMethodWorker.java:134)
java.base/java.util.concurrent.Executors$RunnableAdapter.call(Executors.java:572)
java.base/java.util.concurrent.FutureTask.run(FutureTask.java:317)
org.testng.internal.thread.graph.TestNGFutureTask.run(TestNGFutureTask.java:22)
java.base/java.util.concurrent.ThreadPoolExecutor.runWorker(ThreadPoolExecutor.java:1144)
java.base/java.util.concurrent.ThreadPoolExecutor$Worker.run(ThreadPoolExecutor.java:642)
java.base/java.lang.Thread.run(Thread.java:1583)
Test Failed: verifySubscriptionInCartPage - com.JodaynDemo.tests.TC11_SubscriptionVerificationCart
Error: org.openqa.selenium.NoSuchElementException: Unable to find element with locator By.cssSelector: div.item.active img[alt='demo website for practice']
For documentation on this error, please visit: https://www.selenium.dev/documentation/webdriver/troubleshooting/errors#no-such-element-exception
Build info: version: '4.31.0', revision: '1ef9f18787*'
System info: os.name: 'Windows 10', os.arch: 'amd64', os.version: '10.0', java.version: '21.0.6'
Driver info: driver.version: RemoteWebDriver
org.openqa.selenium.remote.ElementLocation$ElementFinder$2.findElement(ElementLocation.java:168)
org.openqa.selenium.remote.ElementLocation.findElement(ElementLocation.java:59)
org.openqa.selenium.remote.RemoteWebDriver.findElement(RemoteWebDriver.java:368)
org.openqa.selenium.remote.RemoteWebDriver.findElement(RemoteWebDriver.java:362)
com.JodaynDemo.pages.Home.girlImgResponsive(Home.java:18)
com.JodaynDemo.pages.Home.homePageIsVisible(Home.java:102)
com.JodaynDemo.tests.TC1_UserRegistration.verifyThatHomePageIsVisibleSuccessfully(TC1_UserRegistration.java:53)
com.JodaynDemo.tests.TC11_SubscriptionVerificationCart.verifySubscriptionInCartPage(TC11_SubscriptionVerificationCart.java:26)
java.base/jdk.internal.reflect.DirectMethodHandleAccessor.invoke(DirectMethodHandleAccessor.java:103)
java.base/java.lang.reflect.Method.invoke(Method.java:580)
org.testng.internal.invokers.MethodInvocationHelper.invokeMethod(MethodInvocationHelper.java:141)
org.testng.internal.invokers.TestInvoker.invokeMethod(TestInvoker.java:687)
org.testng.internal.invokers.TestInvoker.invokeTestMethod(TestInvoker.java:230)
org.testng.internal.invokers.MethodRunner.runInSequence(MethodRunner.java:63)
org.testng.internal.invokers.TestInvoker$MethodInvocationAgent.invoke(TestInvoker.java:995)
org.testng.internal.invokers.TestInvoker.invokeTestMethods(TestInvoker.java:203)
org.testng.internal.invokers.TestMethodWorker.invokeTestMethods(TestMethodWorker.java:154)
org.testng.internal.invokers.TestMethodWorker.run(TestMethodWorker.java:134)
java.base/java.util.concurrent.Executors$RunnableAdapter.call(Executors.java:572)
java.base/java.util.concurrent.FutureTask.run(FutureTask.java:317)
org.testng.internal.thread.graph.TestNGFutureTask.run(TestNGFutureTask.java:22)
java.base/java.util.concurrent.ThreadPoolExecutor.runWorker(ThreadPoolExecutor.java:1144)
java.base/java.util.concurrent.ThreadPoolExecutor$Worker.run(ThreadPoolExecutor.java:642)
java.base/java.lang.Thread.run(Thread.java:1583)
Test Failed: placeOrderRegisterWhileCheckout - com.JodaynDemo.tests.TC14_OrderPlaceRegisterDuringCheckout
Error: java.lang.AssertionError: Verify that 'ACCOUNT DELETED!' is visible expected [ACCOUNT DELETED!] but found [ACCOUNT DELETED!E-commerce solutions]
org.testng.Assert.fail(Assert.java:111)
org.testng.Assert.failNotEquals(Assert.java:1590)
org.testng.Assert.assertEqualsImpl(Assert.java:150)
org.testng.Assert.assertEquals(Assert.java:132)
org.testng.Assert.assertEquals(Assert.java:656)
com.JodaynDemo.tests.TC1_UserRegistration.verifyThatAccountDeletedIsVisibleAndClickContinueButton(TC1_UserRegistration.java:101)
com.JodaynDemo.tests.TC14_OrderPlaceRegisterDuringCheckout.placeOrderRegisterWhileCheckout(TC14_OrderPlaceRegisterDuringCheckout.java:52)
java.base/jdk.internal.reflect.DirectMethodHandleAccessor.invoke(DirectMethodHandleAccessor.java:103)
java.base/java.lang.reflect.Method.invoke(Method.java:580)
org.testng.internal.invokers.MethodInvocationHelper.invokeMethod(MethodInvocationHelper.java:141)
org.testng.internal.invokers.TestInvoker.invokeMethod(TestInvoker.java:687)
org.testng.internal.invokers.TestInvoker.invokeTestMethod(TestInvoker.java:230)
org.testng.internal.invokers.MethodRunner.runInSequence(MethodRunner.java:63)
org.testng.internal.invokers.TestInvoker$MethodInvocationAgent.invoke(TestInvoker.java:995)
org.testng.internal.invokers.TestInvoker.invokeTestMethods(TestInvoker.java:203)
org.testng.internal.invokers.TestMethodWorker.invokeTestMethods(TestMethodWorker.java:154)
org.testng.internal.invokers.TestMethodWorker.run(TestMethodWorker.java:134)
java.base/java.util.concurrent.Executors$RunnableAdapter.call(Executors.java:572)
java.base/java.util.concurrent.FutureTask.run(FutureTask.java:317)
org.testng.internal.thread.graph.TestNGFutureTask.run(TestNGFutureTask.java:22)
java.base/java.util.concurrent.ThreadPoolExecutor.runWorker(ThreadPoolExecutor.java:1144)
java.base/java.util.concurrent.ThreadPoolExecutor$Worker.run(ThreadPoolExecutor.java:642)
java.base/java.lang.Thread.run(Thread.java:1583)
Test Failed: placeOrderRegisterBeforeCheckout - com.JodaynDemo.tests.TC15_OrderPlaceRegisterBeforeCheckout
Error: java.lang.AssertionError: Verify that 'ACCOUNT DELETED!' is visible expected [ACCOUNT DELETED!] but found [ACCOUNT DELETED!E-commerce solutions]
org.testng.Assert.fail(Assert.java:111)
org.testng.Assert.failNotEquals(Assert.java:1590)
org.testng.Assert.assertEqualsImpl(Assert.java:150)
org.testng.Assert.assertEquals(Assert.java:132)
org.testng.Assert.assertEquals(Assert.java:656)
com.JodaynDemo.tests.TC1_UserRegistration.verifyThatAccountDeletedIsVisibleAndClickContinueButton(TC1_UserRegistration.java:101)
com.JodaynDemo.tests.TC15_OrderPlaceRegisterBeforeCheckout.placeOrderRegisterBeforeCheckout(TC15_OrderPlaceRegisterBeforeCheckout.java:48)
java.base/jdk.internal.reflect.DirectMethodHandleAccessor.invoke(DirectMethodHandleAccessor.java:103)
java.base/java.lang.reflect.Method.invoke(Method.java:580)
org.testng.internal.invokers.MethodInvocationHelper.invokeMethod(MethodInvocationHelper.java:141)
org.testng.internal.invokers.TestInvoker.invokeMethod(TestInvoker.java:687)
org.testng.internal.invokers.TestInvoker.invokeTestMethod(TestInvoker.java:230)
org.testng.internal.invokers.MethodRunner.runInSequence(MethodRunner.java:63)
org.testng.internal.invokers.TestInvoker$MethodInvocationAgent.invoke(TestInvoker.java:995)
org.testng.internal.invokers.TestInvoker.invokeTestMethods(TestInvoker.java:203)
org.testng.internal.invokers.TestMethodWorker.invokeTestMethods(TestMethodWorker.java:154)
org.testng.internal.invokers.TestMethodWorker.run(TestMethodWorker.java:134)
java.base/java.util.concurrent.Executors$RunnableAdapter.call(Executors.java:572)
java.base/java.util.concurrent.FutureTask.run(FutureTask.java:317)
org.testng.internal.thread.graph.TestNGFutureTask.run(TestNGFutureTask.java:22)
java.base/java.util.concurrent.ThreadPoolExecutor.runWorker(ThreadPoolExecutor.java:1144)
java.base/java.util.concurrent.ThreadPoolExecutor$Worker.run(ThreadPoolExecutor.java:642)
java.base/java.lang.Thread.run(Thread.java:1583)
Test Failed: placeOrderLoginBeforeCheckout - com.JodaynDemo.tests.TC16_OrderPlaceLoginBeforeCheckout
Error: java.lang.AssertionError: Verify 'Logged in as username' at top expected [BilalTest1994] but found [Logged in as BilalTest1994]
org.testng.Assert.fail(Assert.java:111)
org.testng.Assert.failNotEquals(Assert.java:1590)
org.testng.Assert.assertEqualsImpl(Assert.java:150)
org.testng.Assert.assertEquals(Assert.java:132)
org.testng.Assert.assertEquals(Assert.java:656)
com.JodaynDemo.tests.TC16_OrderPlaceLoginBeforeCheckout.verifyLoggedInAsUsernameAtTop(TC16_OrderPlaceLoginBeforeCheckout.java:54)
com.JodaynDemo.tests.TC16_OrderPlaceLoginBeforeCheckout.placeOrderLoginBeforeCheckout(TC16_OrderPlaceLoginBeforeCheckout.java:42)
java.base/jdk.internal.reflect.DirectMethodHandleAccessor.invoke(DirectMethodHandleAccessor.java:103)
java.base/java.lang.reflect.Method.invoke(Method.java:580)
org.testng.internal.invokers.MethodInvocationHelper.invokeMethod(MethodInvocationHelper.java:141)
org.testng.internal.invokers.TestInvoker.invokeMethod(TestInvoker.java:687)
org.testng.internal.invokers.TestInvoker.invokeTestMethod(TestInvoker.java:230)
org.testng.internal.invokers.MethodRunner.runInSequence(MethodRunner.java:63)
org.testng.internal.invokers.TestInvoker$MethodInvocationAgent.invoke(TestInvoker.java:995)
org.testng.internal.invokers.TestInvoker.invokeTestMethods(TestInvoker.java:203)
org.testng.internal.invokers.TestMethodWorker.invokeTestMethods(TestMethodWorker.java:154)
org.testng.internal.invokers.TestMethodWorker.run(TestMethodWorker.java:134)
java.base/java.util.concurrent.Executors$RunnableAdapter.call(Executors.java:572)
java.base/java.util.concurrent.FutureTask.run(FutureTask.java:317)
org.testng.internal.thread.graph.TestNGFutureTask.run(TestNGFutureTask.java:22)
java.base/java.util.concurrent.ThreadPoolExecutor.runWorker(ThreadPoolExecutor.java:1144)
java.base/java.util.concurrent.ThreadPoolExecutor$Worker.run(ThreadPoolExecutor.java:642)
java.base/java.lang.Thread.run(Thread.java:1583)
Test Failed: viewCategoryProducts - com.JodaynDemo.tests.TC18_ProductViewCategory
Error: java.lang.AssertionError: Verify that category page is displayed and confirm text 'WOMEN - DRESS PRODUCTS' expected [WOMEN - DRESS PRODUCTS] but found [WOMEN -  DRESS PRODUCTS]
org.testng.Assert.fail(Assert.java:111)
org.testng.Assert.failNotEquals(Assert.java:1590)
org.testng.Assert.assertEqualsImpl(Assert.java:150)
org.testng.Assert.assertEquals(Assert.java:132)
org.testng.Assert.assertEquals(Assert.java:656)
com.JodaynDemo.tests.TC18_ProductViewCategory.verifyThatCategoryPageIsDisplayedAndConfirmTextWomenDressProducts(TC18_ProductViewCategory.java:47)
com.JodaynDemo.tests.TC18_ProductViewCategory.viewCategoryProducts(TC18_ProductViewCategory.java:28)
java.base/jdk.internal.reflect.DirectMethodHandleAccessor.invoke(DirectMethodHandleAccessor.java:103)
java.base/java.lang.reflect.Method.invoke(Method.java:580)
org.testng.internal.invokers.MethodInvocationHelper.invokeMethod(MethodInvocationHelper.java:141)
org.testng.internal.invokers.TestInvoker.invokeMethod(TestInvoker.java:687)
org.testng.internal.invokers.TestInvoker.invokeTestMethod(TestInvoker.java:230)
org.testng.internal.invokers.MethodRunner.runInSequence(MethodRunner.java:63)
org.testng.internal.invokers.TestInvoker$MethodInvocationAgent.invoke(TestInvoker.java:995)
org.testng.internal.invokers.TestInvoker.invokeTestMethods(TestInvoker.java:203)
org.testng.internal.invokers.TestMethodWorker.invokeTestMethods(TestMethodWorker.java:154)
org.testng.internal.invokers.TestMethodWorker.run(TestMethodWorker.java:134)
java.base/java.util.concurrent.Executors$RunnableAdapter.call(Executors.java:572)
java.base/java.util.concurrent.FutureTask.run(FutureTask.java:317)
org.testng.internal.thread.graph.TestNGFutureTask.run(TestNGFutureTask.java:22)
java.base/java.util.concurrent.ThreadPoolExecutor.runWorker(ThreadPoolExecutor.java:1144)
java.base/java.util.concurrent.ThreadPoolExecutor$Worker.run(ThreadPoolExecutor.java:642)
java.base/java.lang.Thread.run(Thread.java:1583)
Test Failed: viewCartBrandProducts - com.JodaynDemo.tests.TC19_ProductBrandCartandView
Error: java.lang.AssertionError: Verify that brand products are displayed expected [Green Side Placket Detail T-Shirt] but found [Green Side Placket Detail  T-Shirt]
org.testng.Assert.fail(Assert.java:111)
org.testng.Assert.failNotEquals(Assert.java:1590)
org.testng.Assert.assertEqualsImpl(Assert.java:150)
org.testng.Assert.assertEquals(Assert.java:132)
org.testng.Assert.assertEquals(Assert.java:656)
com.JodaynDemo.tests.TC19_ProductBrandCartandView.verifyThatUserIsNavigatedToBrandPageAndBrandProductsAreDisplayed(TC19_ProductBrandCartandView.java:55)
com.JodaynDemo.tests.TC19_ProductBrandCartandView.viewCartBrandProducts(TC19_ProductBrandCartandView.java:32)
java.base/jdk.internal.reflect.DirectMethodHandleAccessor.invoke(DirectMethodHandleAccessor.java:103)
java.base/java.lang.reflect.Method.invoke(Method.java:580)
org.testng.internal.invokers.MethodInvocationHelper.invokeMethod(MethodInvocationHelper.java:141)
org.testng.internal.invokers.TestInvoker.invokeMethod(TestInvoker.java:687)
org.testng.internal.invokers.TestInvoker.invokeTestMethod(TestInvoker.java:230)
org.testng.internal.invokers.MethodRunner.runInSequence(MethodRunner.java:63)
org.testng.internal.invokers.TestInvoker$MethodInvocationAgent.invoke(TestInvoker.java:995)
org.testng.internal.invokers.TestInvoker.invokeTestMethods(TestInvoker.java:203)
org.testng.internal.invokers.TestMethodWorker.invokeTestMethods(TestMethodWorker.java:154)
org.testng.internal.invokers.TestMethodWorker.run(TestMethodWorker.java:134)
java.base/java.util.concurrent.Executors$RunnableAdapter.call(Executors.java:572)
java.base/java.util.concurrent.FutureTask.run(FutureTask.java:317)
org.testng.internal.thread.graph.TestNGFutureTask.run(TestNGFutureTask.java:22)
java.base/java.util.concurrent.ThreadPoolExecutor.runWorker(ThreadPoolExecutor.java:1144)
java.base/java.util.concurrent.ThreadPoolExecutor$Worker.run(ThreadPoolExecutor.java:642)
java.base/java.lang.Thread.run(Thread.java:1583)
Test Failed: searchProductsAndVerifyCartAfterLogin - com.JodaynDemo.tests.TC20_ProductSearchAndCartValidationAfterLogin
Error: java.lang.AssertionError: Verify that products are visible in cart expected [Blue Cotton Indie Mickey Dress] but found [Blue  Cotton Indie Mickey  Dress]
org.testng.Assert.fail(Assert.java:111)
org.testng.Assert.failNotEquals(Assert.java:1590)
org.testng.Assert.assertEqualsImpl(Assert.java:150)
org.testng.Assert.assertEquals(Assert.java:132)
org.testng.Assert.assertEquals(Assert.java:656)
com.JodaynDemo.tests.TC20_ProductSearchAndCartValidationAfterLogin.clickCartButtonAndVerifyThatProductsAreVisibleInCart(TC20_ProductSearchAndCartValidationAfterLogin.java:57)
com.JodaynDemo.tests.TC20_ProductSearchAndCartValidationAfterLogin.searchProductsAndVerifyCartAfterLogin(TC20_ProductSearchAndCartValidationAfterLogin.java:43)
java.base/jdk.internal.reflect.DirectMethodHandleAccessor.invoke(DirectMethodHandleAccessor.java:103)
java.base/java.lang.reflect.Method.invoke(Method.java:580)
org.testng.internal.invokers.MethodInvocationHelper.invokeMethod(MethodInvocationHelper.java:141)
org.testng.internal.invokers.TestInvoker.invokeMethod(TestInvoker.java:687)
org.testng.internal.invokers.TestInvoker.invokeTestMethod(TestInvoker.java:230)
org.testng.internal.invokers.MethodRunner.runInSequence(MethodRunner.java:63)
org.testng.internal.invokers.TestInvoker$MethodInvocationAgent.invoke(TestInvoker.java:995)
org.testng.internal.invokers.TestInvoker.invokeTestMethods(TestInvoker.java:203)
org.testng.internal.invokers.TestMethodWorker.invokeTestMethods(TestMethodWorker.java:154)
org.testng.internal.invokers.TestMethodWorker.run(TestMethodWorker.java:134)
java.base/java.util.concurrent.Executors$RunnableAdapter.call(Executors.java:572)
java.base/java.util.concurrent.FutureTask.run(FutureTask.java:317)
org.testng.internal.thread.graph.TestNGFutureTask.run(TestNGFutureTask.java:22)
java.base/java.util.concurrent.ThreadPoolExecutor.runWorker(ThreadPoolExecutor.java:1144)
java.base/java.util.concurrent.ThreadPoolExecutor$Worker.run(ThreadPoolExecutor.java:642)
java.base/java.lang.Thread.run(Thread.java:1583)
Test Failed: verifyAddressDetailsInCheckoutPage - com.JodaynDemo.tests.TC23_CheckoutValidateAddressDetails
Error: java.lang.AssertionError: Verify that 'ACCOUNT DELETED!' is visible expected [ACCOUNT DELETED!] but found [ACCOUNT DELETED!E-commerce solutions]
org.testng.Assert.fail(Assert.java:111)
org.testng.Assert.failNotEquals(Assert.java:1590)
org.testng.Assert.assertEqualsImpl(Assert.java:150)
org.testng.Assert.assertEquals(Assert.java:132)
org.testng.Assert.assertEquals(Assert.java:656)
com.JodaynDemo.tests.TC1_UserRegistration.verifyThatAccountDeletedIsVisibleAndClickContinueButton(TC1_UserRegistration.java:101)
com.JodaynDemo.tests.TC23_CheckoutValidateAddressDetails.verifyAddressDetailsInCheckoutPage(TC23_CheckoutValidateAddressDetails.java:41)
java.base/jdk.internal.reflect.DirectMethodHandleAccessor.invoke(DirectMethodHandleAccessor.java:103)
java.base/java.lang.reflect.Method.invoke(Method.java:580)
org.testng.internal.invokers.MethodInvocationHelper.invokeMethod(MethodInvocationHelper.java:141)
org.testng.internal.invokers.TestInvoker.invokeMethod(TestInvoker.java:687)
org.testng.internal.invokers.TestInvoker.invokeTestMethod(TestInvoker.java:230)
org.testng.internal.invokers.MethodRunner.runInSequence(MethodRunner.java:63)
org.testng.internal.invokers.TestInvoker$MethodInvocationAgent.invoke(TestInvoker.java:995)
org.testng.internal.invokers.TestInvoker.invokeTestMethods(TestInvoker.java:203)
org.testng.internal.invokers.TestMethodWorker.invokeTestMethods(TestMethodWorker.java:154)
org.testng.internal.invokers.TestMethodWorker.run(TestMethodWorker.java:134)
java.base/java.util.concurrent.Executors$RunnableAdapter.call(Executors.java:572)
java.base/java.util.concurrent.FutureTask.run(FutureTask.java:317)
org.testng.internal.thread.graph.TestNGFutureTask.run(TestNGFutureTask.java:22)
java.base/java.util.concurrent.ThreadPoolExecutor.runWorker(ThreadPoolExecutor.java:1144)
java.base/java.util.concurrent.ThreadPoolExecutor$Worker.run(ThreadPoolExecutor.java:642)
java.base/java.lang.Thread.run(Thread.java:1583)
Test Failed: downloadInvoiceAfterPurchaseOrder - com.JodaynDemo.tests.TC24_InvoiceDownloadAfterPurchase
Error: org.openqa.selenium.NoSuchSessionException: invalid session id: session deleted as the browser has closed the connection
from disconnected: unable to send message to renderer
  (Session info: chrome=135.0.7049.115)
Build info: version: '4.31.0', revision: '1ef9f18787*'
System info: os.name: 'Windows 10', os.arch: 'amd64', os.version: '10.0', java.version: '21.0.6'
Driver info: org.openqa.selenium.chrome.ChromeDriver
Command: [5996e624e5441ec228245f2e167987b9, clickElement {id=f.0EC0FC6CA5B16AA16AC0B5CBFA71E0A8.d.A3E4A4A33DB4D68B7081385BB0F2C184.e.39}]
Capabilities {acceptInsecureCerts: false, browserName: chrome, browserVersion: 135.0.7049.115, chrome: {chromedriverVersion: 135.0.7049.114 (63fd8a7d9d0..., userDataDir: C:\Users\hydroweb\AppData\L...}, fedcm:accounts: true, goog:chromeOptions: {debuggerAddress: localhost:53977}, networkConnectionEnabled: false, pageLoadStrategy: normal, platformName: windows, proxy: Proxy(), se:cdp: ws://localhost:53977/devtoo..., se:cdpVersion: 135.0.7049.115, setWindowRect: true, strictFileInteractability: false, timeouts: {implicit: 0, pageLoad: 300000, script: 30000}, unhandledPromptBehavior: dismiss and notify, webauthn:extension:credBlob: true, webauthn:extension:largeBlob: true, webauthn:extension:minPinLength: true, webauthn:extension:prf: true, webauthn:virtualAuthenticators: true}
Element: [[ChromeDriver: chrome on windows (5996e624e5441ec228245f2e167987b9)] -> css selector: a[href='/view_cart'] u]
Session ID: 5996e624e5441ec228245f2e167987b9
java.base/jdk.internal.reflect.DirectConstructorHandleAccessor.newInstance(DirectConstructorHandleAccessor.java:62)
java.base/java.lang.reflect.Constructor.newInstanceWithCaller(Constructor.java:502)
java.base/java.lang.reflect.Constructor.newInstance(Constructor.java:486)
org.openqa.selenium.remote.ErrorCodec.decode(ErrorCodec.java:167)
org.openqa.selenium.remote.codec.w3c.W3CHttpResponseCodec.decode(W3CHttpResponseCodec.java:138)
org.openqa.selenium.remote.codec.w3c.W3CHttpResponseCodec.decode(W3CHttpResponseCodec.java:50)
org.openqa.selenium.remote.HttpCommandExecutor.execute(HttpCommandExecutor.java:215)
org.openqa.selenium.remote.service.DriverCommandExecutor.invokeExecute(DriverCommandExecutor.java:216)
org.openqa.selenium.remote.service.DriverCommandExecutor.execute(DriverCommandExecutor.java:174)
org.openqa.selenium.remote.RemoteWebDriver.execute(RemoteWebDriver.java:545)
org.openqa.selenium.remote.RemoteWebElement.execute(RemoteWebElement.java:223)
org.openqa.selenium.remote.RemoteWebElement.click(RemoteWebElement.java:76)
com.JodaynDemo.pages.Products.addProductsToCart(Products.java:111)
com.JodaynDemo.tests.TC14_OrderPlaceRegisterDuringCheckout.verifyThatCartPageIsDisplayed(TC14_OrderPlaceRegisterDuringCheckout.java:58)
com.JodaynDemo.tests.TC24_InvoiceDownloadAfterPurchase.downloadInvoiceAfterPurchaseOrder(TC24_InvoiceDownloadAfterPurchase.java:48)
java.base/jdk.internal.reflect.DirectMethodHandleAccessor.invoke(DirectMethodHandleAccessor.java:103)
java.base/java.lang.reflect.Method.invoke(Method.java:580)
org.testng.internal.invokers.MethodInvocationHelper.invokeMethod(MethodInvocationHelper.java:141)
org.testng.internal.invokers.TestInvoker.invokeMethod(TestInvoker.java:687)
org.testng.internal.invokers.TestInvoker.invokeTestMethod(TestInvoker.java:230)
org.testng.internal.invokers.MethodRunner.runInSequence(MethodRunner.java:63)
org.testng.internal.invokers.TestInvoker$MethodInvocationAgent.invoke(TestInvoker.java:995)
org.testng.internal.invokers.TestInvoker.invokeTestMethods(TestInvoker.java:203)
org.testng.internal.invokers.TestMethodWorker.invokeTestMethods(TestMethodWorker.java:154)
org.testng.internal.invokers.TestMethodWorker.run(TestMethodWorker.java:134)
java.base/java.util.concurrent.Executors$RunnableAdapter.call(Executors.java:572)
java.base/java.util.concurrent.FutureTask.run(FutureTask.java:317)
org.testng.internal.thread.graph.TestNGFutureTask.run(TestNGFutureTask.java:22)
java.base/java.util.concurrent.ThreadPoolExecutor.runWorker(ThreadPoolExecutor.java:1144)
java.base/java.util.concurrent.ThreadPoolExecutor$Worker.run(ThreadPoolExecutor.java:642)
java.base/java.lang.Thread.run(Thread.java:1583)
Test Failed: verifyScrollUpUsingArrowButtonAndScrollDownFunctionality - com.JodaynDemo.tests.TC25_ScrollUpandScrollDown
Error: java.lang.ClassCastException: class java.lang.Long cannot be cast to class java.lang.Double (java.lang.Long and java.lang.Double are in module java.base of loader 'bootstrap')
com.JodaynDemo.tests.TC25_ScrollUpandScrollDown.verifyThatPageIsScrolledUpAndFullFledgedPracticeWebsiteForAutomationEngineersTextIsVisibleOnScreen(TC25_ScrollUpandScrollDown.java:47)
com.JodaynDemo.tests.TC25_ScrollUpandScrollDown.verifyScrollUpUsingArrowButtonAndScrollDownFunctionality(TC25_ScrollUpandScrollDown.java:27)
java.base/jdk.internal.reflect.DirectMethodHandleAccessor.invoke(DirectMethodHandleAccessor.java:103)
java.base/java.lang.reflect.Method.invoke(Method.java:580)
org.testng.internal.invokers.MethodInvocationHelper.invokeMethod(MethodInvocationHelper.java:141)
org.testng.internal.invokers.TestInvoker.invokeMethod(TestInvoker.java:687)
org.testng.internal.invokers.TestInvoker.invokeTestMethod(TestInvoker.java:230)
org.testng.internal.invokers.MethodRunner.runInSequence(MethodRunner.java:63)
org.testng.internal.invokers.TestInvoker$MethodInvocationAgent.invoke(TestInvoker.java:995)
org.testng.internal.invokers.TestInvoker.invokeTestMethods(TestInvoker.java:203)
org.testng.internal.invokers.TestMethodWorker.invokeTestMethods(TestMethodWorker.java:154)
org.testng.internal.invokers.TestMethodWorker.run(TestMethodWorker.java:134)
java.base/java.util.concurrent.Executors$RunnableAdapter.call(Executors.java:572)
java.base/java.util.concurrent.FutureTask.run(FutureTask.java:317)
org.testng.internal.thread.graph.TestNGFutureTask.run(TestNGFutureTask.java:22)
java.base/java.util.concurrent.ThreadPoolExecutor.runWorker(ThreadPoolExecutor.java:1144)
java.base/java.util.concurrent.ThreadPoolExecutor$Worker.run(ThreadPoolExecutor.java:642)
java.base/java.lang.Thread.run(Thread.java:1583)
Test Failed: searchProductsAndVerifyCartAfterLogin - com.JodaynDemo.tests.TC20_ProductSearchAndCartValidationAfterLogin
Error: org.openqa.selenium.NoSuchElementException: no such element: Unable to locate element: {"method":"css selector","selector":"a[href='/products']"}
  (Session info: chrome=135.0.7049.115)
For documentation on this error, please visit: https://www.selenium.dev/documentation/webdriver/troubleshooting/errors#no-such-element-exception
Build info: version: '4.31.0', revision: '1ef9f18787*'
System info: os.name: 'Windows 10', os.arch: 'amd64', os.version: '10.0', java.version: '21.0.6'
Driver info: org.openqa.selenium.chrome.ChromeDriver
Command: [2c2df33e789b490ca5ea0fd1b59b201a, findElement {using=css selector, value=a[href='/products']}]
Capabilities {acceptInsecureCerts: false, browserName: chrome, browserVersion: 135.0.7049.115, chrome: {chromedriverVersion: 135.0.7049.114 (63fd8a7d9d0..., userDataDir: C:\Users\hydroweb\AppData\L...}, fedcm:accounts: true, goog:chromeOptions: {debuggerAddress: localhost:54180}, networkConnectionEnabled: false, pageLoadStrategy: normal, platformName: windows, proxy: Proxy(), se:cdp: ws://localhost:54180/devtoo..., se:cdpVersion: 135.0.7049.115, setWindowRect: true, strictFileInteractability: false, timeouts: {implicit: 0, pageLoad: 300000, script: 30000}, unhandledPromptBehavior: dismiss and notify, webauthn:extension:credBlob: true, webauthn:extension:largeBlob: true, webauthn:extension:minPinLength: true, webauthn:extension:prf: true, webauthn:virtualAuthenticators: true}
Session ID: 2c2df33e789b490ca5ea0fd1b59b201a
java.base/jdk.internal.reflect.DirectConstructorHandleAccessor.newInstance(DirectConstructorHandleAccessor.java:62)
java.base/java.lang.reflect.Constructor.newInstanceWithCaller(Constructor.java:502)
java.base/java.lang.reflect.Constructor.newInstance(Constructor.java:486)
org.openqa.selenium.remote.ErrorCodec.decode(ErrorCodec.java:167)
org.openqa.selenium.remote.codec.w3c.W3CHttpResponseCodec.decode(W3CHttpResponseCodec.java:138)
org.openqa.selenium.remote.codec.w3c.W3CHttpResponseCodec.decode(W3CHttpResponseCodec.java:50)
org.openqa.selenium.remote.HttpCommandExecutor.execute(HttpCommandExecutor.java:215)
org.openqa.selenium.remote.service.DriverCommandExecutor.invokeExecute(DriverCommandExecutor.java:216)
org.openqa.selenium.remote.service.DriverCommandExecutor.execute(DriverCommandExecutor.java:174)
org.openqa.selenium.remote.RemoteWebDriver.execute(RemoteWebDriver.java:545)
org.openqa.selenium.remote.ElementLocation$ElementFinder$2.findElement(ElementLocation.java:165)
org.openqa.selenium.remote.ElementLocation.findElement(ElementLocation.java:59)
org.openqa.selenium.remote.RemoteWebDriver.findElement(RemoteWebDriver.java:368)
org.openqa.selenium.remote.RemoteWebDriver.findElement(RemoteWebDriver.java:362)
com.JodaynDemo.pages.Home.productsButton(Home.java:34)
com.JodaynDemo.pages.Home.productsButtonClick(Home.java:121)
com.JodaynDemo.tests.TC8_ProductAndProductDetailsValidation.verifyUserIsNavigatedToAllProductsPageSuccessfully(TC8_ProductAndProductDetailsValidation.java:37)
com.JodaynDemo.tests.TC20_ProductSearchAndCartValidationAfterLogin.searchProductsAndVerifyCartAfterLogin(TC20_ProductSearchAndCartValidationAfterLogin.java:39)
java.base/jdk.internal.reflect.DirectMethodHandleAccessor.invoke(DirectMethodHandleAccessor.java:103)
java.base/java.lang.reflect.Method.invoke(Method.java:580)
org.testng.internal.invokers.MethodInvocationHelper.invokeMethod(MethodInvocationHelper.java:141)
org.testng.internal.invokers.TestInvoker.invokeMethod(TestInvoker.java:687)
org.testng.internal.invokers.TestInvoker.invokeTestMethod(TestInvoker.java:230)
org.testng.internal.invokers.MethodRunner.runInSequence(MethodRunner.java:63)
org.testng.internal.invokers.TestInvoker$MethodInvocationAgent.invoke(TestInvoker.java:995)
org.testng.internal.invokers.TestInvoker.invokeTestMethods(TestInvoker.java:203)
org.testng.internal.invokers.TestMethodWorker.invokeTestMethods(TestMethodWorker.java:154)
org.testng.internal.invokers.TestMethodWorker.run(TestMethodWorker.java:134)
java.base/java.util.concurrent.Executors$RunnableAdapter.call(Executors.java:572)
java.base/java.util.concurrent.FutureTask.run(FutureTask.java:317)
org.testng.internal.thread.graph.TestNGFutureTask.run(TestNGFutureTask.java:22)
java.base/java.util.concurrent.ThreadPoolExecutor.runWorker(ThreadPoolExecutor.java:1144)
java.base/java.util.concurrent.ThreadPoolExecutor$Worker.run(ThreadPoolExecutor.java:642)
java.base/java.lang.Thread.run(Thread.java:1583)
Test Failed: verifyScrollUpUsingArrowButtonAndScrollDownFunctionality - com.JodaynDemo.tests.TC25_ScrollUpandScrollDown
Error: org.openqa.selenium.NoSuchElementException: no such element: Unable to locate element: {"method":"css selector","selector":"div.item.active img[alt='demo website for practice']"}
  (Session info: chrome=135.0.7049.115)
For documentation on this error, please visit: https://www.selenium.dev/documentation/webdriver/troubleshooting/errors#no-such-element-exception
Build info: version: '4.31.0', revision: '1ef9f18787*'
System info: os.name: 'Windows 10', os.arch: 'amd64', os.version: '10.0', java.version: '21.0.6'
Driver info: org.openqa.selenium.chrome.ChromeDriver
Command: [2c64759cc9d18ee83de347f292f7d3bc, findElement {using=css selector, value=div.item.active img[alt='demo website for practice']}]
Capabilities {acceptInsecureCerts: false, browserName: chrome, browserVersion: 135.0.7049.115, chrome: {chromedriverVersion: 135.0.7049.114 (63fd8a7d9d0..., userDataDir: C:\Users\hydroweb\AppData\L...}, fedcm:accounts: true, goog:chromeOptions: {debuggerAddress: localhost:54199}, networkConnectionEnabled: false, pageLoadStrategy: normal, platformName: windows, proxy: Proxy(), se:cdp: ws://localhost:54199/devtoo..., se:cdpVersion: 135.0.7049.115, setWindowRect: true, strictFileInteractability: false, timeouts: {implicit: 0, pageLoad: 300000, script: 30000}, unhandledPromptBehavior: dismiss and notify, webauthn:extension:credBlob: true, webauthn:extension:largeBlob: true, webauthn:extension:minPinLength: true, webauthn:extension:prf: true, webauthn:virtualAuthenticators: true}
Session ID: 2c64759cc9d18ee83de347f292f7d3bc
java.base/jdk.internal.reflect.DirectConstructorHandleAccessor.newInstance(DirectConstructorHandleAccessor.java:62)
java.base/java.lang.reflect.Constructor.newInstanceWithCaller(Constructor.java:502)
java.base/java.lang.reflect.Constructor.newInstance(Constructor.java:486)
org.openqa.selenium.remote.ErrorCodec.decode(ErrorCodec.java:167)
org.openqa.selenium.remote.codec.w3c.W3CHttpResponseCodec.decode(W3CHttpResponseCodec.java:138)
org.openqa.selenium.remote.codec.w3c.W3CHttpResponseCodec.decode(W3CHttpResponseCodec.java:50)
org.openqa.selenium.remote.HttpCommandExecutor.execute(HttpCommandExecutor.java:215)
org.openqa.selenium.remote.service.DriverCommandExecutor.invokeExecute(DriverCommandExecutor.java:216)
org.openqa.selenium.remote.service.DriverCommandExecutor.execute(DriverCommandExecutor.java:174)
org.openqa.selenium.remote.RemoteWebDriver.execute(RemoteWebDriver.java:545)
org.openqa.selenium.remote.ElementLocation$ElementFinder$2.findElement(ElementLocation.java:165)
org.openqa.selenium.remote.ElementLocation.findElement(ElementLocation.java:59)
org.openqa.selenium.remote.RemoteWebDriver.findElement(RemoteWebDriver.java:368)
org.openqa.selenium.remote.RemoteWebDriver.findElement(RemoteWebDriver.java:362)
com.JodaynDemo.pages.Home.girlImgResponsive(Home.java:18)
com.JodaynDemo.pages.Home.homePageIsVisible(Home.java:102)
com.JodaynDemo.tests.TC1_UserRegistration.verifyThatHomePageIsVisibleSuccessfully(TC1_UserRegistration.java:53)
com.JodaynDemo.tests.TC25_ScrollUpandScrollDown.verifyScrollUpUsingArrowButtonAndScrollDownFunctionality(TC25_ScrollUpandScrollDown.java:25)
java.base/jdk.internal.reflect.DirectMethodHandleAccessor.invoke(DirectMethodHandleAccessor.java:103)
java.base/java.lang.reflect.Method.invoke(Method.java:580)
org.testng.internal.invokers.MethodInvocationHelper.invokeMethod(MethodInvocationHelper.java:141)
org.testng.internal.invokers.TestInvoker.invokeMethod(TestInvoker.java:687)
org.testng.internal.invokers.TestInvoker.invokeTestMethod(TestInvoker.java:230)
org.testng.internal.invokers.MethodRunner.runInSequence(MethodRunner.java:63)
org.testng.internal.invokers.TestInvoker$MethodInvocationAgent.invoke(TestInvoker.java:995)
org.testng.internal.invokers.TestInvoker.invokeTestMethods(TestInvoker.java:203)
org.testng.internal.invokers.TestMethodWorker.invokeTestMethods(TestMethodWorker.java:154)
org.testng.internal.invokers.TestMethodWorker.run(TestMethodWorker.java:134)
java.base/java.util.concurrent.Executors$RunnableAdapter.call(Executors.java:572)
java.base/java.util.concurrent.FutureTask.run(FutureTask.java:317)
org.testng.internal.thread.graph.TestNGFutureTask.run(TestNGFutureTask.java:22)
java.base/java.util.concurrent.ThreadPoolExecutor.runWorker(ThreadPoolExecutor.java:1144)
java.base/java.util.concurrent.ThreadPoolExecutor$Worker.run(ThreadPoolExecutor.java:642)
java.base/java.lang.Thread.run(Thread.java:1583)
Test Failed: verifyScrollUpUsingArrowButtonAndScrollDownFunctionality - com.JodaynDemo.tests.TC25_ScrollUpandScrollDown
Error: java.lang.ClassCastException: class java.lang.Long cannot be cast to class java.lang.Double (java.lang.Long and java.lang.Double are in module java.base of loader 'bootstrap')
com.JodaynDemo.tests.TC25_ScrollUpandScrollDown.verifyThatPageIsScrolledUpAndFullFledgedPracticeWebsiteForAutomationEngineersTextIsVisibleOnScreen(TC25_ScrollUpandScrollDown.java:47)
com.JodaynDemo.tests.TC25_ScrollUpandScrollDown.verifyScrollUpUsingArrowButtonAndScrollDownFunctionality(TC25_ScrollUpandScrollDown.java:27)
java.base/jdk.internal.reflect.DirectMethodHandleAccessor.invoke(DirectMethodHandleAccessor.java:103)
java.base/java.lang.reflect.Method.invoke(Method.java:580)
org.testng.internal.invokers.MethodInvocationHelper.invokeMethod(MethodInvocationHelper.java:141)
org.testng.internal.invokers.TestInvoker.invokeMethod(TestInvoker.java:687)
org.testng.internal.invokers.TestInvoker.invokeTestMethod(TestInvoker.java:230)
org.testng.internal.invokers.MethodRunner.runInSequence(MethodRunner.java:63)
org.testng.internal.invokers.TestInvoker$MethodInvocationAgent.invoke(TestInvoker.java:995)
org.testng.internal.invokers.TestInvoker.invokeTestMethods(TestInvoker.java:203)
org.testng.internal.invokers.TestMethodWorker.invokeTestMethods(TestMethodWorker.java:154)
org.testng.internal.invokers.TestMethodWorker.run(TestMethodWorker.java:134)
java.base/java.util.concurrent.Executors$RunnableAdapter.call(Executors.java:572)
java.base/java.util.concurrent.FutureTask.run(FutureTask.java:317)
org.testng.internal.thread.graph.TestNGFutureTask.run(TestNGFutureTask.java:22)
java.base/java.util.concurrent.ThreadPoolExecutor.runWorker(ThreadPoolExecutor.java:1144)
java.base/java.util.concurrent.ThreadPoolExecutor$Worker.run(ThreadPoolExecutor.java:642)
java.base/java.lang.Thread.run(Thread.java:1583)
Test Failed: searchProductsAndVerifyCartAfterLogin - com.JodaynDemo.tests.TC20_ProductSearchAndCartValidationAfterLogin
Error: java.lang.AssertionError: Verify that products are visible in cart expected [Blue Cotton Indie Mickey Dress] but found [Blue  Cotton Indie Mickey  Dress]
org.testng.Assert.fail(Assert.java:111)
org.testng.Assert.failNotEquals(Assert.java:1590)
org.testng.Assert.assertEqualsImpl(Assert.java:150)
org.testng.Assert.assertEquals(Assert.java:132)
org.testng.Assert.assertEquals(Assert.java:656)
com.JodaynDemo.tests.TC20_ProductSearchAndCartValidationAfterLogin.clickCartButtonAndVerifyThatProductsAreVisibleInCart(TC20_ProductSearchAndCartValidationAfterLogin.java:57)
com.JodaynDemo.tests.TC20_ProductSearchAndCartValidationAfterLogin.searchProductsAndVerifyCartAfterLogin(TC20_ProductSearchAndCartValidationAfterLogin.java:43)
java.base/jdk.internal.reflect.DirectMethodHandleAccessor.invoke(DirectMethodHandleAccessor.java:103)
java.base/java.lang.reflect.Method.invoke(Method.java:580)
org.testng.internal.invokers.MethodInvocationHelper.invokeMethod(MethodInvocationHelper.java:141)
org.testng.internal.invokers.TestInvoker.invokeMethod(TestInvoker.java:687)
org.testng.internal.invokers.TestInvoker.invokeTestMethod(TestInvoker.java:230)
org.testng.internal.invokers.MethodRunner.runInSequence(MethodRunner.java:63)
org.testng.internal.invokers.TestInvoker$MethodInvocationAgent.invoke(TestInvoker.java:995)
org.testng.internal.invokers.TestInvoker.invokeTestMethods(TestInvoker.java:203)
org.testng.internal.invokers.TestMethodWorker.invokeTestMethods(TestMethodWorker.java:154)
org.testng.internal.invokers.TestMethodWorker.run(TestMethodWorker.java:134)
java.base/java.util.concurrent.Executors$RunnableAdapter.call(Executors.java:572)
java.base/java.util.concurrent.FutureTask.run(FutureTask.java:317)
org.testng.internal.thread.graph.TestNGFutureTask.run(TestNGFutureTask.java:22)
java.base/java.util.concurrent.ThreadPoolExecutor.runWorker(ThreadPoolExecutor.java:1144)
java.base/java.util.concurrent.ThreadPoolExecutor$Worker.run(ThreadPoolExecutor.java:642)
java.base/java.lang.Thread.run(Thread.java:1583)
Test Failed: verifyScrollUpUsingArrowButtonAndScrollDownFunctionality - com.JodaynDemo.tests.TC25_ScrollUpandScrollDown
Error: java.lang.ClassCastException: class java.lang.Long cannot be cast to class java.lang.Double (java.lang.Long and java.lang.Double are in module java.base of loader 'bootstrap')
com.JodaynDemo.tests.TC25_ScrollUpandScrollDown.verifyThatPageIsScrolledUpAndFullFledgedPracticeWebsiteForAutomationEngineersTextIsVisibleOnScreen(TC25_ScrollUpandScrollDown.java:47)
com.JodaynDemo.tests.TC25_ScrollUpandScrollDown.verifyScrollUpUsingArrowButtonAndScrollDownFunctionality(TC25_ScrollUpandScrollDown.java:27)
java.base/jdk.internal.reflect.DirectMethodHandleAccessor.invoke(DirectMethodHandleAccessor.java:103)
java.base/java.lang.reflect.Method.invoke(Method.java:580)
org.testng.internal.invokers.MethodInvocationHelper.invokeMethod(MethodInvocationHelper.java:141)
org.testng.internal.invokers.TestInvoker.invokeMethod(TestInvoker.java:687)
org.testng.internal.invokers.TestInvoker.invokeTestMethod(TestInvoker.java:230)
org.testng.internal.invokers.MethodRunner.runInSequence(MethodRunner.java:63)
org.testng.internal.invokers.TestInvoker$MethodInvocationAgent.invoke(TestInvoker.java:995)
org.testng.internal.invokers.TestInvoker.invokeTestMethods(TestInvoker.java:203)
org.testng.internal.invokers.TestMethodWorker.invokeTestMethods(TestMethodWorker.java:154)
org.testng.internal.invokers.TestMethodWorker.run(TestMethodWorker.java:134)
java.base/java.util.concurrent.Executors$RunnableAdapter.call(Executors.java:572)
java.base/java.util.concurrent.FutureTask.run(FutureTask.java:317)
org.testng.internal.thread.graph.TestNGFutureTask.run(TestNGFutureTask.java:22)
java.base/java.util.concurrent.ThreadPoolExecutor.runWorker(ThreadPoolExecutor.java:1144)
java.base/java.util.concurrent.ThreadPoolExecutor$Worker.run(ThreadPoolExecutor.java:642)
java.base/java.lang.Thread.run(Thread.java:1583)
Test Failed: searchProductsAndVerifyCartAfterLogin - com.JodaynDemo.tests.TC20_ProductSearchAndCartValidationAfterLogin
Error: java.lang.AssertionError: Verify that products are visible in cart expected [Blue Cotton Indie Mickey Dress] but found [Blue  Cotton Indie Mickey  Dress]
org.testng.Assert.fail(Assert.java:111)
org.testng.Assert.failNotEquals(Assert.java:1590)
org.testng.Assert.assertEqualsImpl(Assert.java:150)
org.testng.Assert.assertEquals(Assert.java:132)
org.testng.Assert.assertEquals(Assert.java:656)
com.JodaynDemo.tests.TC20_ProductSearchAndCartValidationAfterLogin.clickCartButtonAndVerifyThatProductsAreVisibleInCart(TC20_ProductSearchAndCartValidationAfterLogin.java:57)
com.JodaynDemo.tests.TC20_ProductSearchAndCartValidationAfterLogin.searchProductsAndVerifyCartAfterLogin(TC20_ProductSearchAndCartValidationAfterLogin.java:43)
java.base/jdk.internal.reflect.DirectMethodHandleAccessor.invoke(DirectMethodHandleAccessor.java:103)
java.base/java.lang.reflect.Method.invoke(Method.java:580)
org.testng.internal.invokers.MethodInvocationHelper.invokeMethod(MethodInvocationHelper.java:141)
org.testng.internal.invokers.TestInvoker.invokeMethod(TestInvoker.java:687)
org.testng.internal.invokers.TestInvoker.invokeTestMethod(TestInvoker.java:230)
org.testng.internal.invokers.MethodRunner.runInSequence(MethodRunner.java:63)
org.testng.internal.invokers.TestInvoker$MethodInvocationAgent.invoke(TestInvoker.java:995)
org.testng.internal.invokers.TestInvoker.invokeTestMethods(TestInvoker.java:203)
org.testng.internal.invokers.TestMethodWorker.invokeTestMethods(TestMethodWorker.java:154)
org.testng.internal.invokers.TestMethodWorker.run(TestMethodWorker.java:134)
java.base/java.util.concurrent.Executors$RunnableAdapter.call(Executors.java:572)
java.base/java.util.concurrent.FutureTask.run(FutureTask.java:317)
org.testng.internal.thread.graph.TestNGFutureTask.run(TestNGFutureTask.java:22)
java.base/java.util.concurrent.ThreadPoolExecutor.runWorker(ThreadPoolExecutor.java:1144)
java.base/java.util.concurrent.ThreadPoolExecutor$Worker.run(ThreadPoolExecutor.java:642)
java.base/java.lang.Thread.run(Thread.java:1583)
Test Failed: searchProductsAndVerifyCartAfterLogin - com.JodaynDemo.tests.TC20_ProductSearchAndCartValidationAfterLogin
Error: java.lang.AssertionError: Verify that products are visible in cart expected [Blue  Cotton Indie Mickey  Dress] but found [Blue Top]
org.testng.Assert.fail(Assert.java:111)
org.testng.Assert.failNotEquals(Assert.java:1590)
org.testng.Assert.assertEqualsImpl(Assert.java:150)
org.testng.Assert.assertEquals(Assert.java:132)
org.testng.Assert.assertEquals(Assert.java:656)
com.JodaynDemo.tests.TC20_ProductSearchAndCartValidationAfterLogin.clickCartButtonAndVerifyThatProductsAreVisibleInCart(TC20_ProductSearchAndCartValidationAfterLogin.java:57)
com.JodaynDemo.tests.TC20_ProductSearchAndCartValidationAfterLogin.searchProductsAndVerifyCartAfterLogin(TC20_ProductSearchAndCartValidationAfterLogin.java:43)
java.base/jdk.internal.reflect.DirectMethodHandleAccessor.invoke(DirectMethodHandleAccessor.java:103)
java.base/java.lang.reflect.Method.invoke(Method.java:580)
org.testng.internal.invokers.MethodInvocationHelper.invokeMethod(MethodInvocationHelper.java:141)
org.testng.internal.invokers.TestInvoker.invokeMethod(TestInvoker.java:687)
org.testng.internal.invokers.TestInvoker.invokeTestMethod(TestInvoker.java:230)
org.testng.internal.invokers.MethodRunner.runInSequence(MethodRunner.java:63)
org.testng.internal.invokers.TestInvoker$MethodInvocationAgent.invoke(TestInvoker.java:995)
org.testng.internal.invokers.TestInvoker.invokeTestMethods(TestInvoker.java:203)
org.testng.internal.invokers.TestMethodWorker.invokeTestMethods(TestMethodWorker.java:154)
org.testng.internal.invokers.TestMethodWorker.run(TestMethodWorker.java:134)
java.base/java.util.concurrent.Executors$RunnableAdapter.call(Executors.java:572)
java.base/java.util.concurrent.FutureTask.run(FutureTask.java:317)
org.testng.internal.thread.graph.TestNGFutureTask.run(TestNGFutureTask.java:22)
java.base/java.util.concurrent.ThreadPoolExecutor.runWorker(ThreadPoolExecutor.java:1144)
java.base/java.util.concurrent.ThreadPoolExecutor$Worker.run(ThreadPoolExecutor.java:642)
java.base/java.lang.Thread.run(Thread.java:1583)
Test Failed: searchProductsAndVerifyCartAfterLogin - com.JodaynDemo.tests.TC20_ProductSearchAndCartValidationAfterLogin
Error: java.lang.AssertionError: Verify that products are visible in cart expected [Blue  Cotton] but found [Blue Top]
org.testng.Assert.fail(Assert.java:111)
org.testng.Assert.failNotEquals(Assert.java:1590)
org.testng.Assert.assertEqualsImpl(Assert.java:150)
org.testng.Assert.assertEquals(Assert.java:132)
org.testng.Assert.assertEquals(Assert.java:656)
com.JodaynDemo.tests.TC20_ProductSearchAndCartValidationAfterLogin.clickCartButtonAndVerifyThatProductsAreVisibleInCart(TC20_ProductSearchAndCartValidationAfterLogin.java:57)
com.JodaynDemo.tests.TC20_ProductSearchAndCartValidationAfterLogin.searchProductsAndVerifyCartAfterLogin(TC20_ProductSearchAndCartValidationAfterLogin.java:43)
java.base/jdk.internal.reflect.DirectMethodHandleAccessor.invoke(DirectMethodHandleAccessor.java:103)
java.base/java.lang.reflect.Method.invoke(Method.java:580)
org.testng.internal.invokers.MethodInvocationHelper.invokeMethod(MethodInvocationHelper.java:141)
org.testng.internal.invokers.TestInvoker.invokeMethod(TestInvoker.java:687)
org.testng.internal.invokers.TestInvoker.invokeTestMethod(TestInvoker.java:230)
org.testng.internal.invokers.MethodRunner.runInSequence(MethodRunner.java:63)
org.testng.internal.invokers.TestInvoker$MethodInvocationAgent.invoke(TestInvoker.java:995)
org.testng.internal.invokers.TestInvoker.invokeTestMethods(TestInvoker.java:203)
org.testng.internal.invokers.TestMethodWorker.invokeTestMethods(TestMethodWorker.java:154)
org.testng.internal.invokers.TestMethodWorker.run(TestMethodWorker.java:134)
java.base/java.util.concurrent.Executors$RunnableAdapter.call(Executors.java:572)
java.base/java.util.concurrent.FutureTask.run(FutureTask.java:317)
org.testng.internal.thread.graph.TestNGFutureTask.run(TestNGFutureTask.java:22)
java.base/java.util.concurrent.ThreadPoolExecutor.runWorker(ThreadPoolExecutor.java:1144)
java.base/java.util.concurrent.ThreadPoolExecutor$Worker.run(ThreadPoolExecutor.java:642)
java.base/java.lang.Thread.run(Thread.java:1583)
Test Failed: searchProductsAndVerifyCartAfterLogin - com.JodaynDemo.tests.TC20_ProductSearchAndCartValidationAfterLogin
Error: java.lang.AssertionError: Verify that products are visible in cart expected [Blue Top] but found [Sleeves Top and Short - Blue & Pink]
org.testng.Assert.fail(Assert.java:111)
org.testng.Assert.failNotEquals(Assert.java:1590)
org.testng.Assert.assertEqualsImpl(Assert.java:150)
org.testng.Assert.assertEquals(Assert.java:132)
org.testng.Assert.assertEquals(Assert.java:656)
com.JodaynDemo.tests.TC20_ProductSearchAndCartValidationAfterLogin.clickCartButtonAndVerifyThatProductsAreVisibleInCart(TC20_ProductSearchAndCartValidationAfterLogin.java:57)
com.JodaynDemo.tests.TC20_ProductSearchAndCartValidationAfterLogin.searchProductsAndVerifyCartAfterLogin(TC20_ProductSearchAndCartValidationAfterLogin.java:43)
java.base/jdk.internal.reflect.DirectMethodHandleAccessor.invoke(DirectMethodHandleAccessor.java:103)
java.base/java.lang.reflect.Method.invoke(Method.java:580)
org.testng.internal.invokers.MethodInvocationHelper.invokeMethod(MethodInvocationHelper.java:141)
org.testng.internal.invokers.TestInvoker.invokeMethod(TestInvoker.java:687)
org.testng.internal.invokers.TestInvoker.invokeTestMethod(TestInvoker.java:230)
org.testng.internal.invokers.MethodRunner.runInSequence(MethodRunner.java:63)
org.testng.internal.invokers.TestInvoker$MethodInvocationAgent.invoke(TestInvoker.java:995)
org.testng.internal.invokers.TestInvoker.invokeTestMethods(TestInvoker.java:203)
org.testng.internal.invokers.TestMethodWorker.invokeTestMethods(TestMethodWorker.java:154)
org.testng.internal.invokers.TestMethodWorker.run(TestMethodWorker.java:134)
java.base/java.util.concurrent.Executors$RunnableAdapter.call(Executors.java:572)
java.base/java.util.concurrent.FutureTask.run(FutureTask.java:317)
org.testng.internal.thread.graph.TestNGFutureTask.run(TestNGFutureTask.java:22)
java.base/java.util.concurrent.ThreadPoolExecutor.runWorker(ThreadPoolExecutor.java:1144)
java.base/java.util.concurrent.ThreadPoolExecutor$Worker.run(ThreadPoolExecutor.java:642)
java.base/java.lang.Thread.run(Thread.java:1583)
Test Failed: searchProductsAndVerifyCartAfterLogin - com.JodaynDemo.tests.TC20_ProductSearchAndCartValidationAfterLogin
Error: java.lang.AssertionError: Verify that products are visible in cart expected [Blue Top] but found [Sleeves Top and Short - Blue & Pink]
org.testng.Assert.fail(Assert.java:111)
org.testng.Assert.failNotEquals(Assert.java:1590)
org.testng.Assert.assertEqualsImpl(Assert.java:150)
org.testng.Assert.assertEquals(Assert.java:132)
org.testng.Assert.assertEquals(Assert.java:656)
com.JodaynDemo.tests.TC20_ProductSearchAndCartValidationAfterLogin.clickCartButtonAndVerifyThatProductsAreVisibleInCart(TC20_ProductSearchAndCartValidationAfterLogin.java:57)
com.JodaynDemo.tests.TC20_ProductSearchAndCartValidationAfterLogin.searchProductsAndVerifyCartAfterLogin(TC20_ProductSearchAndCartValidationAfterLogin.java:43)
java.base/jdk.internal.reflect.DirectMethodHandleAccessor.invoke(DirectMethodHandleAccessor.java:103)
java.base/java.lang.reflect.Method.invoke(Method.java:580)
org.testng.internal.invokers.MethodInvocationHelper.invokeMethod(MethodInvocationHelper.java:141)
org.testng.internal.invokers.TestInvoker.invokeMethod(TestInvoker.java:687)
org.testng.internal.invokers.TestInvoker.invokeTestMethod(TestInvoker.java:230)
org.testng.internal.invokers.MethodRunner.runInSequence(MethodRunner.java:63)
org.testng.internal.invokers.TestInvoker$MethodInvocationAgent.invoke(TestInvoker.java:995)
org.testng.internal.invokers.TestInvoker.invokeTestMethods(TestInvoker.java:203)
org.testng.internal.invokers.TestMethodWorker.invokeTestMethods(TestMethodWorker.java:154)
org.testng.internal.invokers.TestMethodWorker.run(TestMethodWorker.java:134)
java.base/java.util.concurrent.Executors$RunnableAdapter.call(Executors.java:572)
java.base/java.util.concurrent.FutureTask.run(FutureTask.java:317)
org.testng.internal.thread.graph.TestNGFutureTask.run(TestNGFutureTask.java:22)
java.base/java.util.concurrent.ThreadPoolExecutor.runWorker(ThreadPoolExecutor.java:1144)
java.base/java.util.concurrent.ThreadPoolExecutor$Worker.run(ThreadPoolExecutor.java:642)
java.base/java.lang.Thread.run(Thread.java:1583)
Test Failed: searchProductsAndVerifyCartAfterLogin - com.JodaynDemo.tests.TC20_ProductSearchAndCartValidationAfterLogin
Error: java.lang.AssertionError: Verify that products are visible in cart expected [Sleeves Top and Short - Blue & Pink] but found [Blue Top]
org.testng.Assert.fail(Assert.java:111)
org.testng.Assert.failNotEquals(Assert.java:1590)
org.testng.Assert.assertEqualsImpl(Assert.java:150)
org.testng.Assert.assertEquals(Assert.java:132)
org.testng.Assert.assertEquals(Assert.java:656)
com.JodaynDemo.tests.TC20_ProductSearchAndCartValidationAfterLogin.clickCartButtonAndVerifyThatProductsAreVisibleInCart(TC20_ProductSearchAndCartValidationAfterLogin.java:57)
com.JodaynDemo.tests.TC20_ProductSearchAndCartValidationAfterLogin.searchProductsAndVerifyCartAfterLogin(TC20_ProductSearchAndCartValidationAfterLogin.java:43)
java.base/jdk.internal.reflect.DirectMethodHandleAccessor.invoke(DirectMethodHandleAccessor.java:103)
java.base/java.lang.reflect.Method.invoke(Method.java:580)
org.testng.internal.invokers.MethodInvocationHelper.invokeMethod(MethodInvocationHelper.java:141)
org.testng.internal.invokers.TestInvoker.invokeMethod(TestInvoker.java:687)
org.testng.internal.invokers.TestInvoker.invokeTestMethod(TestInvoker.java:230)
org.testng.internal.invokers.MethodRunner.runInSequence(MethodRunner.java:63)
org.testng.internal.invokers.TestInvoker$MethodInvocationAgent.invoke(TestInvoker.java:995)
org.testng.internal.invokers.TestInvoker.invokeTestMethods(TestInvoker.java:203)
org.testng.internal.invokers.TestMethodWorker.invokeTestMethods(TestMethodWorker.java:154)
org.testng.internal.invokers.TestMethodWorker.run(TestMethodWorker.java:134)
java.base/java.util.concurrent.Executors$RunnableAdapter.call(Executors.java:572)
java.base/java.util.concurrent.FutureTask.run(FutureTask.java:317)
org.testng.internal.thread.graph.TestNGFutureTask.run(TestNGFutureTask.java:22)
java.base/java.util.concurrent.ThreadPoolExecutor.runWorker(ThreadPoolExecutor.java:1144)
java.base/java.util.concurrent.ThreadPoolExecutor$Worker.run(ThreadPoolExecutor.java:642)
java.base/java.lang.Thread.run(Thread.java:1583)
Test Failed: searchProductsAndVerifyCartAfterLogin - com.JodaynDemo.tests.TC20_ProductSearchAndCartValidationAfterLogin
Error: java.lang.AssertionError: Verify that products are visible in cart expected [Sleeves Top and Short - Blue & Pink] but found [Blue Top]
org.testng.Assert.fail(Assert.java:111)
org.testng.Assert.failNotEquals(Assert.java:1590)
org.testng.Assert.assertEqualsImpl(Assert.java:150)
org.testng.Assert.assertEquals(Assert.java:132)
org.testng.Assert.assertEquals(Assert.java:656)
com.JodaynDemo.tests.TC20_ProductSearchAndCartValidationAfterLogin.clickCartButtonAndVerifyThatProductsAreVisibleInCart(TC20_ProductSearchAndCartValidationAfterLogin.java:57)
com.JodaynDemo.tests.TC20_ProductSearchAndCartValidationAfterLogin.searchProductsAndVerifyCartAfterLogin(TC20_ProductSearchAndCartValidationAfterLogin.java:43)
java.base/jdk.internal.reflect.DirectMethodHandleAccessor.invoke(DirectMethodHandleAccessor.java:103)
java.base/java.lang.reflect.Method.invoke(Method.java:580)
org.testng.internal.invokers.MethodInvocationHelper.invokeMethod(MethodInvocationHelper.java:141)
org.testng.internal.invokers.TestInvoker.invokeMethod(TestInvoker.java:687)
org.testng.internal.invokers.TestInvoker.invokeTestMethod(TestInvoker.java:230)
org.testng.internal.invokers.MethodRunner.runInSequence(MethodRunner.java:63)
org.testng.internal.invokers.TestInvoker$MethodInvocationAgent.invoke(TestInvoker.java:995)
org.testng.internal.invokers.TestInvoker.invokeTestMethods(TestInvoker.java:203)
org.testng.internal.invokers.TestMethodWorker.invokeTestMethods(TestMethodWorker.java:154)
org.testng.internal.invokers.TestMethodWorker.run(TestMethodWorker.java:134)
java.base/java.util.concurrent.Executors$RunnableAdapter.call(Executors.java:572)
java.base/java.util.concurrent.FutureTask.run(FutureTask.java:317)
org.testng.internal.thread.graph.TestNGFutureTask.run(TestNGFutureTask.java:22)
java.base/java.util.concurrent.ThreadPoolExecutor.runWorker(ThreadPoolExecutor.java:1144)
java.base/java.util.concurrent.ThreadPoolExecutor$Worker.run(ThreadPoolExecutor.java:642)
java.base/java.lang.Thread.run(Thread.java:1583)
Test Failed: searchProductsAndVerifyCartAfterLogin - com.JodaynDemo.tests.TC20_ProductSearchAndCartValidationAfterLogin
Error: java.lang.AssertionError: Verify that products are visible in cart expected [Sleeves Top and Short - Blue & Pink] but found [Blue Top]
org.testng.Assert.fail(Assert.java:111)
org.testng.Assert.failNotEquals(Assert.java:1590)
org.testng.Assert.assertEqualsImpl(Assert.java:150)
org.testng.Assert.assertEquals(Assert.java:132)
org.testng.Assert.assertEquals(Assert.java:656)
com.JodaynDemo.tests.TC20_ProductSearchAndCartValidationAfterLogin.clickCartButtonAndVerifyThatProductsAreVisibleInCart(TC20_ProductSearchAndCartValidationAfterLogin.java:57)
com.JodaynDemo.tests.TC20_ProductSearchAndCartValidationAfterLogin.searchProductsAndVerifyCartAfterLogin(TC20_ProductSearchAndCartValidationAfterLogin.java:43)
java.base/jdk.internal.reflect.DirectMethodHandleAccessor.invoke(DirectMethodHandleAccessor.java:103)
java.base/java.lang.reflect.Method.invoke(Method.java:580)
org.testng.internal.invokers.MethodInvocationHelper.invokeMethod(MethodInvocationHelper.java:141)
org.testng.internal.invokers.TestInvoker.invokeMethod(TestInvoker.java:687)
org.testng.internal.invokers.TestInvoker.invokeTestMethod(TestInvoker.java:230)
org.testng.internal.invokers.MethodRunner.runInSequence(MethodRunner.java:63)
org.testng.internal.invokers.TestInvoker$MethodInvocationAgent.invoke(TestInvoker.java:995)
org.testng.internal.invokers.TestInvoker.invokeTestMethods(TestInvoker.java:203)
org.testng.internal.invokers.TestMethodWorker.invokeTestMethods(TestMethodWorker.java:154)
org.testng.internal.invokers.TestMethodWorker.run(TestMethodWorker.java:134)
java.base/java.util.concurrent.Executors$RunnableAdapter.call(Executors.java:572)
java.base/java.util.concurrent.FutureTask.run(FutureTask.java:317)
org.testng.internal.thread.graph.TestNGFutureTask.run(TestNGFutureTask.java:22)
java.base/java.util.concurrent.ThreadPoolExecutor.runWorker(ThreadPoolExecutor.java:1144)
java.base/java.util.concurrent.ThreadPoolExecutor$Worker.run(ThreadPoolExecutor.java:642)
java.base/java.lang.Thread.run(Thread.java:1583)
Test Failed: searchProductsAndVerifyCartAfterLogin - com.JodaynDemo.tests.TC20_ProductSearchAndCartValidationAfterLogin
Error: java.lang.AssertionError: Verify that products are visible in cart expected [Sleeves Top and Short - Blue & Pink] but found [Blue Top]
org.testng.Assert.fail(Assert.java:111)
org.testng.Assert.failNotEquals(Assert.java:1590)
org.testng.Assert.assertEqualsImpl(Assert.java:150)
org.testng.Assert.assertEquals(Assert.java:132)
org.testng.Assert.assertEquals(Assert.java:656)
com.JodaynDemo.tests.TC20_ProductSearchAndCartValidationAfterLogin.clickCartButtonAndVerifyThatProductsAreVisibleInCart(TC20_ProductSearchAndCartValidationAfterLogin.java:56)
com.JodaynDemo.tests.TC20_ProductSearchAndCartValidationAfterLogin.searchProductsAndVerifyCartAfterLogin(TC20_ProductSearchAndCartValidationAfterLogin.java:43)
java.base/jdk.internal.reflect.DirectMethodHandleAccessor.invoke(DirectMethodHandleAccessor.java:103)
java.base/java.lang.reflect.Method.invoke(Method.java:580)
org.testng.internal.invokers.MethodInvocationHelper.invokeMethod(MethodInvocationHelper.java:141)
org.testng.internal.invokers.TestInvoker.invokeMethod(TestInvoker.java:687)
org.testng.internal.invokers.TestInvoker.invokeTestMethod(TestInvoker.java:230)
org.testng.internal.invokers.MethodRunner.runInSequence(MethodRunner.java:63)
org.testng.internal.invokers.TestInvoker$MethodInvocationAgent.invoke(TestInvoker.java:995)
org.testng.internal.invokers.TestInvoker.invokeTestMethods(TestInvoker.java:203)
org.testng.internal.invokers.TestMethodWorker.invokeTestMethods(TestMethodWorker.java:154)
org.testng.internal.invokers.TestMethodWorker.run(TestMethodWorker.java:134)
java.base/java.util.concurrent.Executors$RunnableAdapter.call(Executors.java:572)
java.base/java.util.concurrent.FutureTask.run(FutureTask.java:317)
org.testng.internal.thread.graph.TestNGFutureTask.run(TestNGFutureTask.java:22)
java.base/java.util.concurrent.ThreadPoolExecutor.runWorker(ThreadPoolExecutor.java:1144)
java.base/java.util.concurrent.ThreadPoolExecutor$Worker.run(ThreadPoolExecutor.java:642)
java.base/java.lang.Thread.run(Thread.java:1583)
Test Failed: verifyScrollUpUsingArrowButtonAndScrollDownFunctionality - com.JodaynDemo.tests.TC25_ScrollUpandScrollDown
Error: java.lang.ClassCastException: class java.lang.Long cannot be cast to class java.lang.Double (java.lang.Long and java.lang.Double are in module java.base of loader 'bootstrap')
com.JodaynDemo.tests.TC25_ScrollUpandScrollDown.verifyThatPageIsScrolledUpAndFullFledgedPracticeWebsiteForAutomationEngineersTextIsVisibleOnScreen(TC25_ScrollUpandScrollDown.java:47)
com.JodaynDemo.tests.TC25_ScrollUpandScrollDown.verifyScrollUpUsingArrowButtonAndScrollDownFunctionality(TC25_ScrollUpandScrollDown.java:27)
java.base/jdk.internal.reflect.DirectMethodHandleAccessor.invoke(DirectMethodHandleAccessor.java:103)
java.base/java.lang.reflect.Method.invoke(Method.java:580)
org.testng.internal.invokers.MethodInvocationHelper.invokeMethod(MethodInvocationHelper.java:141)
org.testng.internal.invokers.TestInvoker.invokeMethod(TestInvoker.java:687)
org.testng.internal.invokers.TestInvoker.invokeTestMethod(TestInvoker.java:230)
org.testng.internal.invokers.MethodRunner.runInSequence(MethodRunner.java:63)
org.testng.internal.invokers.TestInvoker$MethodInvocationAgent.invoke(TestInvoker.java:995)
org.testng.internal.invokers.TestInvoker.invokeTestMethods(TestInvoker.java:203)
org.testng.internal.invokers.TestMethodWorker.invokeTestMethods(TestMethodWorker.java:154)
org.testng.internal.invokers.TestMethodWorker.run(TestMethodWorker.java:134)
java.base/java.util.concurrent.Executors$RunnableAdapter.call(Executors.java:572)
java.base/java.util.concurrent.FutureTask.run(FutureTask.java:317)
org.testng.internal.thread.graph.TestNGFutureTask.run(TestNGFutureTask.java:22)
java.base/java.util.concurrent.ThreadPoolExecutor.runWorker(ThreadPoolExecutor.java:1144)
java.base/java.util.concurrent.ThreadPoolExecutor$Worker.run(ThreadPoolExecutor.java:642)
java.base/java.lang.Thread.run(Thread.java:1583)
Test Failed: verifyScrollUpUsingArrowButtonAndScrollDownFunctionality - com.JodaynDemo.tests.TC25_ScrollUpandScrollDown
Error: java.lang.AssertionError: expected object to not be null
org.testng.Assert.fail(Assert.java:111)
org.testng.Assert.assertNotNull(Assert.java:1496)
org.testng.Assert.assertNotNull(Assert.java:1480)
com.JodaynDemo.tests.TC25_ScrollUpandScrollDown.verifyThatPageIsScrolledUpAndFullFledgedPracticeWebsiteForAutomationEngineersTextIsVisibleOnScreen(TC25_ScrollUpandScrollDown.java:49)
com.JodaynDemo.tests.TC25_ScrollUpandScrollDown.verifyScrollUpUsingArrowButtonAndScrollDownFunctionality(TC25_ScrollUpandScrollDown.java:27)
java.base/jdk.internal.reflect.DirectMethodHandleAccessor.invoke(DirectMethodHandleAccessor.java:103)
java.base/java.lang.reflect.Method.invoke(Method.java:580)
org.testng.internal.invokers.MethodInvocationHelper.invokeMethod(MethodInvocationHelper.java:141)
org.testng.internal.invokers.TestInvoker.invokeMethod(TestInvoker.java:687)
org.testng.internal.invokers.TestInvoker.invokeTestMethod(TestInvoker.java:230)
org.testng.internal.invokers.MethodRunner.runInSequence(MethodRunner.java:63)
org.testng.internal.invokers.TestInvoker$MethodInvocationAgent.invoke(TestInvoker.java:995)
org.testng.internal.invokers.TestInvoker.invokeTestMethods(TestInvoker.java:203)
org.testng.internal.invokers.TestMethodWorker.invokeTestMethods(TestMethodWorker.java:154)
org.testng.internal.invokers.TestMethodWorker.run(TestMethodWorker.java:134)
java.base/java.util.concurrent.Executors$RunnableAdapter.call(Executors.java:572)
java.base/java.util.concurrent.FutureTask.run(FutureTask.java:317)
org.testng.internal.thread.graph.TestNGFutureTask.run(TestNGFutureTask.java:22)
java.base/java.util.concurrent.ThreadPoolExecutor.runWorker(ThreadPoolExecutor.java:1144)
java.base/java.util.concurrent.ThreadPoolExecutor$Worker.run(ThreadPoolExecutor.java:642)
java.base/java.lang.Thread.run(Thread.java:1583)
Test Failed: placeOrderLoginBeforeCheckout - com.JodaynDemo.tests.TC16_OrderPlaceLoginBeforeCheckout
Error: java.lang.AssertionError: Verify 'Logged in as username' at top expected [null] but found [Logged in as BilalTest1994]
org.testng.Assert.fail(Assert.java:111)
org.testng.Assert.failNotEquals(Assert.java:1590)
org.testng.Assert.assertEqualsImpl(Assert.java:150)
org.testng.Assert.assertEquals(Assert.java:132)
org.testng.Assert.assertEquals(Assert.java:656)
com.JodaynDemo.tests.TC16_OrderPlaceLoginBeforeCheckout.verifyLoggedInAsUsernameAtTop(TC16_OrderPlaceLoginBeforeCheckout.java:54)
com.JodaynDemo.tests.TC16_OrderPlaceLoginBeforeCheckout.placeOrderLoginBeforeCheckout(TC16_OrderPlaceLoginBeforeCheckout.java:42)
java.base/jdk.internal.reflect.DirectMethodHandleAccessor.invoke(DirectMethodHandleAccessor.java:103)
java.base/java.lang.reflect.Method.invoke(Method.java:580)
org.testng.internal.invokers.MethodInvocationHelper.invokeMethod(MethodInvocationHelper.java:141)
org.testng.internal.invokers.TestInvoker.invokeMethod(TestInvoker.java:687)
org.testng.internal.invokers.TestInvoker.invokeTestMethod(TestInvoker.java:230)
org.testng.internal.invokers.MethodRunner.runInSequence(MethodRunner.java:63)
org.testng.internal.invokers.TestInvoker$MethodInvocationAgent.invoke(TestInvoker.java:995)
org.testng.internal.invokers.TestInvoker.invokeTestMethods(TestInvoker.java:203)
org.testng.internal.invokers.TestMethodWorker.invokeTestMethods(TestMethodWorker.java:154)
org.testng.internal.invokers.TestMethodWorker.run(TestMethodWorker.java:134)
java.base/java.util.concurrent.Executors$RunnableAdapter.call(Executors.java:572)
java.base/java.util.concurrent.FutureTask.run(FutureTask.java:317)
org.testng.internal.thread.graph.TestNGFutureTask.run(TestNGFutureTask.java:22)
java.base/java.util.concurrent.ThreadPoolExecutor.runWorker(ThreadPoolExecutor.java:1144)
java.base/java.util.concurrent.ThreadPoolExecutor$Worker.run(ThreadPoolExecutor.java:642)
java.base/java.lang.Thread.run(Thread.java:1583)
Test Failed: viewCartBrandProducts - com.JodaynDemo.tests.TC19_ProductBrandCartandView
Error: java.lang.AssertionError: Verify that can see products expected [Sleeveless Dress] but found [Sleeveless  Dress]
org.testng.Assert.fail(Assert.java:111)
org.testng.Assert.failNotEquals(Assert.java:1590)
org.testng.Assert.assertEqualsImpl(Assert.java:150)
org.testng.Assert.assertEquals(Assert.java:132)
org.testng.Assert.assertEquals(Assert.java:656)
com.JodaynDemo.tests.TC19_ProductBrandCartandView.verifyThatUserIsNavigatedToThatBrandPageAndCanSeeProducts(TC19_ProductBrandCartandView.java:69)
com.JodaynDemo.tests.TC19_ProductBrandCartandView.viewCartBrandProducts(TC19_ProductBrandCartandView.java:33)
java.base/jdk.internal.reflect.DirectMethodHandleAccessor.invoke(DirectMethodHandleAccessor.java:103)
java.base/java.lang.reflect.Method.invoke(Method.java:580)
org.testng.internal.invokers.MethodInvocationHelper.invokeMethod(MethodInvocationHelper.java:141)
org.testng.internal.invokers.TestInvoker.invokeMethod(TestInvoker.java:687)
org.testng.internal.invokers.TestInvoker.invokeTestMethod(TestInvoker.java:230)
org.testng.internal.invokers.MethodRunner.runInSequence(MethodRunner.java:63)
org.testng.internal.invokers.TestInvoker$MethodInvocationAgent.invoke(TestInvoker.java:995)
org.testng.internal.invokers.TestInvoker.invokeTestMethods(TestInvoker.java:203)
org.testng.internal.invokers.TestMethodWorker.invokeTestMethods(TestMethodWorker.java:154)
org.testng.internal.invokers.TestMethodWorker.run(TestMethodWorker.java:134)
java.base/java.util.concurrent.Executors$RunnableAdapter.call(Executors.java:572)
java.base/java.util.concurrent.FutureTask.run(FutureTask.java:317)
org.testng.internal.thread.graph.TestNGFutureTask.run(TestNGFutureTask.java:22)
java.base/java.util.concurrent.ThreadPoolExecutor.runWorker(ThreadPoolExecutor.java:1144)
java.base/java.util.concurrent.ThreadPoolExecutor$Worker.run(ThreadPoolExecutor.java:642)
java.base/java.lang.Thread.run(Thread.java:1583)
Test Failed: addReviewOnProduct - com.JodaynDemo.tests.TC21_ProductReviewAdd
Error: org.openqa.selenium.NoSuchWindowException: no such window: target window already closed
from unknown error: web view not found
  (Session info: chrome=136.0.7103.92)
Build info: version: '4.31.0', revision: '1ef9f18787*'
System info: os.name: 'Windows 10', os.arch: 'amd64', os.version: '10.0', java.version: '21.0.6'
Driver info: org.openqa.selenium.chrome.ChromeDriver
Command: [aac7053ec540954d1e7480a6701a2f25, findElement {value=a[href='/products'], using=css selector}]
Capabilities {acceptInsecureCerts: false, browserName: chrome, browserVersion: 136.0.7103.92, chrome: {chromedriverVersion: 136.0.7103.92 (cb81a4cc5087..., userDataDir: C:\Users\hydroweb\AppData\L...}, fedcm:accounts: true, goog:chromeOptions: {debuggerAddress: localhost:56626}, networkConnectionEnabled: false, pageLoadStrategy: normal, platformName: windows, proxy: Proxy(), se:cdp: ws://localhost:56626/devtoo..., se:cdpVersion: 136.0.7103.92, setWindowRect: true, strictFileInteractability: false, timeouts: {implicit: 0, pageLoad: 300000, script: 30000}, unhandledPromptBehavior: dismiss and notify, webauthn:extension:credBlob: true, webauthn:extension:largeBlob: true, webauthn:extension:minPinLength: true, webauthn:extension:prf: true, webauthn:virtualAuthenticators: true}
Session ID: aac7053ec540954d1e7480a6701a2f25
java.base/jdk.internal.reflect.DirectConstructorHandleAccessor.newInstance(DirectConstructorHandleAccessor.java:62)
java.base/java.lang.reflect.Constructor.newInstanceWithCaller(Constructor.java:502)
java.base/java.lang.reflect.Constructor.newInstance(Constructor.java:486)
org.openqa.selenium.remote.ErrorCodec.decode(ErrorCodec.java:167)
org.openqa.selenium.remote.codec.w3c.W3CHttpResponseCodec.decode(W3CHttpResponseCodec.java:138)
org.openqa.selenium.remote.codec.w3c.W3CHttpResponseCodec.decode(W3CHttpResponseCodec.java:50)
org.openqa.selenium.remote.HttpCommandExecutor.execute(HttpCommandExecutor.java:215)
org.openqa.selenium.remote.service.DriverCommandExecutor.invokeExecute(DriverCommandExecutor.java:216)
org.openqa.selenium.remote.service.DriverCommandExecutor.execute(DriverCommandExecutor.java:174)
org.openqa.selenium.remote.RemoteWebDriver.execute(RemoteWebDriver.java:545)
org.openqa.selenium.remote.ElementLocation$ElementFinder$2.findElement(ElementLocation.java:165)
org.openqa.selenium.remote.ElementLocation.findElement(ElementLocation.java:59)
org.openqa.selenium.remote.RemoteWebDriver.findElement(RemoteWebDriver.java:368)
org.openqa.selenium.remote.RemoteWebDriver.findElement(RemoteWebDriver.java:362)
com.JodaynDemo.pages.Home.productsButton(Home.java:34)
com.JodaynDemo.pages.Home.productsButtonClick(Home.java:121)
com.JodaynDemo.tests.TC8_ProductAndProductDetailsValidation.verifyUserIsNavigatedToAllProductsPageSuccessfully(TC8_ProductAndProductDetailsValidation.java:37)
com.JodaynDemo.tests.TC21_ProductReviewAdd.addReviewOnProduct(TC21_ProductReviewAdd.java:30)
java.base/jdk.internal.reflect.DirectMethodHandleAccessor.invoke(DirectMethodHandleAccessor.java:103)
java.base/java.lang.reflect.Method.invoke(Method.java:580)
org.testng.internal.invokers.MethodInvocationHelper.invokeMethod(MethodInvocationHelper.java:141)
org.testng.internal.invokers.TestInvoker.invokeMethod(TestInvoker.java:687)
org.testng.internal.invokers.TestInvoker.invokeTestMethod(TestInvoker.java:230)
org.testng.internal.invokers.MethodRunner.runInSequence(MethodRunner.java:63)
org.testng.internal.invokers.TestInvoker$MethodInvocationAgent.invoke(TestInvoker.java:995)
org.testng.internal.invokers.TestInvoker.invokeTestMethods(TestInvoker.java:203)
org.testng.internal.invokers.TestMethodWorker.invokeTestMethods(TestMethodWorker.java:154)
org.testng.internal.invokers.TestMethodWorker.run(TestMethodWorker.java:134)
java.base/java.util.concurrent.Executors$RunnableAdapter.call(Executors.java:572)
java.base/java.util.concurrent.FutureTask.run(FutureTask.java:317)
org.testng.internal.thread.graph.TestNGFutureTask.run(TestNGFutureTask.java:22)
java.base/java.util.concurrent.ThreadPoolExecutor.runWorker(ThreadPoolExecutor.java:1144)
java.base/java.util.concurrent.ThreadPoolExecutor$Worker.run(ThreadPoolExecutor.java:642)
java.base/java.lang.Thread.run(Thread.java:1583)
Test Failed: verifyScrollUpWithoutArrowButtonAndScrollDownFunctionality - com.JodaynDemo.tests.TC26_ScrollUpandScrollDownNoButtonUsage
Error: java.lang.ClassCastException: class java.lang.Long cannot be cast to class java.lang.Double (java.lang.Long and java.lang.Double are in module java.base of loader 'bootstrap')
com.JodaynDemo.tests.TC26_ScrollUpandScrollDownNoButtonUsage.verifyThatPageIsScrolledUpAndFullFledgedPracticeWebsiteForAutomationEngineersTextIsVisibleOnScreen(TC26_ScrollUpandScrollDownNoButtonUsage.java:37)
com.JodaynDemo.tests.TC26_ScrollUpandScrollDownNoButtonUsage.verifyScrollUpWithoutArrowButtonAndScrollDownFunctionality(TC26_ScrollUpandScrollDownNoButtonUsage.java:27)
java.base/jdk.internal.reflect.DirectMethodHandleAccessor.invoke(DirectMethodHandleAccessor.java:103)
java.base/java.lang.reflect.Method.invoke(Method.java:580)
org.testng.internal.invokers.MethodInvocationHelper.invokeMethod(MethodInvocationHelper.java:141)
org.testng.internal.invokers.TestInvoker.invokeMethod(TestInvoker.java:687)
org.testng.internal.invokers.TestInvoker.invokeTestMethod(TestInvoker.java:230)
org.testng.internal.invokers.MethodRunner.runInSequence(MethodRunner.java:63)
org.testng.internal.invokers.TestInvoker$MethodInvocationAgent.invoke(TestInvoker.java:995)
org.testng.internal.invokers.TestInvoker.invokeTestMethods(TestInvoker.java:203)
org.testng.internal.invokers.TestMethodWorker.invokeTestMethods(TestMethodWorker.java:154)
org.testng.internal.invokers.TestMethodWorker.run(TestMethodWorker.java:134)
java.base/java.util.concurrent.Executors$RunnableAdapter.call(Executors.java:572)
java.base/java.util.concurrent.FutureTask.run(FutureTask.java:317)
org.testng.internal.thread.graph.TestNGFutureTask.run(TestNGFutureTask.java:22)
java.base/java.util.concurrent.ThreadPoolExecutor.runWorker(ThreadPoolExecutor.java:1144)
java.base/java.util.concurrent.ThreadPoolExecutor$Worker.run(ThreadPoolExecutor.java:642)
java.base/java.lang.Thread.run(Thread.java:1583)
Test Failed: viewCartBrandProducts - com.JodaynDemo.tests.TC19_ProductBrandCartandView
Error: java.lang.AssertionError: Verify that brand products are displayed expected [Green Side Placket Detail  T-Shirt] but found [Green Side Placket Detail T-Shirt]
org.testng.Assert.fail(Assert.java:111)
org.testng.Assert.failNotEquals(Assert.java:1590)
org.testng.Assert.assertEqualsImpl(Assert.java:150)
org.testng.Assert.assertEquals(Assert.java:132)
org.testng.Assert.assertEquals(Assert.java:656)
com.JodaynDemo.tests.TC19_ProductBrandCartandView.verifyThatUserIsNavigatedToBrandPageAndBrandProductsAreDisplayed(TC19_ProductBrandCartandView.java:55)
com.JodaynDemo.tests.TC19_ProductBrandCartandView.viewCartBrandProducts(TC19_ProductBrandCartandView.java:32)
java.base/jdk.internal.reflect.DirectMethodHandleAccessor.invoke(DirectMethodHandleAccessor.java:103)
java.base/java.lang.reflect.Method.invoke(Method.java:580)
org.testng.internal.invokers.MethodInvocationHelper.invokeMethod(MethodInvocationHelper.java:141)
org.testng.internal.invokers.TestInvoker.invokeMethod(TestInvoker.java:687)
org.testng.internal.invokers.TestInvoker.invokeTestMethod(TestInvoker.java:230)
org.testng.internal.invokers.MethodRunner.runInSequence(MethodRunner.java:63)
org.testng.internal.invokers.TestInvoker$MethodInvocationAgent.invoke(TestInvoker.java:995)
org.testng.internal.invokers.TestInvoker.invokeTestMethods(TestInvoker.java:203)
org.testng.internal.invokers.TestMethodWorker.invokeTestMethods(TestMethodWorker.java:154)
org.testng.internal.invokers.TestMethodWorker.run(TestMethodWorker.java:134)
java.base/java.util.concurrent.Executors$RunnableAdapter.call(Executors.java:572)
java.base/java.util.concurrent.FutureTask.run(FutureTask.java:317)
org.testng.internal.thread.graph.TestNGFutureTask.run(TestNGFutureTask.java:22)
java.base/java.util.concurrent.ThreadPoolExecutor.runWorker(ThreadPoolExecutor.java:1144)
java.base/java.util.concurrent.ThreadPoolExecutor$Worker.run(ThreadPoolExecutor.java:642)
java.base/java.lang.Thread.run(Thread.java:1583)
Test Failed: viewCartBrandProducts - com.JodaynDemo.tests.TC19_ProductBrandCartandView
Error: java.lang.AssertionError: Verify that can see products expected [Sleeveless Dress] but found [Sleeveless  Dress]
org.testng.Assert.fail(Assert.java:111)
org.testng.Assert.failNotEquals(Assert.java:1590)
org.testng.Assert.assertEqualsImpl(Assert.java:150)
org.testng.Assert.assertEquals(Assert.java:132)
org.testng.Assert.assertEquals(Assert.java:656)
com.JodaynDemo.tests.TC19_ProductBrandCartandView.verifyThatUserIsNavigatedToThatBrandPageAndCanSeeProducts(TC19_ProductBrandCartandView.java:69)
com.JodaynDemo.tests.TC19_ProductBrandCartandView.viewCartBrandProducts(TC19_ProductBrandCartandView.java:33)
java.base/jdk.internal.reflect.DirectMethodHandleAccessor.invoke(DirectMethodHandleAccessor.java:103)
java.base/java.lang.reflect.Method.invoke(Method.java:580)
org.testng.internal.invokers.MethodInvocationHelper.invokeMethod(MethodInvocationHelper.java:141)
org.testng.internal.invokers.TestInvoker.invokeMethod(TestInvoker.java:687)
org.testng.internal.invokers.TestInvoker.invokeTestMethod(TestInvoker.java:230)
org.testng.internal.invokers.MethodRunner.runInSequence(MethodRunner.java:63)
org.testng.internal.invokers.TestInvoker$MethodInvocationAgent.invoke(TestInvoker.java:995)
org.testng.internal.invokers.TestInvoker.invokeTestMethods(TestInvoker.java:203)
org.testng.internal.invokers.TestMethodWorker.invokeTestMethods(TestMethodWorker.java:154)
org.testng.internal.invokers.TestMethodWorker.run(TestMethodWorker.java:134)
java.base/java.util.concurrent.Executors$RunnableAdapter.call(Executors.java:572)
java.base/java.util.concurrent.FutureTask.run(FutureTask.java:317)
org.testng.internal.thread.graph.TestNGFutureTask.run(TestNGFutureTask.java:22)
java.base/java.util.concurrent.ThreadPoolExecutor.runWorker(ThreadPoolExecutor.java:1144)
java.base/java.util.concurrent.ThreadPoolExecutor$Worker.run(ThreadPoolExecutor.java:642)
java.base/java.lang.Thread.run(Thread.java:1583)
Test Failed: placeOrderLoginBeforeCheckout - com.JodaynDemo.tests.TC16_OrderPlaceLoginBeforeCheckout
Error: org.openqa.selenium.NoSuchWindowException: no such window: target window already closed
from unknown error: web view not found
  (Session info: chrome=136.0.7103.92)
Build info: version: '4.31.0', revision: '1ef9f18787*'
System info: os.name: 'Windows 10', os.arch: 'amd64', os.version: '10.0', java.version: '21.0.6'
Driver info: org.openqa.selenium.chrome.ChromeDriver
Command: [0206a1d4e04788a09f50002cf5697ce2, findElement {value=div.item.active img[alt='demo website for practice'], using=css selector}]
Capabilities {acceptInsecureCerts: false, browserName: chrome, browserVersion: 136.0.7103.92, chrome: {chromedriverVersion: 136.0.7103.92 (cb81a4cc5087..., userDataDir: C:\Users\hydroweb\AppData\L...}, fedcm:accounts: true, goog:chromeOptions: {debuggerAddress: localhost:57361}, networkConnectionEnabled: false, pageLoadStrategy: normal, platformName: windows, proxy: Proxy(), se:cdp: ws://localhost:57361/devtoo..., se:cdpVersion: 136.0.7103.92, setWindowRect: true, strictFileInteractability: false, timeouts: {implicit: 0, pageLoad: 300000, script: 30000}, unhandledPromptBehavior: dismiss and notify, webauthn:extension:credBlob: true, webauthn:extension:largeBlob: true, webauthn:extension:minPinLength: true, webauthn:extension:prf: true, webauthn:virtualAuthenticators: true}
Session ID: 0206a1d4e04788a09f50002cf5697ce2
java.base/jdk.internal.reflect.DirectConstructorHandleAccessor.newInstance(DirectConstructorHandleAccessor.java:62)
java.base/java.lang.reflect.Constructor.newInstanceWithCaller(Constructor.java:502)
java.base/java.lang.reflect.Constructor.newInstance(Constructor.java:486)
org.openqa.selenium.remote.ErrorCodec.decode(ErrorCodec.java:167)
org.openqa.selenium.remote.codec.w3c.W3CHttpResponseCodec.decode(W3CHttpResponseCodec.java:138)
org.openqa.selenium.remote.codec.w3c.W3CHttpResponseCodec.decode(W3CHttpResponseCodec.java:50)
org.openqa.selenium.remote.HttpCommandExecutor.execute(HttpCommandExecutor.java:215)
org.openqa.selenium.remote.service.DriverCommandExecutor.invokeExecute(DriverCommandExecutor.java:216)
org.openqa.selenium.remote.service.DriverCommandExecutor.execute(DriverCommandExecutor.java:174)
org.openqa.selenium.remote.RemoteWebDriver.execute(RemoteWebDriver.java:545)
org.openqa.selenium.remote.ElementLocation$ElementFinder$2.findElement(ElementLocation.java:165)
org.openqa.selenium.remote.ElementLocation.findElement(ElementLocation.java:59)
org.openqa.selenium.remote.RemoteWebDriver.findElement(RemoteWebDriver.java:368)
org.openqa.selenium.remote.RemoteWebDriver.findElement(RemoteWebDriver.java:362)
com.JodaynDemo.pages.Home.girlImgResponsive(Home.java:18)
com.JodaynDemo.pages.Home.homePageIsVisible(Home.java:102)
com.JodaynDemo.tests.TC1_UserRegistration.verifyThatHomePageIsVisibleSuccessfully(TC1_UserRegistration.java:53)
com.JodaynDemo.tests.TC16_OrderPlaceLoginBeforeCheckout.placeOrderLoginBeforeCheckout(TC16_OrderPlaceLoginBeforeCheckout.java:38)
java.base/jdk.internal.reflect.DirectMethodHandleAccessor.invoke(DirectMethodHandleAccessor.java:103)
java.base/java.lang.reflect.Method.invoke(Method.java:580)
org.testng.internal.invokers.MethodInvocationHelper.invokeMethod(MethodInvocationHelper.java:141)
org.testng.internal.invokers.TestInvoker.invokeMethod(TestInvoker.java:687)
org.testng.internal.invokers.TestInvoker.invokeTestMethod(TestInvoker.java:230)
org.testng.internal.invokers.MethodRunner.runInSequence(MethodRunner.java:63)
org.testng.internal.invokers.TestInvoker$MethodInvocationAgent.invoke(TestInvoker.java:995)
org.testng.internal.invokers.TestInvoker.invokeTestMethods(TestInvoker.java:203)
org.testng.internal.invokers.TestMethodWorker.invokeTestMethods(TestMethodWorker.java:154)
org.testng.internal.invokers.TestMethodWorker.run(TestMethodWorker.java:134)
java.base/java.util.concurrent.Executors$RunnableAdapter.call(Executors.java:572)
java.base/java.util.concurrent.FutureTask.run(FutureTask.java:317)
org.testng.internal.thread.graph.TestNGFutureTask.run(TestNGFutureTask.java:22)
java.base/java.util.concurrent.ThreadPoolExecutor.runWorker(ThreadPoolExecutor.java:1144)
java.base/java.util.concurrent.ThreadPoolExecutor$Worker.run(ThreadPoolExecutor.java:642)
java.base/java.lang.Thread.run(Thread.java:1583)
Test Failed: removeProductsFromCart - com.JodaynDemo.tests.TC17_ProductRemovalCart
Error: org.openqa.selenium.NoSuchWindowException: no such window: target window already closed
from unknown error: web view not found
  (Session info: chrome=136.0.7103.92)
Build info: version: '4.31.0', revision: '1ef9f18787*'
System info: os.name: 'Windows 10', os.arch: 'amd64', os.version: '10.0', java.version: '21.0.6'
Driver info: org.openqa.selenium.chrome.ChromeDriver
Command: [9c3f88cda874cb822571739002c47040, findElement {value=div.item.active img[alt='demo website for practice'], using=css selector}]
Capabilities {acceptInsecureCerts: false, browserName: chrome, browserVersion: 136.0.7103.92, chrome: {chromedriverVersion: 136.0.7103.92 (cb81a4cc5087..., userDataDir: C:\Users\hydroweb\AppData\L...}, fedcm:accounts: true, goog:chromeOptions: {debuggerAddress: localhost:57416}, networkConnectionEnabled: false, pageLoadStrategy: normal, platformName: windows, proxy: Proxy(), se:cdp: ws://localhost:57416/devtoo..., se:cdpVersion: 136.0.7103.92, setWindowRect: true, strictFileInteractability: false, timeouts: {implicit: 0, pageLoad: 300000, script: 30000}, unhandledPromptBehavior: dismiss and notify, webauthn:extension:credBlob: true, webauthn:extension:largeBlob: true, webauthn:extension:minPinLength: true, webauthn:extension:prf: true, webauthn:virtualAuthenticators: true}
Session ID: 9c3f88cda874cb822571739002c47040
java.base/jdk.internal.reflect.DirectConstructorHandleAccessor.newInstance(DirectConstructorHandleAccessor.java:62)
java.base/java.lang.reflect.Constructor.newInstanceWithCaller(Constructor.java:502)
java.base/java.lang.reflect.Constructor.newInstance(Constructor.java:486)
org.openqa.selenium.remote.ErrorCodec.decode(ErrorCodec.java:167)
org.openqa.selenium.remote.codec.w3c.W3CHttpResponseCodec.decode(W3CHttpResponseCodec.java:138)
org.openqa.selenium.remote.codec.w3c.W3CHttpResponseCodec.decode(W3CHttpResponseCodec.java:50)
org.openqa.selenium.remote.HttpCommandExecutor.execute(HttpCommandExecutor.java:215)
org.openqa.selenium.remote.service.DriverCommandExecutor.invokeExecute(DriverCommandExecutor.java:216)
org.openqa.selenium.remote.service.DriverCommandExecutor.execute(DriverCommandExecutor.java:174)
org.openqa.selenium.remote.RemoteWebDriver.execute(RemoteWebDriver.java:545)
org.openqa.selenium.remote.ElementLocation$ElementFinder$2.findElement(ElementLocation.java:165)
org.openqa.selenium.remote.ElementLocation.findElement(ElementLocation.java:59)
org.openqa.selenium.remote.RemoteWebDriver.findElement(RemoteWebDriver.java:368)
org.openqa.selenium.remote.RemoteWebDriver.findElement(RemoteWebDriver.java:362)
com.JodaynDemo.pages.Home.girlImgResponsive(Home.java:18)
com.JodaynDemo.pages.Home.homePageIsVisible(Home.java:102)
com.JodaynDemo.tests.TC1_UserRegistration.verifyThatHomePageIsVisibleSuccessfully(TC1_UserRegistration.java:53)
com.JodaynDemo.tests.TC17_ProductRemovalCart.removeProductsFromCart(TC17_ProductRemovalCart.java:25)
java.base/jdk.internal.reflect.DirectMethodHandleAccessor.invoke(DirectMethodHandleAccessor.java:103)
java.base/java.lang.reflect.Method.invoke(Method.java:580)
org.testng.internal.invokers.MethodInvocationHelper.invokeMethod(MethodInvocationHelper.java:141)
org.testng.internal.invokers.TestInvoker.invokeMethod(TestInvoker.java:687)
org.testng.internal.invokers.TestInvoker.invokeTestMethod(TestInvoker.java:230)
org.testng.internal.invokers.MethodRunner.runInSequence(MethodRunner.java:63)
org.testng.internal.invokers.TestInvoker$MethodInvocationAgent.invoke(TestInvoker.java:995)
org.testng.internal.invokers.TestInvoker.invokeTestMethods(TestInvoker.java:203)
org.testng.internal.invokers.TestMethodWorker.invokeTestMethods(TestMethodWorker.java:154)
org.testng.internal.invokers.TestMethodWorker.run(TestMethodWorker.java:134)
java.base/java.util.concurrent.Executors$RunnableAdapter.call(Executors.java:572)
java.base/java.util.concurrent.FutureTask.run(FutureTask.java:317)
org.testng.internal.thread.graph.TestNGFutureTask.run(TestNGFutureTask.java:22)
java.base/java.util.concurrent.ThreadPoolExecutor.runWorker(ThreadPoolExecutor.java:1144)
java.base/java.util.concurrent.ThreadPoolExecutor$Worker.run(ThreadPoolExecutor.java:642)
java.base/java.lang.Thread.run(Thread.java:1583)
Test Failed: viewCartBrandProducts - com.JodaynDemo.tests.TC19_ProductBrandCartandView
Error: org.openqa.selenium.NoSuchWindowException: no such window: target window already closed
from unknown error: web view not found
  (Session info: chrome=136.0.7103.92)
Build info: version: '4.31.0', revision: '1ef9f18787*'
System info: os.name: 'Windows 10', os.arch: 'amd64', os.version: '10.0', java.version: '21.0.6'
Driver info: org.openqa.selenium.chrome.ChromeDriver
Command: [eabe9d1dc69bb22a6dd449460edc411f, findElement {value=a[href='/products'], using=css selector}]
Capabilities {acceptInsecureCerts: false, browserName: chrome, browserVersion: 136.0.7103.92, chrome: {chromedriverVersion: 136.0.7103.92 (cb81a4cc5087..., userDataDir: C:\Users\hydroweb\AppData\L...}, fedcm:accounts: true, goog:chromeOptions: {debuggerAddress: localhost:57453}, networkConnectionEnabled: false, pageLoadStrategy: normal, platformName: windows, proxy: Proxy(), se:cdp: ws://localhost:57453/devtoo..., se:cdpVersion: 136.0.7103.92, setWindowRect: true, strictFileInteractability: false, timeouts: {implicit: 0, pageLoad: 300000, script: 30000}, unhandledPromptBehavior: dismiss and notify, webauthn:extension:credBlob: true, webauthn:extension:largeBlob: true, webauthn:extension:minPinLength: true, webauthn:extension:prf: true, webauthn:virtualAuthenticators: true}
Session ID: eabe9d1dc69bb22a6dd449460edc411f
java.base/jdk.internal.reflect.DirectConstructorHandleAccessor.newInstance(DirectConstructorHandleAccessor.java:62)
java.base/java.lang.reflect.Constructor.newInstanceWithCaller(Constructor.java:502)
java.base/java.lang.reflect.Constructor.newInstance(Constructor.java:486)
org.openqa.selenium.remote.ErrorCodec.decode(ErrorCodec.java:167)
org.openqa.selenium.remote.codec.w3c.W3CHttpResponseCodec.decode(W3CHttpResponseCodec.java:138)
org.openqa.selenium.remote.codec.w3c.W3CHttpResponseCodec.decode(W3CHttpResponseCodec.java:50)
org.openqa.selenium.remote.HttpCommandExecutor.execute(HttpCommandExecutor.java:215)
org.openqa.selenium.remote.service.DriverCommandExecutor.invokeExecute(DriverCommandExecutor.java:216)
org.openqa.selenium.remote.service.DriverCommandExecutor.execute(DriverCommandExecutor.java:174)
org.openqa.selenium.remote.RemoteWebDriver.execute(RemoteWebDriver.java:545)
org.openqa.selenium.remote.ElementLocation$ElementFinder$2.findElement(ElementLocation.java:165)
org.openqa.selenium.remote.ElementLocation.findElement(ElementLocation.java:59)
org.openqa.selenium.remote.RemoteWebDriver.findElement(RemoteWebDriver.java:368)
org.openqa.selenium.remote.RemoteWebDriver.findElement(RemoteWebDriver.java:362)
com.JodaynDemo.pages.Home.productsButton(Home.java:34)
com.JodaynDemo.pages.Home.productsButtonClick(Home.java:121)
com.JodaynDemo.tests.TC19_ProductBrandCartandView.verifyThatBrandsAreVisibleOnLeftSideBar(TC19_ProductBrandCartandView.java:39)
com.JodaynDemo.tests.TC19_ProductBrandCartandView.viewCartBrandProducts(TC19_ProductBrandCartandView.java:31)
java.base/jdk.internal.reflect.DirectMethodHandleAccessor.invoke(DirectMethodHandleAccessor.java:103)
java.base/java.lang.reflect.Method.invoke(Method.java:580)
org.testng.internal.invokers.MethodInvocationHelper.invokeMethod(MethodInvocationHelper.java:141)
org.testng.internal.invokers.TestInvoker.invokeMethod(TestInvoker.java:687)
org.testng.internal.invokers.TestInvoker.invokeTestMethod(TestInvoker.java:230)
org.testng.internal.invokers.MethodRunner.runInSequence(MethodRunner.java:63)
org.testng.internal.invokers.TestInvoker$MethodInvocationAgent.invoke(TestInvoker.java:995)
org.testng.internal.invokers.TestInvoker.invokeTestMethods(TestInvoker.java:203)
org.testng.internal.invokers.TestMethodWorker.invokeTestMethods(TestMethodWorker.java:154)
org.testng.internal.invokers.TestMethodWorker.run(TestMethodWorker.java:134)
java.base/java.util.concurrent.Executors$RunnableAdapter.call(Executors.java:572)
java.base/java.util.concurrent.FutureTask.run(FutureTask.java:317)
org.testng.internal.thread.graph.TestNGFutureTask.run(TestNGFutureTask.java:22)
java.base/java.util.concurrent.ThreadPoolExecutor.runWorker(ThreadPoolExecutor.java:1144)
java.base/java.util.concurrent.ThreadPoolExecutor$Worker.run(ThreadPoolExecutor.java:642)
java.base/java.lang.Thread.run(Thread.java:1583)
Test Failed: addReviewOnProduct - com.JodaynDemo.tests.TC21_ProductReviewAdd
Error: org.openqa.selenium.NoSuchWindowException: no such window: target window already closed
from unknown error: web view not found
  (Session info: chrome=136.0.7103.92)
Build info: version: '4.31.0', revision: '1ef9f18787*'
System info: os.name: 'Windows 10', os.arch: 'amd64', os.version: '10.0', java.version: '21.0.6'
Driver info: org.openqa.selenium.chrome.ChromeDriver
Command: [1370382d8dea3f63f75382ded34e266e, findElement {value=a[href='/products'], using=css selector}]
Capabilities {acceptInsecureCerts: false, browserName: chrome, browserVersion: 136.0.7103.92, chrome: {chromedriverVersion: 136.0.7103.92 (cb81a4cc5087..., userDataDir: C:\Users\hydroweb\AppData\L...}, fedcm:accounts: true, goog:chromeOptions: {debuggerAddress: localhost:57489}, networkConnectionEnabled: false, pageLoadStrategy: normal, platformName: windows, proxy: Proxy(), se:cdp: ws://localhost:57489/devtoo..., se:cdpVersion: 136.0.7103.92, setWindowRect: true, strictFileInteractability: false, timeouts: {implicit: 0, pageLoad: 300000, script: 30000}, unhandledPromptBehavior: dismiss and notify, webauthn:extension:credBlob: true, webauthn:extension:largeBlob: true, webauthn:extension:minPinLength: true, webauthn:extension:prf: true, webauthn:virtualAuthenticators: true}
Session ID: 1370382d8dea3f63f75382ded34e266e
java.base/jdk.internal.reflect.DirectConstructorHandleAccessor.newInstance(DirectConstructorHandleAccessor.java:62)
java.base/java.lang.reflect.Constructor.newInstanceWithCaller(Constructor.java:502)
java.base/java.lang.reflect.Constructor.newInstance(Constructor.java:486)
org.openqa.selenium.remote.ErrorCodec.decode(ErrorCodec.java:167)
org.openqa.selenium.remote.codec.w3c.W3CHttpResponseCodec.decode(W3CHttpResponseCodec.java:138)
org.openqa.selenium.remote.codec.w3c.W3CHttpResponseCodec.decode(W3CHttpResponseCodec.java:50)
org.openqa.selenium.remote.HttpCommandExecutor.execute(HttpCommandExecutor.java:215)
org.openqa.selenium.remote.service.DriverCommandExecutor.invokeExecute(DriverCommandExecutor.java:216)
org.openqa.selenium.remote.service.DriverCommandExecutor.execute(DriverCommandExecutor.java:174)
org.openqa.selenium.remote.RemoteWebDriver.execute(RemoteWebDriver.java:545)
org.openqa.selenium.remote.ElementLocation$ElementFinder$2.findElement(ElementLocation.java:165)
org.openqa.selenium.remote.ElementLocation.findElement(ElementLocation.java:59)
org.openqa.selenium.remote.RemoteWebDriver.findElement(RemoteWebDriver.java:368)
org.openqa.selenium.remote.RemoteWebDriver.findElement(RemoteWebDriver.java:362)
com.JodaynDemo.pages.Home.productsButton(Home.java:34)
com.JodaynDemo.pages.Home.productsButtonClick(Home.java:121)
com.JodaynDemo.tests.TC8_ProductAndProductDetailsValidation.verifyUserIsNavigatedToAllProductsPageSuccessfully(TC8_ProductAndProductDetailsValidation.java:37)
com.JodaynDemo.tests.TC21_ProductReviewAdd.addReviewOnProduct(TC21_ProductReviewAdd.java:30)
java.base/jdk.internal.reflect.DirectMethodHandleAccessor.invoke(DirectMethodHandleAccessor.java:103)
java.base/java.lang.reflect.Method.invoke(Method.java:580)
org.testng.internal.invokers.MethodInvocationHelper.invokeMethod(MethodInvocationHelper.java:141)
org.testng.internal.invokers.TestInvoker.invokeMethod(TestInvoker.java:687)
org.testng.internal.invokers.TestInvoker.invokeTestMethod(TestInvoker.java:230)
org.testng.internal.invokers.MethodRunner.runInSequence(MethodRunner.java:63)
org.testng.internal.invokers.TestInvoker$MethodInvocationAgent.invoke(TestInvoker.java:995)
org.testng.internal.invokers.TestInvoker.invokeTestMethods(TestInvoker.java:203)
org.testng.internal.invokers.TestMethodWorker.invokeTestMethods(TestMethodWorker.java:154)
org.testng.internal.invokers.TestMethodWorker.run(TestMethodWorker.java:134)
java.base/java.util.concurrent.Executors$RunnableAdapter.call(Executors.java:572)
java.base/java.util.concurrent.FutureTask.run(FutureTask.java:317)
org.testng.internal.thread.graph.TestNGFutureTask.run(TestNGFutureTask.java:22)
java.base/java.util.concurrent.ThreadPoolExecutor.runWorker(ThreadPoolExecutor.java:1144)
java.base/java.util.concurrent.ThreadPoolExecutor$Worker.run(ThreadPoolExecutor.java:642)
java.base/java.lang.Thread.run(Thread.java:1583)
Test Failed: AddToCartFromRecommendedItems - com.JodaynDemo.tests.TC22_AddtoCartRecommendedItems
Error: org.openqa.selenium.NoSuchWindowException: no such window: target window already closed
from unknown error: web view not found
  (Session info: chrome=136.0.7103.92)
Build info: version: '4.31.0', revision: '1ef9f18787*'
System info: os.name: 'Windows 10', os.arch: 'amd64', os.version: '10.0', java.version: '21.0.6'
Driver info: org.openqa.selenium.chrome.ChromeDriver
Command: [30e45fb089f6e258d002f567429aeb85, findElement {value=div[class='recommended_items'] h2, using=css selector}]
Capabilities {acceptInsecureCerts: false, browserName: chrome, browserVersion: 136.0.7103.92, chrome: {chromedriverVersion: 136.0.7103.92 (cb81a4cc5087..., userDataDir: C:\Users\hydroweb\AppData\L...}, fedcm:accounts: true, goog:chromeOptions: {debuggerAddress: localhost:57507}, networkConnectionEnabled: false, pageLoadStrategy: normal, platformName: windows, proxy: Proxy(), se:cdp: ws://localhost:57507/devtoo..., se:cdpVersion: 136.0.7103.92, setWindowRect: true, strictFileInteractability: false, timeouts: {implicit: 0, pageLoad: 300000, script: 30000}, unhandledPromptBehavior: dismiss and notify, webauthn:extension:credBlob: true, webauthn:extension:largeBlob: true, webauthn:extension:minPinLength: true, webauthn:extension:prf: true, webauthn:virtualAuthenticators: true}
Session ID: 30e45fb089f6e258d002f567429aeb85
java.base/jdk.internal.reflect.DirectConstructorHandleAccessor.newInstance(DirectConstructorHandleAccessor.java:62)
java.base/java.lang.reflect.Constructor.newInstanceWithCaller(Constructor.java:502)
java.base/java.lang.reflect.Constructor.newInstance(Constructor.java:486)
org.openqa.selenium.remote.ErrorCodec.decode(ErrorCodec.java:167)
org.openqa.selenium.remote.codec.w3c.W3CHttpResponseCodec.decode(W3CHttpResponseCodec.java:138)
org.openqa.selenium.remote.codec.w3c.W3CHttpResponseCodec.decode(W3CHttpResponseCodec.java:50)
org.openqa.selenium.remote.HttpCommandExecutor.execute(HttpCommandExecutor.java:215)
org.openqa.selenium.remote.service.DriverCommandExecutor.invokeExecute(DriverCommandExecutor.java:216)
org.openqa.selenium.remote.service.DriverCommandExecutor.execute(DriverCommandExecutor.java:174)
org.openqa.selenium.remote.RemoteWebDriver.execute(RemoteWebDriver.java:545)
org.openqa.selenium.remote.ElementLocation$ElementFinder$2.findElement(ElementLocation.java:165)
org.openqa.selenium.remote.ElementLocation.findElement(ElementLocation.java:59)
org.openqa.selenium.remote.RemoteWebDriver.findElement(RemoteWebDriver.java:368)
org.openqa.selenium.remote.RemoteWebDriver.findElement(RemoteWebDriver.java:362)
com.JodaynDemo.pages.Home.recommendedItems(Home.java:58)
com.JodaynDemo.pages.Home.getRecommendedItems(Home.java:153)
com.JodaynDemo.tests.TC22_AddtoCartRecommendedItems.verifyRecommendedItemsAreVisible(TC22_AddtoCartRecommendedItems.java:32)
com.JodaynDemo.tests.TC22_AddtoCartRecommendedItems.AddToCartFromRecommendedItems(TC22_AddtoCartRecommendedItems.java:25)
java.base/jdk.internal.reflect.DirectMethodHandleAccessor.invoke(DirectMethodHandleAccessor.java:103)
java.base/java.lang.reflect.Method.invoke(Method.java:580)
org.testng.internal.invokers.MethodInvocationHelper.invokeMethod(MethodInvocationHelper.java:141)
org.testng.internal.invokers.TestInvoker.invokeMethod(TestInvoker.java:687)
org.testng.internal.invokers.TestInvoker.invokeTestMethod(TestInvoker.java:230)
org.testng.internal.invokers.MethodRunner.runInSequence(MethodRunner.java:63)
org.testng.internal.invokers.TestInvoker$MethodInvocationAgent.invoke(TestInvoker.java:995)
org.testng.internal.invokers.TestInvoker.invokeTestMethods(TestInvoker.java:203)
org.testng.internal.invokers.TestMethodWorker.invokeTestMethods(TestMethodWorker.java:154)
org.testng.internal.invokers.TestMethodWorker.run(TestMethodWorker.java:134)
java.base/java.util.concurrent.Executors$RunnableAdapter.call(Executors.java:572)
java.base/java.util.concurrent.FutureTask.run(FutureTask.java:317)
org.testng.internal.thread.graph.TestNGFutureTask.run(TestNGFutureTask.java:22)
java.base/java.util.concurrent.ThreadPoolExecutor.runWorker(ThreadPoolExecutor.java:1144)
java.base/java.util.concurrent.ThreadPoolExecutor$Worker.run(ThreadPoolExecutor.java:642)
java.base/java.lang.Thread.run(Thread.java:1583)
Test Failed: verifyAddressDetailsInCheckoutPage - com.JodaynDemo.tests.TC23_CheckoutValidateAddressDetails
Error: org.openqa.selenium.NoSuchWindowException: no such window: target window already closed
from unknown error: web view not found
  (Session info: chrome=136.0.7103.92)
Build info: version: '4.31.0', revision: '1ef9f18787*'
System info: os.name: 'Windows 10', os.arch: 'amd64', os.version: '10.0', java.version: '21.0.6'
Driver info: org.openqa.selenium.chrome.ChromeDriver
Command: [0d3fd8136d7ab0fe614a4e1508ee4249, findElement {value=div.item.active img[alt='demo website for practice'], using=css selector}]
Capabilities {acceptInsecureCerts: false, browserName: chrome, browserVersion: 136.0.7103.92, chrome: {chromedriverVersion: 136.0.7103.92 (cb81a4cc5087..., userDataDir: C:\Users\hydroweb\AppData\L...}, fedcm:accounts: true, goog:chromeOptions: {debuggerAddress: localhost:57524}, networkConnectionEnabled: false, pageLoadStrategy: normal, platformName: windows, proxy: Proxy(), se:cdp: ws://localhost:57524/devtoo..., se:cdpVersion: 136.0.7103.92, setWindowRect: true, strictFileInteractability: false, timeouts: {implicit: 0, pageLoad: 300000, script: 30000}, unhandledPromptBehavior: dismiss and notify, webauthn:extension:credBlob: true, webauthn:extension:largeBlob: true, webauthn:extension:minPinLength: true, webauthn:extension:prf: true, webauthn:virtualAuthenticators: true}
Session ID: 0d3fd8136d7ab0fe614a4e1508ee4249
java.base/jdk.internal.reflect.DirectConstructorHandleAccessor.newInstance(DirectConstructorHandleAccessor.java:62)
java.base/java.lang.reflect.Constructor.newInstanceWithCaller(Constructor.java:502)
java.base/java.lang.reflect.Constructor.newInstance(Constructor.java:486)
org.openqa.selenium.remote.ErrorCodec.decode(ErrorCodec.java:167)
org.openqa.selenium.remote.codec.w3c.W3CHttpResponseCodec.decode(W3CHttpResponseCodec.java:138)
org.openqa.selenium.remote.codec.w3c.W3CHttpResponseCodec.decode(W3CHttpResponseCodec.java:50)
org.openqa.selenium.remote.HttpCommandExecutor.execute(HttpCommandExecutor.java:215)
org.openqa.selenium.remote.service.DriverCommandExecutor.invokeExecute(DriverCommandExecutor.java:216)
org.openqa.selenium.remote.service.DriverCommandExecutor.execute(DriverCommandExecutor.java:174)
org.openqa.selenium.remote.RemoteWebDriver.execute(RemoteWebDriver.java:545)
org.openqa.selenium.remote.ElementLocation$ElementFinder$2.findElement(ElementLocation.java:165)
org.openqa.selenium.remote.ElementLocation.findElement(ElementLocation.java:59)
org.openqa.selenium.remote.RemoteWebDriver.findElement(RemoteWebDriver.java:368)
org.openqa.selenium.remote.RemoteWebDriver.findElement(RemoteWebDriver.java:362)
com.JodaynDemo.pages.Home.girlImgResponsive(Home.java:18)
com.JodaynDemo.pages.Home.homePageIsVisible(Home.java:102)
com.JodaynDemo.tests.TC1_UserRegistration.verifyThatHomePageIsVisibleSuccessfully(TC1_UserRegistration.java:53)
com.JodaynDemo.tests.TC23_CheckoutValidateAddressDetails.verifyAddressDetailsInCheckoutPage(TC23_CheckoutValidateAddressDetails.java:36)
java.base/jdk.internal.reflect.DirectMethodHandleAccessor.invoke(DirectMethodHandleAccessor.java:103)
java.base/java.lang.reflect.Method.invoke(Method.java:580)
org.testng.internal.invokers.MethodInvocationHelper.invokeMethod(MethodInvocationHelper.java:141)
org.testng.internal.invokers.TestInvoker.invokeMethod(TestInvoker.java:687)
org.testng.internal.invokers.TestInvoker.invokeTestMethod(TestInvoker.java:230)
org.testng.internal.invokers.MethodRunner.runInSequence(MethodRunner.java:63)
org.testng.internal.invokers.TestInvoker$MethodInvocationAgent.invoke(TestInvoker.java:995)
org.testng.internal.invokers.TestInvoker.invokeTestMethods(TestInvoker.java:203)
org.testng.internal.invokers.TestMethodWorker.invokeTestMethods(TestMethodWorker.java:154)
org.testng.internal.invokers.TestMethodWorker.run(TestMethodWorker.java:134)
java.base/java.util.concurrent.Executors$RunnableAdapter.call(Executors.java:572)
java.base/java.util.concurrent.FutureTask.run(FutureTask.java:317)
org.testng.internal.thread.graph.TestNGFutureTask.run(TestNGFutureTask.java:22)
java.base/java.util.concurrent.ThreadPoolExecutor.runWorker(ThreadPoolExecutor.java:1144)
java.base/java.util.concurrent.ThreadPoolExecutor$Worker.run(ThreadPoolExecutor.java:642)
java.base/java.lang.Thread.run(Thread.java:1583)
Test Failed: downloadInvoiceAfterPurchaseOrder - com.JodaynDemo.tests.TC24_InvoiceDownloadAfterPurchase
Error: org.openqa.selenium.NoSuchWindowException: no such window: target window already closed
from unknown error: web view not found
  (Session info: chrome=136.0.7103.92)
Build info: version: '4.31.0', revision: '1ef9f18787*'
System info: os.name: 'Windows 10', os.arch: 'amd64', os.version: '10.0', java.version: '21.0.6'
Driver info: org.openqa.selenium.chrome.ChromeDriver
Command: [b26d5143e099ad9521c398bdc4a5f3aa, findElement {value=//header/div/div/div/div[2]/div/ul/li[10]/a, using=xpath}]
Capabilities {acceptInsecureCerts: false, browserName: chrome, browserVersion: 136.0.7103.92, chrome: {chromedriverVersion: 136.0.7103.92 (cb81a4cc5087..., userDataDir: C:\Users\hydroweb\AppData\L...}, fedcm:accounts: true, goog:chromeOptions: {debuggerAddress: localhost:57541}, networkConnectionEnabled: false, pageLoadStrategy: normal, platformName: windows, proxy: Proxy(), se:cdp: ws://localhost:57541/devtoo..., se:cdpVersion: 136.0.7103.92, setWindowRect: true, strictFileInteractability: false, timeouts: {implicit: 0, pageLoad: 300000, script: 30000}, unhandledPromptBehavior: dismiss and notify, webauthn:extension:credBlob: true, webauthn:extension:largeBlob: true, webauthn:extension:minPinLength: true, webauthn:extension:prf: true, webauthn:virtualAuthenticators: true}
Session ID: b26d5143e099ad9521c398bdc4a5f3aa
java.base/jdk.internal.reflect.DirectConstructorHandleAccessor.newInstance(DirectConstructorHandleAccessor.java:62)
java.base/java.lang.reflect.Constructor.newInstanceWithCaller(Constructor.java:502)
java.base/java.lang.reflect.Constructor.newInstance(Constructor.java:486)
org.openqa.selenium.remote.ErrorCodec.decode(ErrorCodec.java:167)
org.openqa.selenium.remote.codec.w3c.W3CHttpResponseCodec.decode(W3CHttpResponseCodec.java:138)
org.openqa.selenium.remote.codec.w3c.W3CHttpResponseCodec.decode(W3CHttpResponseCodec.java:50)
org.openqa.selenium.remote.HttpCommandExecutor.execute(HttpCommandExecutor.java:215)
org.openqa.selenium.remote.service.DriverCommandExecutor.invokeExecute(DriverCommandExecutor.java:216)
org.openqa.selenium.remote.service.DriverCommandExecutor.execute(DriverCommandExecutor.java:174)
org.openqa.selenium.remote.RemoteWebDriver.execute(RemoteWebDriver.java:545)
org.openqa.selenium.remote.ElementLocation$ElementFinder$2.findElement(ElementLocation.java:165)
org.openqa.selenium.remote.ElementLocation.findElement(ElementLocation.java:59)
org.openqa.selenium.remote.RemoteWebDriver.findElement(RemoteWebDriver.java:368)
org.openqa.selenium.remote.RemoteWebDriver.findElement(RemoteWebDriver.java:362)
com.JodaynDemo.pages.LoggedIn.username(LoggedIn.java:15)
com.JodaynDemo.pages.LoggedIn.getUsername(LoggedIn.java:36)
com.JodaynDemo.tests.TC14_OrderPlaceRegisterDuringCheckout.verifyLoggedInAsUsernameAtTop(TC14_OrderPlaceRegisterDuringCheckout.java:79)
com.JodaynDemo.tests.TC24_InvoiceDownloadAfterPurchase.downloadInvoiceAfterPurchaseOrder(TC24_InvoiceDownloadAfterPurchase.java:50)
java.base/jdk.internal.reflect.DirectMethodHandleAccessor.invoke(DirectMethodHandleAccessor.java:103)
java.base/java.lang.reflect.Method.invoke(Method.java:580)
org.testng.internal.invokers.MethodInvocationHelper.invokeMethod(MethodInvocationHelper.java:141)
org.testng.internal.invokers.TestInvoker.invokeMethod(TestInvoker.java:687)
org.testng.internal.invokers.TestInvoker.invokeTestMethod(TestInvoker.java:230)
org.testng.internal.invokers.MethodRunner.runInSequence(MethodRunner.java:63)
org.testng.internal.invokers.TestInvoker$MethodInvocationAgent.invoke(TestInvoker.java:995)
org.testng.internal.invokers.TestInvoker.invokeTestMethods(TestInvoker.java:203)
org.testng.internal.invokers.TestMethodWorker.invokeTestMethods(TestMethodWorker.java:154)
org.testng.internal.invokers.TestMethodWorker.run(TestMethodWorker.java:134)
java.base/java.util.concurrent.Executors$RunnableAdapter.call(Executors.java:572)
java.base/java.util.concurrent.FutureTask.run(FutureTask.java:317)
org.testng.internal.thread.graph.TestNGFutureTask.run(TestNGFutureTask.java:22)
java.base/java.util.concurrent.ThreadPoolExecutor.runWorker(ThreadPoolExecutor.java:1144)
java.base/java.util.concurrent.ThreadPoolExecutor$Worker.run(ThreadPoolExecutor.java:642)
java.base/java.lang.Thread.run(Thread.java:1583)
Test Failed: placeOrderLoginBeforeCheckout - com.JodaynDemo.tests.TC16_OrderPlaceLoginBeforeCheckout
Error: java.lang.AssertionError: Verify 'Logged in as username' at top expected [null] but found [Logged in as BilalTest1994]
org.testng.Assert.fail(Assert.java:111)
org.testng.Assert.failNotEquals(Assert.java:1590)
org.testng.Assert.assertEqualsImpl(Assert.java:150)
org.testng.Assert.assertEquals(Assert.java:132)
org.testng.Assert.assertEquals(Assert.java:656)
com.JodaynDemo.tests.TC16_OrderPlaceLoginBeforeCheckout.verifyLoggedInAsUsernameAtTop(TC16_OrderPlaceLoginBeforeCheckout.java:54)
com.JodaynDemo.tests.TC16_OrderPlaceLoginBeforeCheckout.placeOrderLoginBeforeCheckout(TC16_OrderPlaceLoginBeforeCheckout.java:42)
java.base/jdk.internal.reflect.DirectMethodHandleAccessor.invoke(DirectMethodHandleAccessor.java:103)
java.base/java.lang.reflect.Method.invoke(Method.java:580)
org.testng.internal.invokers.MethodInvocationHelper.invokeMethod(MethodInvocationHelper.java:141)
org.testng.internal.invokers.TestInvoker.invokeMethod(TestInvoker.java:687)
org.testng.internal.invokers.TestInvoker.invokeTestMethod(TestInvoker.java:230)
org.testng.internal.invokers.MethodRunner.runInSequence(MethodRunner.java:63)
org.testng.internal.invokers.TestInvoker$MethodInvocationAgent.invoke(TestInvoker.java:995)
org.testng.internal.invokers.TestInvoker.invokeTestMethods(TestInvoker.java:203)
org.testng.internal.invokers.TestMethodWorker.invokeTestMethods(TestMethodWorker.java:154)
org.testng.internal.invokers.TestMethodWorker.run(TestMethodWorker.java:134)
java.base/java.util.concurrent.Executors$RunnableAdapter.call(Executors.java:572)
java.base/java.util.concurrent.FutureTask.run(FutureTask.java:317)
org.testng.internal.thread.graph.TestNGFutureTask.run(TestNGFutureTask.java:22)
java.base/java.util.concurrent.ThreadPoolExecutor.runWorker(ThreadPoolExecutor.java:1144)
java.base/java.util.concurrent.ThreadPoolExecutor$Worker.run(ThreadPoolExecutor.java:642)
java.base/java.lang.Thread.run(Thread.java:1583)
Test Failed: viewCategoryProducts - com.JodaynDemo.tests.TC18_ProductViewCategory
Error: org.openqa.selenium.ElementNotInteractableException: element not interactable
  (Session info: chrome=136.0.7103.92)
Build info: version: '4.31.0', revision: '1ef9f18787*'
System info: os.name: 'Windows 10', os.arch: 'amd64', os.version: '10.0', java.version: '21.0.6'
Driver info: org.openqa.selenium.chrome.ChromeDriver
Command: [4232707599ea6aa69e2ebf0ea435b1a4, clickElement {id=f.D7ECB1B18AFD04315E4F83528FE79EDA.d.FD2D28E14D216BDD53EE31BE04E89D22.e.75}]
Capabilities {acceptInsecureCerts: false, browserName: chrome, browserVersion: 136.0.7103.92, chrome: {chromedriverVersion: 136.0.7103.92 (cb81a4cc5087..., userDataDir: C:\Users\hydroweb\AppData\L...}, fedcm:accounts: true, goog:chromeOptions: {debuggerAddress: localhost:57707}, networkConnectionEnabled: false, pageLoadStrategy: normal, platformName: windows, proxy: Proxy(), se:cdp: ws://localhost:57707/devtoo..., se:cdpVersion: 136.0.7103.92, setWindowRect: true, strictFileInteractability: false, timeouts: {implicit: 0, pageLoad: 300000, script: 30000}, unhandledPromptBehavior: dismiss and notify, webauthn:extension:credBlob: true, webauthn:extension:largeBlob: true, webauthn:extension:minPinLength: true, webauthn:extension:prf: true, webauthn:virtualAuthenticators: true}
Element: [[ChromeDriver: chrome on windows (4232707599ea6aa69e2ebf0ea435b1a4)] -> css selector: a[href='/category_products/3']]
Session ID: 4232707599ea6aa69e2ebf0ea435b1a4
java.base/jdk.internal.reflect.DirectConstructorHandleAccessor.newInstance(DirectConstructorHandleAccessor.java:62)
java.base/java.lang.reflect.Constructor.newInstanceWithCaller(Constructor.java:502)
java.base/java.lang.reflect.Constructor.newInstance(Constructor.java:486)
org.openqa.selenium.remote.ErrorCodec.decode(ErrorCodec.java:167)
org.openqa.selenium.remote.codec.w3c.W3CHttpResponseCodec.decode(W3CHttpResponseCodec.java:138)
org.openqa.selenium.remote.codec.w3c.W3CHttpResponseCodec.decode(W3CHttpResponseCodec.java:50)
org.openqa.selenium.remote.HttpCommandExecutor.execute(HttpCommandExecutor.java:215)
org.openqa.selenium.remote.service.DriverCommandExecutor.invokeExecute(DriverCommandExecutor.java:216)
org.openqa.selenium.remote.service.DriverCommandExecutor.execute(DriverCommandExecutor.java:174)
org.openqa.selenium.remote.RemoteWebDriver.execute(RemoteWebDriver.java:545)
org.openqa.selenium.remote.RemoteWebElement.execute(RemoteWebElement.java:223)
org.openqa.selenium.remote.RemoteWebElement.click(RemoteWebElement.java:76)
com.JodaynDemo.pages.Products.tShirtsCategoryClick(Products.java:121)
com.JodaynDemo.tests.TC18_ProductViewCategory.verifyThatUserIsNavigatedToThatCategoryPage(TC18_ProductViewCategory.java:54)
com.JodaynDemo.tests.TC18_ProductViewCategory.viewCategoryProducts(TC18_ProductViewCategory.java:29)
java.base/jdk.internal.reflect.DirectMethodHandleAccessor.invoke(DirectMethodHandleAccessor.java:103)
java.base/java.lang.reflect.Method.invoke(Method.java:580)
org.testng.internal.invokers.MethodInvocationHelper.invokeMethod(MethodInvocationHelper.java:141)
org.testng.internal.invokers.TestInvoker.invokeMethod(TestInvoker.java:687)
org.testng.internal.invokers.TestInvoker.invokeTestMethod(TestInvoker.java:230)
org.testng.internal.invokers.MethodRunner.runInSequence(MethodRunner.java:63)
org.testng.internal.invokers.TestInvoker$MethodInvocationAgent.invoke(TestInvoker.java:995)
org.testng.internal.invokers.TestInvoker.invokeTestMethods(TestInvoker.java:203)
org.testng.internal.invokers.TestMethodWorker.invokeTestMethods(TestMethodWorker.java:154)
org.testng.internal.invokers.TestMethodWorker.run(TestMethodWorker.java:134)
java.base/java.util.concurrent.Executors$RunnableAdapter.call(Executors.java:572)
java.base/java.util.concurrent.FutureTask.run(FutureTask.java:317)
org.testng.internal.thread.graph.TestNGFutureTask.run(TestNGFutureTask.java:22)
java.base/java.util.concurrent.ThreadPoolExecutor.runWorker(ThreadPoolExecutor.java:1144)
java.base/java.util.concurrent.ThreadPoolExecutor$Worker.run(ThreadPoolExecutor.java:642)
java.base/java.lang.Thread.run(Thread.java:1583)
Test Failed: AddToCartFromRecommendedItems - com.JodaynDemo.tests.TC22_AddtoCartRecommendedItems
Error: org.openqa.selenium.NoSuchWindowException: no such window: target window already closed
from unknown error: web view not found
  (Session info: chrome=136.0.7103.92)
Build info: version: '4.31.0', revision: '1ef9f18787*'
System info: os.name: 'Windows 10', os.arch: 'amd64', os.version: '10.0', java.version: '21.0.6'
Driver info: org.openqa.selenium.chrome.ChromeDriver
Command: [d269c8da9a88d2aa9cabdf78380fba15, findElement {value=div[class='recommended_items'] h2, using=css selector}]
Capabilities {acceptInsecureCerts: false, browserName: chrome, browserVersion: 136.0.7103.92, chrome: {chromedriverVersion: 136.0.7103.92 (cb81a4cc5087..., userDataDir: C:\Users\hydroweb\AppData\L...}, fedcm:accounts: true, goog:chromeOptions: {debuggerAddress: localhost:57846}, networkConnectionEnabled: false, pageLoadStrategy: normal, platformName: windows, proxy: Proxy(), se:cdp: ws://localhost:57846/devtoo..., se:cdpVersion: 136.0.7103.92, setWindowRect: true, strictFileInteractability: false, timeouts: {implicit: 0, pageLoad: 300000, script: 30000}, unhandledPromptBehavior: dismiss and notify, webauthn:extension:credBlob: true, webauthn:extension:largeBlob: true, webauthn:extension:minPinLength: true, webauthn:extension:prf: true, webauthn:virtualAuthenticators: true}
Session ID: d269c8da9a88d2aa9cabdf78380fba15
java.base/jdk.internal.reflect.DirectConstructorHandleAccessor.newInstance(DirectConstructorHandleAccessor.java:62)
java.base/java.lang.reflect.Constructor.newInstanceWithCaller(Constructor.java:502)
java.base/java.lang.reflect.Constructor.newInstance(Constructor.java:486)
org.openqa.selenium.remote.ErrorCodec.decode(ErrorCodec.java:167)
org.openqa.selenium.remote.codec.w3c.W3CHttpResponseCodec.decode(W3CHttpResponseCodec.java:138)
org.openqa.selenium.remote.codec.w3c.W3CHttpResponseCodec.decode(W3CHttpResponseCodec.java:50)
org.openqa.selenium.remote.HttpCommandExecutor.execute(HttpCommandExecutor.java:215)
org.openqa.selenium.remote.service.DriverCommandExecutor.invokeExecute(DriverCommandExecutor.java:216)
org.openqa.selenium.remote.service.DriverCommandExecutor.execute(DriverCommandExecutor.java:174)
org.openqa.selenium.remote.RemoteWebDriver.execute(RemoteWebDriver.java:545)
org.openqa.selenium.remote.ElementLocation$ElementFinder$2.findElement(ElementLocation.java:165)
org.openqa.selenium.remote.ElementLocation.findElement(ElementLocation.java:59)
org.openqa.selenium.remote.RemoteWebDriver.findElement(RemoteWebDriver.java:368)
org.openqa.selenium.remote.RemoteWebDriver.findElement(RemoteWebDriver.java:362)
com.JodaynDemo.pages.Home.recommendedItems(Home.java:58)
com.JodaynDemo.pages.Home.getRecommendedItems(Home.java:153)
com.JodaynDemo.tests.TC22_AddtoCartRecommendedItems.verifyRecommendedItemsAreVisible(TC22_AddtoCartRecommendedItems.java:32)
com.JodaynDemo.tests.TC22_AddtoCartRecommendedItems.AddToCartFromRecommendedItems(TC22_AddtoCartRecommendedItems.java:25)
java.base/jdk.internal.reflect.DirectMethodHandleAccessor.invoke(DirectMethodHandleAccessor.java:103)
java.base/java.lang.reflect.Method.invoke(Method.java:580)
org.testng.internal.invokers.MethodInvocationHelper.invokeMethod(MethodInvocationHelper.java:141)
org.testng.internal.invokers.TestInvoker.invokeMethod(TestInvoker.java:687)
org.testng.internal.invokers.TestInvoker.invokeTestMethod(TestInvoker.java:230)
org.testng.internal.invokers.MethodRunner.runInSequence(MethodRunner.java:63)
org.testng.internal.invokers.TestInvoker$MethodInvocationAgent.invoke(TestInvoker.java:995)
org.testng.internal.invokers.TestInvoker.invokeTestMethods(TestInvoker.java:203)
org.testng.internal.invokers.TestMethodWorker.invokeTestMethods(TestMethodWorker.java:154)
org.testng.internal.invokers.TestMethodWorker.run(TestMethodWorker.java:134)
java.base/java.util.concurrent.Executors$RunnableAdapter.call(Executors.java:572)
java.base/java.util.concurrent.FutureTask.run(FutureTask.java:317)
org.testng.internal.thread.graph.TestNGFutureTask.run(TestNGFutureTask.java:22)
java.base/java.util.concurrent.ThreadPoolExecutor.runWorker(ThreadPoolExecutor.java:1144)
java.base/java.util.concurrent.ThreadPoolExecutor$Worker.run(ThreadPoolExecutor.java:642)
java.base/java.lang.Thread.run(Thread.java:1583)
Test Failed: verifyAddressDetailsInCheckoutPage - com.JodaynDemo.tests.TC23_CheckoutValidateAddressDetails
Error: org.openqa.selenium.NoSuchWindowException: no such window: target window already closed
from unknown error: web view not found
  (Session info: chrome=136.0.7103.92)
Build info: version: '4.31.0', revision: '1ef9f18787*'
System info: os.name: 'Windows 10', os.arch: 'amd64', os.version: '10.0', java.version: '21.0.6'
Driver info: org.openqa.selenium.chrome.ChromeDriver
Command: [832ea077ca9a236d9b396b23424a813a, findElement {value=div.item.active img[alt='demo website for practice'], using=css selector}]
Capabilities {acceptInsecureCerts: false, browserName: chrome, browserVersion: 136.0.7103.92, chrome: {chromedriverVersion: 136.0.7103.92 (cb81a4cc5087..., userDataDir: C:\Users\hydroweb\AppData\L...}, fedcm:accounts: true, goog:chromeOptions: {debuggerAddress: localhost:57878}, networkConnectionEnabled: false, pageLoadStrategy: normal, platformName: windows, proxy: Proxy(), se:cdp: ws://localhost:57878/devtoo..., se:cdpVersion: 136.0.7103.92, setWindowRect: true, strictFileInteractability: false, timeouts: {implicit: 0, pageLoad: 300000, script: 30000}, unhandledPromptBehavior: dismiss and notify, webauthn:extension:credBlob: true, webauthn:extension:largeBlob: true, webauthn:extension:minPinLength: true, webauthn:extension:prf: true, webauthn:virtualAuthenticators: true}
Session ID: 832ea077ca9a236d9b396b23424a813a
java.base/jdk.internal.reflect.DirectConstructorHandleAccessor.newInstance(DirectConstructorHandleAccessor.java:62)
java.base/java.lang.reflect.Constructor.newInstanceWithCaller(Constructor.java:502)
java.base/java.lang.reflect.Constructor.newInstance(Constructor.java:486)
org.openqa.selenium.remote.ErrorCodec.decode(ErrorCodec.java:167)
org.openqa.selenium.remote.codec.w3c.W3CHttpResponseCodec.decode(W3CHttpResponseCodec.java:138)
org.openqa.selenium.remote.codec.w3c.W3CHttpResponseCodec.decode(W3CHttpResponseCodec.java:50)
org.openqa.selenium.remote.HttpCommandExecutor.execute(HttpCommandExecutor.java:215)
org.openqa.selenium.remote.service.DriverCommandExecutor.invokeExecute(DriverCommandExecutor.java:216)
org.openqa.selenium.remote.service.DriverCommandExecutor.execute(DriverCommandExecutor.java:174)
org.openqa.selenium.remote.RemoteWebDriver.execute(RemoteWebDriver.java:545)
org.openqa.selenium.remote.ElementLocation$ElementFinder$2.findElement(ElementLocation.java:165)
org.openqa.selenium.remote.ElementLocation.findElement(ElementLocation.java:59)
org.openqa.selenium.remote.RemoteWebDriver.findElement(RemoteWebDriver.java:368)
org.openqa.selenium.remote.RemoteWebDriver.findElement(RemoteWebDriver.java:362)
com.JodaynDemo.pages.Home.girlImgResponsive(Home.java:18)
com.JodaynDemo.pages.Home.homePageIsVisible(Home.java:102)
com.JodaynDemo.tests.TC1_UserRegistration.verifyThatHomePageIsVisibleSuccessfully(TC1_UserRegistration.java:53)
com.JodaynDemo.tests.TC23_CheckoutValidateAddressDetails.verifyAddressDetailsInCheckoutPage(TC23_CheckoutValidateAddressDetails.java:36)
java.base/jdk.internal.reflect.DirectMethodHandleAccessor.invoke(DirectMethodHandleAccessor.java:103)
java.base/java.lang.reflect.Method.invoke(Method.java:580)
org.testng.internal.invokers.MethodInvocationHelper.invokeMethod(MethodInvocationHelper.java:141)
org.testng.internal.invokers.TestInvoker.invokeMethod(TestInvoker.java:687)
org.testng.internal.invokers.TestInvoker.invokeTestMethod(TestInvoker.java:230)
org.testng.internal.invokers.MethodRunner.runInSequence(MethodRunner.java:63)
org.testng.internal.invokers.TestInvoker$MethodInvocationAgent.invoke(TestInvoker.java:995)
org.testng.internal.invokers.TestInvoker.invokeTestMethods(TestInvoker.java:203)
org.testng.internal.invokers.TestMethodWorker.invokeTestMethods(TestMethodWorker.java:154)
org.testng.internal.invokers.TestMethodWorker.run(TestMethodWorker.java:134)
java.base/java.util.concurrent.Executors$RunnableAdapter.call(Executors.java:572)
java.base/java.util.concurrent.FutureTask.run(FutureTask.java:317)
org.testng.internal.thread.graph.TestNGFutureTask.run(TestNGFutureTask.java:22)
java.base/java.util.concurrent.ThreadPoolExecutor.runWorker(ThreadPoolExecutor.java:1144)
java.base/java.util.concurrent.ThreadPoolExecutor$Worker.run(ThreadPoolExecutor.java:642)
java.base/java.lang.Thread.run(Thread.java:1583)
Test Failed: downloadInvoiceAfterPurchaseOrder - com.JodaynDemo.tests.TC24_InvoiceDownloadAfterPurchase
Error: org.openqa.selenium.NoSuchWindowException: no such window: target window already closed
from unknown error: web view not found
  (Session info: chrome=136.0.7103.92)
Build info: version: '4.31.0', revision: '1ef9f18787*'
System info: os.name: 'Windows 10', os.arch: 'amd64', os.version: '10.0', java.version: '21.0.6'
Driver info: org.openqa.selenium.chrome.ChromeDriver
Command: [e3bbcdabf786f994b22f2453a86de2a9, findElement {value=div.item.active img[alt='demo website for practice'], using=css selector}]
Capabilities {acceptInsecureCerts: false, browserName: chrome, browserVersion: 136.0.7103.92, chrome: {chromedriverVersion: 136.0.7103.92 (cb81a4cc5087..., userDataDir: C:\Users\hydroweb\AppData\L...}, fedcm:accounts: true, goog:chromeOptions: {debuggerAddress: localhost:57896}, networkConnectionEnabled: false, pageLoadStrategy: normal, platformName: windows, proxy: Proxy(), se:cdp: ws://localhost:57896/devtoo..., se:cdpVersion: 136.0.7103.92, setWindowRect: true, strictFileInteractability: false, timeouts: {implicit: 0, pageLoad: 300000, script: 30000}, unhandledPromptBehavior: dismiss and notify, webauthn:extension:credBlob: true, webauthn:extension:largeBlob: true, webauthn:extension:minPinLength: true, webauthn:extension:prf: true, webauthn:virtualAuthenticators: true}
Session ID: e3bbcdabf786f994b22f2453a86de2a9
java.base/jdk.internal.reflect.DirectConstructorHandleAccessor.newInstance(DirectConstructorHandleAccessor.java:62)
java.base/java.lang.reflect.Constructor.newInstanceWithCaller(Constructor.java:502)
java.base/java.lang.reflect.Constructor.newInstance(Constructor.java:486)
org.openqa.selenium.remote.ErrorCodec.decode(ErrorCodec.java:167)
org.openqa.selenium.remote.codec.w3c.W3CHttpResponseCodec.decode(W3CHttpResponseCodec.java:138)
org.openqa.selenium.remote.codec.w3c.W3CHttpResponseCodec.decode(W3CHttpResponseCodec.java:50)
org.openqa.selenium.remote.HttpCommandExecutor.execute(HttpCommandExecutor.java:215)
org.openqa.selenium.remote.service.DriverCommandExecutor.invokeExecute(DriverCommandExecutor.java:216)
org.openqa.selenium.remote.service.DriverCommandExecutor.execute(DriverCommandExecutor.java:174)
org.openqa.selenium.remote.RemoteWebDriver.execute(RemoteWebDriver.java:545)
org.openqa.selenium.remote.ElementLocation$ElementFinder$2.findElement(ElementLocation.java:165)
org.openqa.selenium.remote.ElementLocation.findElement(ElementLocation.java:59)
org.openqa.selenium.remote.RemoteWebDriver.findElement(RemoteWebDriver.java:368)
org.openqa.selenium.remote.RemoteWebDriver.findElement(RemoteWebDriver.java:362)
com.JodaynDemo.pages.Home.girlImgResponsive(Home.java:18)
com.JodaynDemo.pages.Home.homePageIsVisible(Home.java:102)
com.JodaynDemo.tests.TC1_UserRegistration.verifyThatHomePageIsVisibleSuccessfully(TC1_UserRegistration.java:53)
com.JodaynDemo.tests.TC24_InvoiceDownloadAfterPurchase.downloadInvoiceAfterPurchaseOrder(TC24_InvoiceDownloadAfterPurchase.java:47)
java.base/jdk.internal.reflect.DirectMethodHandleAccessor.invoke(DirectMethodHandleAccessor.java:103)
java.base/java.lang.reflect.Method.invoke(Method.java:580)
org.testng.internal.invokers.MethodInvocationHelper.invokeMethod(MethodInvocationHelper.java:141)
org.testng.internal.invokers.TestInvoker.invokeMethod(TestInvoker.java:687)
org.testng.internal.invokers.TestInvoker.invokeTestMethod(TestInvoker.java:230)
org.testng.internal.invokers.MethodRunner.runInSequence(MethodRunner.java:63)
org.testng.internal.invokers.TestInvoker$MethodInvocationAgent.invoke(TestInvoker.java:995)
org.testng.internal.invokers.TestInvoker.invokeTestMethods(TestInvoker.java:203)
org.testng.internal.invokers.TestMethodWorker.invokeTestMethods(TestMethodWorker.java:154)
org.testng.internal.invokers.TestMethodWorker.run(TestMethodWorker.java:134)
java.base/java.util.concurrent.Executors$RunnableAdapter.call(Executors.java:572)
java.base/java.util.concurrent.FutureTask.run(FutureTask.java:317)
org.testng.internal.thread.graph.TestNGFutureTask.run(TestNGFutureTask.java:22)
java.base/java.util.concurrent.ThreadPoolExecutor.runWorker(ThreadPoolExecutor.java:1144)
java.base/java.util.concurrent.ThreadPoolExecutor$Worker.run(ThreadPoolExecutor.java:642)
java.base/java.lang.Thread.run(Thread.java:1583)
Test Failed: verifyScrollUpUsingArrowButtonAndScrollDownFunctionality - com.JodaynDemo.tests.TC25_ScrollUpandScrollDown
Error: org.openqa.selenium.NoSuchWindowException: no such window: target window already closed
from unknown error: web view not found
  (Session info: chrome=136.0.7103.92)
Build info: version: '4.31.0', revision: '1ef9f18787*'
System info: os.name: 'Windows 10', os.arch: 'amd64', os.version: '10.0', java.version: '21.0.6'
Driver info: org.openqa.selenium.chrome.ChromeDriver
Command: [981736e2e463640715a3224ac696238e, findElement {value=div.item.active img[alt='demo website for practice'], using=css selector}]
Capabilities {acceptInsecureCerts: false, browserName: chrome, browserVersion: 136.0.7103.92, chrome: {chromedriverVersion: 136.0.7103.92 (cb81a4cc5087..., userDataDir: C:\Users\hydroweb\AppData\L...}, fedcm:accounts: true, goog:chromeOptions: {debuggerAddress: localhost:57914}, networkConnectionEnabled: false, pageLoadStrategy: normal, platformName: windows, proxy: Proxy(), se:cdp: ws://localhost:57914/devtoo..., se:cdpVersion: 136.0.7103.92, setWindowRect: true, strictFileInteractability: false, timeouts: {implicit: 0, pageLoad: 300000, script: 30000}, unhandledPromptBehavior: dismiss and notify, webauthn:extension:credBlob: true, webauthn:extension:largeBlob: true, webauthn:extension:minPinLength: true, webauthn:extension:prf: true, webauthn:virtualAuthenticators: true}
Session ID: 981736e2e463640715a3224ac696238e
java.base/jdk.internal.reflect.DirectConstructorHandleAccessor.newInstance(DirectConstructorHandleAccessor.java:62)
java.base/java.lang.reflect.Constructor.newInstanceWithCaller(Constructor.java:502)
java.base/java.lang.reflect.Constructor.newInstance(Constructor.java:486)
org.openqa.selenium.remote.ErrorCodec.decode(ErrorCodec.java:167)
org.openqa.selenium.remote.codec.w3c.W3CHttpResponseCodec.decode(W3CHttpResponseCodec.java:138)
org.openqa.selenium.remote.codec.w3c.W3CHttpResponseCodec.decode(W3CHttpResponseCodec.java:50)
org.openqa.selenium.remote.HttpCommandExecutor.execute(HttpCommandExecutor.java:215)
org.openqa.selenium.remote.service.DriverCommandExecutor.invokeExecute(DriverCommandExecutor.java:216)
org.openqa.selenium.remote.service.DriverCommandExecutor.execute(DriverCommandExecutor.java:174)
org.openqa.selenium.remote.RemoteWebDriver.execute(RemoteWebDriver.java:545)
org.openqa.selenium.remote.ElementLocation$ElementFinder$2.findElement(ElementLocation.java:165)
org.openqa.selenium.remote.ElementLocation.findElement(ElementLocation.java:59)
org.openqa.selenium.remote.RemoteWebDriver.findElement(RemoteWebDriver.java:368)
org.openqa.selenium.remote.RemoteWebDriver.findElement(RemoteWebDriver.java:362)
com.JodaynDemo.pages.Home.girlImgResponsive(Home.java:18)
com.JodaynDemo.pages.Home.homePageIsVisible(Home.java:102)
com.JodaynDemo.tests.TC1_UserRegistration.verifyThatHomePageIsVisibleSuccessfully(TC1_UserRegistration.java:53)
com.JodaynDemo.tests.TC25_ScrollUpandScrollDown.verifyScrollUpUsingArrowButtonAndScrollDownFunctionality(TC25_ScrollUpandScrollDown.java:30)
java.base/jdk.internal.reflect.DirectMethodHandleAccessor.invoke(DirectMethodHandleAccessor.java:103)
java.base/java.lang.reflect.Method.invoke(Method.java:580)
org.testng.internal.invokers.MethodInvocationHelper.invokeMethod(MethodInvocationHelper.java:141)
org.testng.internal.invokers.TestInvoker.invokeMethod(TestInvoker.java:687)
org.testng.internal.invokers.TestInvoker.invokeTestMethod(TestInvoker.java:230)
org.testng.internal.invokers.MethodRunner.runInSequence(MethodRunner.java:63)
org.testng.internal.invokers.TestInvoker$MethodInvocationAgent.invoke(TestInvoker.java:995)
org.testng.internal.invokers.TestInvoker.invokeTestMethods(TestInvoker.java:203)
org.testng.internal.invokers.TestMethodWorker.invokeTestMethods(TestMethodWorker.java:154)
org.testng.internal.invokers.TestMethodWorker.run(TestMethodWorker.java:134)
java.base/java.util.concurrent.Executors$RunnableAdapter.call(Executors.java:572)
java.base/java.util.concurrent.FutureTask.run(FutureTask.java:317)
org.testng.internal.thread.graph.TestNGFutureTask.run(TestNGFutureTask.java:22)
java.base/java.util.concurrent.ThreadPoolExecutor.runWorker(ThreadPoolExecutor.java:1144)
java.base/java.util.concurrent.ThreadPoolExecutor$Worker.run(ThreadPoolExecutor.java:642)
java.base/java.lang.Thread.run(Thread.java:1583)
Test Failed: placeOrderLoginBeforeCheckout - com.JodaynDemo.tests.TC16_OrderPlaceLoginBeforeCheckout
Error: java.lang.AssertionError: Verify 'Logged in as username' at top expected [BilalTest1994] but found [Logged in as BilalTest1994]
org.testng.Assert.fail(Assert.java:111)
org.testng.Assert.failNotEquals(Assert.java:1590)
org.testng.Assert.assertEqualsImpl(Assert.java:150)
org.testng.Assert.assertEquals(Assert.java:132)
org.testng.Assert.assertEquals(Assert.java:656)
com.JodaynDemo.tests.TC16_OrderPlaceLoginBeforeCheckout.verifyLoggedInAsUsernameAtTop(TC16_OrderPlaceLoginBeforeCheckout.java:54)
com.JodaynDemo.tests.TC16_OrderPlaceLoginBeforeCheckout.placeOrderLoginBeforeCheckout(TC16_OrderPlaceLoginBeforeCheckout.java:42)
java.base/jdk.internal.reflect.DirectMethodHandleAccessor.invoke(DirectMethodHandleAccessor.java:103)
java.base/java.lang.reflect.Method.invoke(Method.java:580)
org.testng.internal.invokers.MethodInvocationHelper.invokeMethod(MethodInvocationHelper.java:141)
org.testng.internal.invokers.TestInvoker.invokeMethod(TestInvoker.java:687)
org.testng.internal.invokers.TestInvoker.invokeTestMethod(TestInvoker.java:230)
org.testng.internal.invokers.MethodRunner.runInSequence(MethodRunner.java:63)
org.testng.internal.invokers.TestInvoker$MethodInvocationAgent.invoke(TestInvoker.java:995)
org.testng.internal.invokers.TestInvoker.invokeTestMethods(TestInvoker.java:203)
org.testng.internal.invokers.TestMethodWorker.invokeTestMethods(TestMethodWorker.java:154)
org.testng.internal.invokers.TestMethodWorker.run(TestMethodWorker.java:134)
java.base/java.util.concurrent.Executors$RunnableAdapter.call(Executors.java:572)
java.base/java.util.concurrent.FutureTask.run(FutureTask.java:317)
org.testng.internal.thread.graph.TestNGFutureTask.run(TestNGFutureTask.java:22)
java.base/java.util.concurrent.ThreadPoolExecutor.runWorker(ThreadPoolExecutor.java:1144)
java.base/java.util.concurrent.ThreadPoolExecutor$Worker.run(ThreadPoolExecutor.java:642)
java.base/java.lang.Thread.run(Thread.java:1583)
Test Failed: viewCategoryProducts - com.JodaynDemo.tests.TC18_ProductViewCategory
Error: org.openqa.selenium.ElementNotInteractableException: element not interactable
  (Session info: chrome=136.0.7103.92)
Build info: version: '4.31.0', revision: '1ef9f18787*'
System info: os.name: 'Windows 10', os.arch: 'amd64', os.version: '10.0', java.version: '21.0.6'
Driver info: org.openqa.selenium.chrome.ChromeDriver
Command: [312f9efa3db703e7f4c6ef274f7cec86, clickElement {id=f.CE8E3E17E74212F10ADDC2F8962BDB48.d.C017FD39FF07DF39849533A8B2060D4A.e.76}]
Capabilities {acceptInsecureCerts: false, browserName: chrome, browserVersion: 136.0.7103.92, chrome: {chromedriverVersion: 136.0.7103.92 (cb81a4cc5087..., userDataDir: C:\Users\hydroweb\AppData\L...}, fedcm:accounts: true, goog:chromeOptions: {debuggerAddress: localhost:58023}, networkConnectionEnabled: false, pageLoadStrategy: normal, platformName: windows, proxy: Proxy(), se:cdp: ws://localhost:58023/devtoo..., se:cdpVersion: 136.0.7103.92, setWindowRect: true, strictFileInteractability: false, timeouts: {implicit: 0, pageLoad: 300000, script: 30000}, unhandledPromptBehavior: dismiss and notify, webauthn:extension:credBlob: true, webauthn:extension:largeBlob: true, webauthn:extension:minPinLength: true, webauthn:extension:prf: true, webauthn:virtualAuthenticators: true}
Element: [[ChromeDriver: chrome on windows (312f9efa3db703e7f4c6ef274f7cec86)] -> css selector: a[href='/category_products/3']]
Session ID: 312f9efa3db703e7f4c6ef274f7cec86
java.base/jdk.internal.reflect.DirectConstructorHandleAccessor.newInstance(DirectConstructorHandleAccessor.java:62)
java.base/java.lang.reflect.Constructor.newInstanceWithCaller(Constructor.java:502)
java.base/java.lang.reflect.Constructor.newInstance(Constructor.java:486)
org.openqa.selenium.remote.ErrorCodec.decode(ErrorCodec.java:167)
org.openqa.selenium.remote.codec.w3c.W3CHttpResponseCodec.decode(W3CHttpResponseCodec.java:138)
org.openqa.selenium.remote.codec.w3c.W3CHttpResponseCodec.decode(W3CHttpResponseCodec.java:50)
org.openqa.selenium.remote.HttpCommandExecutor.execute(HttpCommandExecutor.java:215)
org.openqa.selenium.remote.service.DriverCommandExecutor.invokeExecute(DriverCommandExecutor.java:216)
org.openqa.selenium.remote.service.DriverCommandExecutor.execute(DriverCommandExecutor.java:174)
org.openqa.selenium.remote.RemoteWebDriver.execute(RemoteWebDriver.java:545)
org.openqa.selenium.remote.RemoteWebElement.execute(RemoteWebElement.java:223)
org.openqa.selenium.remote.RemoteWebElement.click(RemoteWebElement.java:76)
com.JodaynDemo.pages.Products.tShirtsCategoryClick(Products.java:121)
com.JodaynDemo.tests.TC18_ProductViewCategory.verifyThatUserIsNavigatedToThatCategoryPage(TC18_ProductViewCategory.java:54)
com.JodaynDemo.tests.TC18_ProductViewCategory.viewCategoryProducts(TC18_ProductViewCategory.java:29)
java.base/jdk.internal.reflect.DirectMethodHandleAccessor.invoke(DirectMethodHandleAccessor.java:103)
java.base/java.lang.reflect.Method.invoke(Method.java:580)
org.testng.internal.invokers.MethodInvocationHelper.invokeMethod(MethodInvocationHelper.java:141)
org.testng.internal.invokers.TestInvoker.invokeMethod(TestInvoker.java:687)
org.testng.internal.invokers.TestInvoker.invokeTestMethod(TestInvoker.java:230)
org.testng.internal.invokers.MethodRunner.runInSequence(MethodRunner.java:63)
org.testng.internal.invokers.TestInvoker$MethodInvocationAgent.invoke(TestInvoker.java:995)
org.testng.internal.invokers.TestInvoker.invokeTestMethods(TestInvoker.java:203)
org.testng.internal.invokers.TestMethodWorker.invokeTestMethods(TestMethodWorker.java:154)
org.testng.internal.invokers.TestMethodWorker.run(TestMethodWorker.java:134)
java.base/java.util.concurrent.Executors$RunnableAdapter.call(Executors.java:572)
java.base/java.util.concurrent.FutureTask.run(FutureTask.java:317)
org.testng.internal.thread.graph.TestNGFutureTask.run(TestNGFutureTask.java:22)
java.base/java.util.concurrent.ThreadPoolExecutor.runWorker(ThreadPoolExecutor.java:1144)
java.base/java.util.concurrent.ThreadPoolExecutor$Worker.run(ThreadPoolExecutor.java:642)
java.base/java.lang.Thread.run(Thread.java:1583)
Test Failed: addReviewOnProduct - com.JodaynDemo.tests.TC21_ProductReviewAdd
Error: org.openqa.selenium.NoSuchWindowException: no such window: target window already closed
from unknown error: web view not found
  (Session info: chrome=136.0.7103.92)
Build info: version: '4.31.0', revision: '1ef9f18787*'
System info: os.name: 'Windows 10', os.arch: 'amd64', os.version: '10.0', java.version: '21.0.6'
Driver info: org.openqa.selenium.chrome.ChromeDriver
Command: [3d45f4a7600875c5c9b458e83dc9bbde, findElement {using=css selector, value=a[href='/products']}]
Capabilities {acceptInsecureCerts: false, browserName: chrome, browserVersion: 136.0.7103.92, chrome: {chromedriverVersion: 136.0.7103.92 (cb81a4cc5087..., userDataDir: C:\Users\hydroweb\AppData\L...}, fedcm:accounts: true, goog:chromeOptions: {debuggerAddress: localhost:58099}, networkConnectionEnabled: false, pageLoadStrategy: normal, platformName: windows, proxy: Proxy(), se:cdp: ws://localhost:58099/devtoo..., se:cdpVersion: 136.0.7103.92, setWindowRect: true, strictFileInteractability: false, timeouts: {implicit: 0, pageLoad: 300000, script: 30000}, unhandledPromptBehavior: dismiss and notify, webauthn:extension:credBlob: true, webauthn:extension:largeBlob: true, webauthn:extension:minPinLength: true, webauthn:extension:prf: true, webauthn:virtualAuthenticators: true}
Session ID: 3d45f4a7600875c5c9b458e83dc9bbde
java.base/jdk.internal.reflect.DirectConstructorHandleAccessor.newInstance(DirectConstructorHandleAccessor.java:62)
java.base/java.lang.reflect.Constructor.newInstanceWithCaller(Constructor.java:502)
java.base/java.lang.reflect.Constructor.newInstance(Constructor.java:486)
org.openqa.selenium.remote.ErrorCodec.decode(ErrorCodec.java:167)
org.openqa.selenium.remote.codec.w3c.W3CHttpResponseCodec.decode(W3CHttpResponseCodec.java:138)
org.openqa.selenium.remote.codec.w3c.W3CHttpResponseCodec.decode(W3CHttpResponseCodec.java:50)
org.openqa.selenium.remote.HttpCommandExecutor.execute(HttpCommandExecutor.java:215)
org.openqa.selenium.remote.service.DriverCommandExecutor.invokeExecute(DriverCommandExecutor.java:216)
org.openqa.selenium.remote.service.DriverCommandExecutor.execute(DriverCommandExecutor.java:174)
org.openqa.selenium.remote.RemoteWebDriver.execute(RemoteWebDriver.java:545)
org.openqa.selenium.remote.ElementLocation$ElementFinder$2.findElement(ElementLocation.java:165)
org.openqa.selenium.remote.ElementLocation.findElement(ElementLocation.java:59)
org.openqa.selenium.remote.RemoteWebDriver.findElement(RemoteWebDriver.java:368)
org.openqa.selenium.remote.RemoteWebDriver.findElement(RemoteWebDriver.java:362)
com.JodaynDemo.pages.Home.productsButton(Home.java:34)
com.JodaynDemo.pages.Home.productsButtonClick(Home.java:121)
com.JodaynDemo.tests.TC8_ProductAndProductDetailsValidation.verifyUserIsNavigatedToAllProductsPageSuccessfully(TC8_ProductAndProductDetailsValidation.java:37)
com.JodaynDemo.tests.TC21_ProductReviewAdd.addReviewOnProduct(TC21_ProductReviewAdd.java:30)
java.base/jdk.internal.reflect.DirectMethodHandleAccessor.invoke(DirectMethodHandleAccessor.java:103)
java.base/java.lang.reflect.Method.invoke(Method.java:580)
org.testng.internal.invokers.MethodInvocationHelper.invokeMethod(MethodInvocationHelper.java:141)
org.testng.internal.invokers.TestInvoker.invokeMethod(TestInvoker.java:687)
org.testng.internal.invokers.TestInvoker.invokeTestMethod(TestInvoker.java:230)
org.testng.internal.invokers.MethodRunner.runInSequence(MethodRunner.java:63)
org.testng.internal.invokers.TestInvoker$MethodInvocationAgent.invoke(TestInvoker.java:995)
org.testng.internal.invokers.TestInvoker.invokeTestMethods(TestInvoker.java:203)
org.testng.internal.invokers.TestMethodWorker.invokeTestMethods(TestMethodWorker.java:154)
org.testng.internal.invokers.TestMethodWorker.run(TestMethodWorker.java:134)
java.base/java.util.concurrent.Executors$RunnableAdapter.call(Executors.java:572)
java.base/java.util.concurrent.FutureTask.run(FutureTask.java:317)
org.testng.internal.thread.graph.TestNGFutureTask.run(TestNGFutureTask.java:22)
java.base/java.util.concurrent.ThreadPoolExecutor.runWorker(ThreadPoolExecutor.java:1144)
java.base/java.util.concurrent.ThreadPoolExecutor$Worker.run(ThreadPoolExecutor.java:642)
java.base/java.lang.Thread.run(Thread.java:1583)
Test Failed: AddToCartFromRecommendedItems - com.JodaynDemo.tests.TC22_AddtoCartRecommendedItems
Error: org.openqa.selenium.NoSuchWindowException: no such window: target window already closed
from unknown error: web view not found
  (Session info: chrome=136.0.7103.92)
Build info: version: '4.31.0', revision: '1ef9f18787*'
System info: os.name: 'Windows 10', os.arch: 'amd64', os.version: '10.0', java.version: '21.0.6'
Driver info: org.openqa.selenium.chrome.ChromeDriver
Command: [7ed20b8e94a40af89142e5e1f91f1e91, findElement {using=css selector, value=div[class='recommended_items'] h2}]
Capabilities {acceptInsecureCerts: false, browserName: chrome, browserVersion: 136.0.7103.92, chrome: {chromedriverVersion: 136.0.7103.92 (cb81a4cc5087..., userDataDir: C:\Users\hydroweb\AppData\L...}, fedcm:accounts: true, goog:chromeOptions: {debuggerAddress: localhost:58120}, networkConnectionEnabled: false, pageLoadStrategy: normal, platformName: windows, proxy: Proxy(), se:cdp: ws://localhost:58120/devtoo..., se:cdpVersion: 136.0.7103.92, setWindowRect: true, strictFileInteractability: false, timeouts: {implicit: 0, pageLoad: 300000, script: 30000}, unhandledPromptBehavior: dismiss and notify, webauthn:extension:credBlob: true, webauthn:extension:largeBlob: true, webauthn:extension:minPinLength: true, webauthn:extension:prf: true, webauthn:virtualAuthenticators: true}
Session ID: 7ed20b8e94a40af89142e5e1f91f1e91
java.base/jdk.internal.reflect.DirectConstructorHandleAccessor.newInstance(DirectConstructorHandleAccessor.java:62)
java.base/java.lang.reflect.Constructor.newInstanceWithCaller(Constructor.java:502)
java.base/java.lang.reflect.Constructor.newInstance(Constructor.java:486)
org.openqa.selenium.remote.ErrorCodec.decode(ErrorCodec.java:167)
org.openqa.selenium.remote.codec.w3c.W3CHttpResponseCodec.decode(W3CHttpResponseCodec.java:138)
org.openqa.selenium.remote.codec.w3c.W3CHttpResponseCodec.decode(W3CHttpResponseCodec.java:50)
org.openqa.selenium.remote.HttpCommandExecutor.execute(HttpCommandExecutor.java:215)
org.openqa.selenium.remote.service.DriverCommandExecutor.invokeExecute(DriverCommandExecutor.java:216)
org.openqa.selenium.remote.service.DriverCommandExecutor.execute(DriverCommandExecutor.java:174)
org.openqa.selenium.remote.RemoteWebDriver.execute(RemoteWebDriver.java:545)
org.openqa.selenium.remote.ElementLocation$ElementFinder$2.findElement(ElementLocation.java:165)
org.openqa.selenium.remote.ElementLocation.findElement(ElementLocation.java:59)
org.openqa.selenium.remote.RemoteWebDriver.findElement(RemoteWebDriver.java:368)
org.openqa.selenium.remote.RemoteWebDriver.findElement(RemoteWebDriver.java:362)
com.JodaynDemo.pages.Home.recommendedItems(Home.java:58)
com.JodaynDemo.pages.Home.getRecommendedItems(Home.java:153)
com.JodaynDemo.tests.TC22_AddtoCartRecommendedItems.verifyRecommendedItemsAreVisible(TC22_AddtoCartRecommendedItems.java:32)
com.JodaynDemo.tests.TC22_AddtoCartRecommendedItems.AddToCartFromRecommendedItems(TC22_AddtoCartRecommendedItems.java:25)
java.base/jdk.internal.reflect.DirectMethodHandleAccessor.invoke(DirectMethodHandleAccessor.java:103)
java.base/java.lang.reflect.Method.invoke(Method.java:580)
org.testng.internal.invokers.MethodInvocationHelper.invokeMethod(MethodInvocationHelper.java:141)
org.testng.internal.invokers.TestInvoker.invokeMethod(TestInvoker.java:687)
org.testng.internal.invokers.TestInvoker.invokeTestMethod(TestInvoker.java:230)
org.testng.internal.invokers.MethodRunner.runInSequence(MethodRunner.java:63)
org.testng.internal.invokers.TestInvoker$MethodInvocationAgent.invoke(TestInvoker.java:995)
org.testng.internal.invokers.TestInvoker.invokeTestMethods(TestInvoker.java:203)
org.testng.internal.invokers.TestMethodWorker.invokeTestMethods(TestMethodWorker.java:154)
org.testng.internal.invokers.TestMethodWorker.run(TestMethodWorker.java:134)
java.base/java.util.concurrent.Executors$RunnableAdapter.call(Executors.java:572)
java.base/java.util.concurrent.FutureTask.run(FutureTask.java:317)
org.testng.internal.thread.graph.TestNGFutureTask.run(TestNGFutureTask.java:22)
java.base/java.util.concurrent.ThreadPoolExecutor.runWorker(ThreadPoolExecutor.java:1144)
java.base/java.util.concurrent.ThreadPoolExecutor$Worker.run(ThreadPoolExecutor.java:642)
java.base/java.lang.Thread.run(Thread.java:1583)
Test Failed: downloadInvoiceAfterPurchaseOrder - com.JodaynDemo.tests.TC24_InvoiceDownloadAfterPurchase
Error: org.openqa.selenium.NoSuchWindowException: no such window: target window already closed
from unknown error: web view not found
  (Session info: chrome=136.0.7103.92)
Build info: version: '4.31.0', revision: '1ef9f18787*'
System info: os.name: 'Windows 10', os.arch: 'amd64', os.version: '10.0', java.version: '21.0.6'
Driver info: org.openqa.selenium.chrome.ChromeDriver
Command: [46580844697def24a5d0dc78aa0ba7ce, findElement {using=css selector, value=div.item.active img[alt='demo website for practice']}]
Capabilities {acceptInsecureCerts: false, browserName: chrome, browserVersion: 136.0.7103.92, chrome: {chromedriverVersion: 136.0.7103.92 (cb81a4cc5087..., userDataDir: C:\Users\hydroweb\AppData\L...}, fedcm:accounts: true, goog:chromeOptions: {debuggerAddress: localhost:58155}, networkConnectionEnabled: false, pageLoadStrategy: normal, platformName: windows, proxy: Proxy(), se:cdp: ws://localhost:58155/devtoo..., se:cdpVersion: 136.0.7103.92, setWindowRect: true, strictFileInteractability: false, timeouts: {implicit: 0, pageLoad: 300000, script: 30000}, unhandledPromptBehavior: dismiss and notify, webauthn:extension:credBlob: true, webauthn:extension:largeBlob: true, webauthn:extension:minPinLength: true, webauthn:extension:prf: true, webauthn:virtualAuthenticators: true}
Session ID: 46580844697def24a5d0dc78aa0ba7ce
java.base/jdk.internal.reflect.DirectConstructorHandleAccessor.newInstance(DirectConstructorHandleAccessor.java:62)
java.base/java.lang.reflect.Constructor.newInstanceWithCaller(Constructor.java:502)
java.base/java.lang.reflect.Constructor.newInstance(Constructor.java:486)
org.openqa.selenium.remote.ErrorCodec.decode(ErrorCodec.java:167)
org.openqa.selenium.remote.codec.w3c.W3CHttpResponseCodec.decode(W3CHttpResponseCodec.java:138)
org.openqa.selenium.remote.codec.w3c.W3CHttpResponseCodec.decode(W3CHttpResponseCodec.java:50)
org.openqa.selenium.remote.HttpCommandExecutor.execute(HttpCommandExecutor.java:215)
org.openqa.selenium.remote.service.DriverCommandExecutor.invokeExecute(DriverCommandExecutor.java:216)
org.openqa.selenium.remote.service.DriverCommandExecutor.execute(DriverCommandExecutor.java:174)
org.openqa.selenium.remote.RemoteWebDriver.execute(RemoteWebDriver.java:545)
org.openqa.selenium.remote.ElementLocation$ElementFinder$2.findElement(ElementLocation.java:165)
org.openqa.selenium.remote.ElementLocation.findElement(ElementLocation.java:59)
org.openqa.selenium.remote.RemoteWebDriver.findElement(RemoteWebDriver.java:368)
org.openqa.selenium.remote.RemoteWebDriver.findElement(RemoteWebDriver.java:362)
com.JodaynDemo.pages.Home.girlImgResponsive(Home.java:18)
com.JodaynDemo.pages.Home.homePageIsVisible(Home.java:102)
com.JodaynDemo.tests.TC1_UserRegistration.verifyThatHomePageIsVisibleSuccessfully(TC1_UserRegistration.java:53)
com.JodaynDemo.tests.TC24_InvoiceDownloadAfterPurchase.downloadInvoiceAfterPurchaseOrder(TC24_InvoiceDownloadAfterPurchase.java:47)
java.base/jdk.internal.reflect.DirectMethodHandleAccessor.invoke(DirectMethodHandleAccessor.java:103)
java.base/java.lang.reflect.Method.invoke(Method.java:580)
org.testng.internal.invokers.MethodInvocationHelper.invokeMethod(MethodInvocationHelper.java:141)
org.testng.internal.invokers.TestInvoker.invokeMethod(TestInvoker.java:687)
org.testng.internal.invokers.TestInvoker.invokeTestMethod(TestInvoker.java:230)
org.testng.internal.invokers.MethodRunner.runInSequence(MethodRunner.java:63)
org.testng.internal.invokers.TestInvoker$MethodInvocationAgent.invoke(TestInvoker.java:995)
org.testng.internal.invokers.TestInvoker.invokeTestMethods(TestInvoker.java:203)
org.testng.internal.invokers.TestMethodWorker.invokeTestMethods(TestMethodWorker.java:154)
org.testng.internal.invokers.TestMethodWorker.run(TestMethodWorker.java:134)
java.base/java.util.concurrent.Executors$RunnableAdapter.call(Executors.java:572)
java.base/java.util.concurrent.FutureTask.run(FutureTask.java:317)
org.testng.internal.thread.graph.TestNGFutureTask.run(TestNGFutureTask.java:22)
java.base/java.util.concurrent.ThreadPoolExecutor.runWorker(ThreadPoolExecutor.java:1144)
java.base/java.util.concurrent.ThreadPoolExecutor$Worker.run(ThreadPoolExecutor.java:642)
java.base/java.lang.Thread.run(Thread.java:1583)
Test Failed: verifyScrollUpUsingArrowButtonAndScrollDownFunctionality - com.JodaynDemo.tests.TC25_ScrollUpandScrollDown
Error: org.openqa.selenium.NoSuchWindowException: no such window: target window already closed
from unknown error: web view not found
  (Session info: chrome=136.0.7103.92)
Build info: version: '4.31.0', revision: '1ef9f18787*'
System info: os.name: 'Windows 10', os.arch: 'amd64', os.version: '10.0', java.version: '21.0.6'
Driver info: org.openqa.selenium.chrome.ChromeDriver
Command: [996f39912268a13ca11c32a821b70bed, findElement {using=css selector, value=div.item.active img[alt='demo website for practice']}]
Capabilities {acceptInsecureCerts: false, browserName: chrome, browserVersion: 136.0.7103.92, chrome: {chromedriverVersion: 136.0.7103.92 (cb81a4cc5087..., userDataDir: C:\Users\hydroweb\AppData\L...}, fedcm:accounts: true, goog:chromeOptions: {debuggerAddress: localhost:58173}, networkConnectionEnabled: false, pageLoadStrategy: normal, platformName: windows, proxy: Proxy(), se:cdp: ws://localhost:58173/devtoo..., se:cdpVersion: 136.0.7103.92, setWindowRect: true, strictFileInteractability: false, timeouts: {implicit: 0, pageLoad: 300000, script: 30000}, unhandledPromptBehavior: dismiss and notify, webauthn:extension:credBlob: true, webauthn:extension:largeBlob: true, webauthn:extension:minPinLength: true, webauthn:extension:prf: true, webauthn:virtualAuthenticators: true}
Session ID: 996f39912268a13ca11c32a821b70bed
java.base/jdk.internal.reflect.DirectConstructorHandleAccessor.newInstance(DirectConstructorHandleAccessor.java:62)
java.base/java.lang.reflect.Constructor.newInstanceWithCaller(Constructor.java:502)
java.base/java.lang.reflect.Constructor.newInstance(Constructor.java:486)
org.openqa.selenium.remote.ErrorCodec.decode(ErrorCodec.java:167)
org.openqa.selenium.remote.codec.w3c.W3CHttpResponseCodec.decode(W3CHttpResponseCodec.java:138)
org.openqa.selenium.remote.codec.w3c.W3CHttpResponseCodec.decode(W3CHttpResponseCodec.java:50)
org.openqa.selenium.remote.HttpCommandExecutor.execute(HttpCommandExecutor.java:215)
org.openqa.selenium.remote.service.DriverCommandExecutor.invokeExecute(DriverCommandExecutor.java:216)
org.openqa.selenium.remote.service.DriverCommandExecutor.execute(DriverCommandExecutor.java:174)
org.openqa.selenium.remote.RemoteWebDriver.execute(RemoteWebDriver.java:545)
org.openqa.selenium.remote.ElementLocation$ElementFinder$2.findElement(ElementLocation.java:165)
org.openqa.selenium.remote.ElementLocation.findElement(ElementLocation.java:59)
org.openqa.selenium.remote.RemoteWebDriver.findElement(RemoteWebDriver.java:368)
org.openqa.selenium.remote.RemoteWebDriver.findElement(RemoteWebDriver.java:362)
com.JodaynDemo.pages.Home.girlImgResponsive(Home.java:18)
com.JodaynDemo.pages.Home.homePageIsVisible(Home.java:102)
com.JodaynDemo.tests.TC1_UserRegistration.verifyThatHomePageIsVisibleSuccessfully(TC1_UserRegistration.java:53)
com.JodaynDemo.tests.TC25_ScrollUpandScrollDown.verifyScrollUpUsingArrowButtonAndScrollDownFunctionality(TC25_ScrollUpandScrollDown.java:30)
java.base/jdk.internal.reflect.DirectMethodHandleAccessor.invoke(DirectMethodHandleAccessor.java:103)
java.base/java.lang.reflect.Method.invoke(Method.java:580)
org.testng.internal.invokers.MethodInvocationHelper.invokeMethod(MethodInvocationHelper.java:141)
org.testng.internal.invokers.TestInvoker.invokeMethod(TestInvoker.java:687)
org.testng.internal.invokers.TestInvoker.invokeTestMethod(TestInvoker.java:230)
org.testng.internal.invokers.MethodRunner.runInSequence(MethodRunner.java:63)
org.testng.internal.invokers.TestInvoker$MethodInvocationAgent.invoke(TestInvoker.java:995)
org.testng.internal.invokers.TestInvoker.invokeTestMethods(TestInvoker.java:203)
org.testng.internal.invokers.TestMethodWorker.invokeTestMethods(TestMethodWorker.java:154)
org.testng.internal.invokers.TestMethodWorker.run(TestMethodWorker.java:134)
java.base/java.util.concurrent.Executors$RunnableAdapter.call(Executors.java:572)
java.base/java.util.concurrent.FutureTask.run(FutureTask.java:317)
org.testng.internal.thread.graph.TestNGFutureTask.run(TestNGFutureTask.java:22)
java.base/java.util.concurrent.ThreadPoolExecutor.runWorker(ThreadPoolExecutor.java:1144)
java.base/java.util.concurrent.ThreadPoolExecutor$Worker.run(ThreadPoolExecutor.java:642)
java.base/java.lang.Thread.run(Thread.java:1583)
Test Failed: verifyScrollUpWithoutArrowButtonAndScrollDownFunctionality - com.JodaynDemo.tests.TC26_ScrollUpandScrollDownNoButtonUsage
Error: org.openqa.selenium.NoSuchWindowException: no such window: target window already closed
from unknown error: web view not found
  (Session info: chrome=136.0.7103.92)
Build info: version: '4.31.0', revision: '1ef9f18787*'
System info: os.name: 'Windows 10', os.arch: 'amd64', os.version: '10.0', java.version: '21.0.6'
Driver info: org.openqa.selenium.chrome.ChromeDriver
Command: [5faa5b34b2872d26a56d2dfd7604f0cb, findElement {using=css selector, value=div.item.active img[alt='demo website for practice']}]
Capabilities {acceptInsecureCerts: false, browserName: chrome, browserVersion: 136.0.7103.92, chrome: {chromedriverVersion: 136.0.7103.92 (cb81a4cc5087..., userDataDir: C:\Users\hydroweb\AppData\L...}, fedcm:accounts: true, goog:chromeOptions: {debuggerAddress: localhost:58189}, networkConnectionEnabled: false, pageLoadStrategy: normal, platformName: windows, proxy: Proxy(), se:cdp: ws://localhost:58189/devtoo..., se:cdpVersion: 136.0.7103.92, setWindowRect: true, strictFileInteractability: false, timeouts: {implicit: 0, pageLoad: 300000, script: 30000}, unhandledPromptBehavior: dismiss and notify, webauthn:extension:credBlob: true, webauthn:extension:largeBlob: true, webauthn:extension:minPinLength: true, webauthn:extension:prf: true, webauthn:virtualAuthenticators: true}
Session ID: 5faa5b34b2872d26a56d2dfd7604f0cb
java.base/jdk.internal.reflect.DirectConstructorHandleAccessor.newInstance(DirectConstructorHandleAccessor.java:62)
java.base/java.lang.reflect.Constructor.newInstanceWithCaller(Constructor.java:502)
java.base/java.lang.reflect.Constructor.newInstance(Constructor.java:486)
org.openqa.selenium.remote.ErrorCodec.decode(ErrorCodec.java:167)
org.openqa.selenium.remote.codec.w3c.W3CHttpResponseCodec.decode(W3CHttpResponseCodec.java:138)
org.openqa.selenium.remote.codec.w3c.W3CHttpResponseCodec.decode(W3CHttpResponseCodec.java:50)
org.openqa.selenium.remote.HttpCommandExecutor.execute(HttpCommandExecutor.java:215)
org.openqa.selenium.remote.service.DriverCommandExecutor.invokeExecute(DriverCommandExecutor.java:216)
org.openqa.selenium.remote.service.DriverCommandExecutor.execute(DriverCommandExecutor.java:174)
org.openqa.selenium.remote.RemoteWebDriver.execute(RemoteWebDriver.java:545)
org.openqa.selenium.remote.ElementLocation$ElementFinder$2.findElement(ElementLocation.java:165)
org.openqa.selenium.remote.ElementLocation.findElement(ElementLocation.java:59)
org.openqa.selenium.remote.RemoteWebDriver.findElement(RemoteWebDriver.java:368)
org.openqa.selenium.remote.RemoteWebDriver.findElement(RemoteWebDriver.java:362)
com.JodaynDemo.pages.Home.girlImgResponsive(Home.java:18)
com.JodaynDemo.pages.Home.homePageIsVisible(Home.java:102)
com.JodaynDemo.tests.TC1_UserRegistration.verifyThatHomePageIsVisibleSuccessfully(TC1_UserRegistration.java:53)
com.JodaynDemo.tests.TC26_ScrollUpandScrollDownNoButtonUsage.verifyScrollUpWithoutArrowButtonAndScrollDownFunctionality(TC26_ScrollUpandScrollDownNoButtonUsage.java:25)
java.base/jdk.internal.reflect.DirectMethodHandleAccessor.invoke(DirectMethodHandleAccessor.java:103)
java.base/java.lang.reflect.Method.invoke(Method.java:580)
org.testng.internal.invokers.MethodInvocationHelper.invokeMethod(MethodInvocationHelper.java:141)
org.testng.internal.invokers.TestInvoker.invokeMethod(TestInvoker.java:687)
org.testng.internal.invokers.TestInvoker.invokeTestMethod(TestInvoker.java:230)
org.testng.internal.invokers.MethodRunner.runInSequence(MethodRunner.java:63)
org.testng.internal.invokers.TestInvoker$MethodInvocationAgent.invoke(TestInvoker.java:995)
org.testng.internal.invokers.TestInvoker.invokeTestMethods(TestInvoker.java:203)
org.testng.internal.invokers.TestMethodWorker.invokeTestMethods(TestMethodWorker.java:154)
org.testng.internal.invokers.TestMethodWorker.run(TestMethodWorker.java:134)
java.base/java.util.concurrent.Executors$RunnableAdapter.call(Executors.java:572)
java.base/java.util.concurrent.FutureTask.run(FutureTask.java:317)
org.testng.internal.thread.graph.TestNGFutureTask.run(TestNGFutureTask.java:22)
java.base/java.util.concurrent.ThreadPoolExecutor.runWorker(ThreadPoolExecutor.java:1144)
java.base/java.util.concurrent.ThreadPoolExecutor$Worker.run(ThreadPoolExecutor.java:642)
java.base/java.lang.Thread.run(Thread.java:1583)
Test Failed: placeOrderLoginBeforeCheckout - com.JodaynDemo.tests.TC16_OrderPlaceLoginBeforeCheckout
Error: java.lang.AssertionError: Verify 'Logged in as username' at top expected [BilalTest1994] but found [Logged in as BilalTest1994]
org.testng.Assert.fail(Assert.java:111)
org.testng.Assert.failNotEquals(Assert.java:1590)
org.testng.Assert.assertEqualsImpl(Assert.java:150)
org.testng.Assert.assertEquals(Assert.java:132)
org.testng.Assert.assertEquals(Assert.java:656)
com.JodaynDemo.tests.TC16_OrderPlaceLoginBeforeCheckout.verifyLoggedInAsUsernameAtTop(TC16_OrderPlaceLoginBeforeCheckout.java:54)
com.JodaynDemo.tests.TC16_OrderPlaceLoginBeforeCheckout.placeOrderLoginBeforeCheckout(TC16_OrderPlaceLoginBeforeCheckout.java:42)
java.base/jdk.internal.reflect.DirectMethodHandleAccessor.invoke(DirectMethodHandleAccessor.java:103)
java.base/java.lang.reflect.Method.invoke(Method.java:580)
org.testng.internal.invokers.MethodInvocationHelper.invokeMethod(MethodInvocationHelper.java:141)
org.testng.internal.invokers.TestInvoker.invokeMethod(TestInvoker.java:687)
org.testng.internal.invokers.TestInvoker.invokeTestMethod(TestInvoker.java:230)
org.testng.internal.invokers.MethodRunner.runInSequence(MethodRunner.java:63)
org.testng.internal.invokers.TestInvoker$MethodInvocationAgent.invoke(TestInvoker.java:995)
org.testng.internal.invokers.TestInvoker.invokeTestMethods(TestInvoker.java:203)
org.testng.internal.invokers.TestMethodWorker.invokeTestMethods(TestMethodWorker.java:154)
org.testng.internal.invokers.TestMethodWorker.run(TestMethodWorker.java:134)
java.base/java.util.concurrent.Executors$RunnableAdapter.call(Executors.java:572)
java.base/java.util.concurrent.FutureTask.run(FutureTask.java:317)
org.testng.internal.thread.graph.TestNGFutureTask.run(TestNGFutureTask.java:22)
java.base/java.util.concurrent.ThreadPoolExecutor.runWorker(ThreadPoolExecutor.java:1144)
java.base/java.util.concurrent.ThreadPoolExecutor$Worker.run(ThreadPoolExecutor.java:642)
java.base/java.lang.Thread.run(Thread.java:1583)
Test Failed: placeOrderLoginBeforeCheckout - com.JodaynDemo.tests.TC16_OrderPlaceLoginBeforeCheckout
Error: java.lang.AssertionError: Verify 'Logged in as username' at top expected [BilalTest1994] but found [[Logged in as Logged in as BilalTest1994]
org.testng.Assert.fail(Assert.java:111)
org.testng.Assert.failNotEquals(Assert.java:1590)
org.testng.Assert.assertEqualsImpl(Assert.java:150)
org.testng.Assert.assertEquals(Assert.java:132)
org.testng.Assert.assertEquals(Assert.java:656)
com.JodaynDemo.tests.TC16_OrderPlaceLoginBeforeCheckout.verifyLoggedInAsUsernameAtTop(TC16_OrderPlaceLoginBeforeCheckout.java:54)
com.JodaynDemo.tests.TC16_OrderPlaceLoginBeforeCheckout.placeOrderLoginBeforeCheckout(TC16_OrderPlaceLoginBeforeCheckout.java:42)
java.base/jdk.internal.reflect.DirectMethodHandleAccessor.invoke(DirectMethodHandleAccessor.java:103)
java.base/java.lang.reflect.Method.invoke(Method.java:580)
org.testng.internal.invokers.MethodInvocationHelper.invokeMethod(MethodInvocationHelper.java:141)
org.testng.internal.invokers.TestInvoker.invokeMethod(TestInvoker.java:687)
org.testng.internal.invokers.TestInvoker.invokeTestMethod(TestInvoker.java:230)
org.testng.internal.invokers.MethodRunner.runInSequence(MethodRunner.java:63)
org.testng.internal.invokers.TestInvoker$MethodInvocationAgent.invoke(TestInvoker.java:995)
org.testng.internal.invokers.TestInvoker.invokeTestMethods(TestInvoker.java:203)
org.testng.internal.invokers.TestMethodWorker.invokeTestMethods(TestMethodWorker.java:154)
org.testng.internal.invokers.TestMethodWorker.run(TestMethodWorker.java:134)
java.base/java.util.concurrent.Executors$RunnableAdapter.call(Executors.java:572)
java.base/java.util.concurrent.FutureTask.run(FutureTask.java:317)
org.testng.internal.thread.graph.TestNGFutureTask.run(TestNGFutureTask.java:22)
java.base/java.util.concurrent.ThreadPoolExecutor.runWorker(ThreadPoolExecutor.java:1144)
java.base/java.util.concurrent.ThreadPoolExecutor$Worker.run(ThreadPoolExecutor.java:642)
java.base/java.lang.Thread.run(Thread.java:1583)
Test Failed: placeOrderLoginBeforeCheckout - com.JodaynDemo.tests.TC16_OrderPlaceLoginBeforeCheckout
Error: java.lang.AssertionError: Verify Address Details expected [Dashboard] but found [Most]
org.testng.Assert.fail(Assert.java:111)
org.testng.Assert.failNotEquals(Assert.java:1590)
org.testng.Assert.assertEqualsImpl(Assert.java:150)
org.testng.Assert.assertEquals(Assert.java:132)
org.testng.Assert.assertEquals(Assert.java:656)
com.JodaynDemo.tests.TC14_OrderPlaceRegisterDuringCheckout.verifyAddressDetails(TC14_OrderPlaceRegisterDuringCheckout.java:129)
com.JodaynDemo.tests.TC14_OrderPlaceRegisterDuringCheckout.verifyAddressDetailsAndReviewYourOrder(TC14_OrderPlaceRegisterDuringCheckout.java:86)
com.JodaynDemo.tests.TC16_OrderPlaceLoginBeforeCheckout.placeOrderLoginBeforeCheckout(TC16_OrderPlaceLoginBeforeCheckout.java:45)
java.base/jdk.internal.reflect.DirectMethodHandleAccessor.invoke(DirectMethodHandleAccessor.java:103)
java.base/java.lang.reflect.Method.invoke(Method.java:580)
org.testng.internal.invokers.MethodInvocationHelper.invokeMethod(MethodInvocationHelper.java:141)
org.testng.internal.invokers.TestInvoker.invokeMethod(TestInvoker.java:687)
org.testng.internal.invokers.TestInvoker.invokeTestMethod(TestInvoker.java:230)
org.testng.internal.invokers.MethodRunner.runInSequence(MethodRunner.java:63)
org.testng.internal.invokers.TestInvoker$MethodInvocationAgent.invoke(TestInvoker.java:995)
org.testng.internal.invokers.TestInvoker.invokeTestMethods(TestInvoker.java:203)
org.testng.internal.invokers.TestMethodWorker.invokeTestMethods(TestMethodWorker.java:154)
org.testng.internal.invokers.TestMethodWorker.run(TestMethodWorker.java:134)
java.base/java.util.concurrent.Executors$RunnableAdapter.call(Executors.java:572)
java.base/java.util.concurrent.FutureTask.run(FutureTask.java:317)
org.testng.internal.thread.graph.TestNGFutureTask.run(TestNGFutureTask.java:22)
java.base/java.util.concurrent.ThreadPoolExecutor.runWorker(ThreadPoolExecutor.java:1144)
java.base/java.util.concurrent.ThreadPoolExecutor$Worker.run(ThreadPoolExecutor.java:642)
java.base/java.lang.Thread.run(Thread.java:1583)
Test Failed: placeOrderLoginBeforeCheckout - com.JodaynDemo.tests.TC16_OrderPlaceLoginBeforeCheckout
Error: java.lang.AssertionError: Verify Address Details expected [Dashboard] but found [Most]
org.testng.Assert.fail(Assert.java:111)
org.testng.Assert.failNotEquals(Assert.java:1590)
org.testng.Assert.assertEqualsImpl(Assert.java:150)
org.testng.Assert.assertEquals(Assert.java:132)
org.testng.Assert.assertEquals(Assert.java:656)
com.JodaynDemo.tests.TC14_OrderPlaceRegisterDuringCheckout.verifyAddressDetails(TC14_OrderPlaceRegisterDuringCheckout.java:129)
com.JodaynDemo.tests.TC14_OrderPlaceRegisterDuringCheckout.verifyAddressDetailsAndReviewYourOrder(TC14_OrderPlaceRegisterDuringCheckout.java:86)
com.JodaynDemo.tests.TC16_OrderPlaceLoginBeforeCheckout.placeOrderLoginBeforeCheckout(TC16_OrderPlaceLoginBeforeCheckout.java:45)
java.base/jdk.internal.reflect.DirectMethodHandleAccessor.invoke(DirectMethodHandleAccessor.java:103)
java.base/java.lang.reflect.Method.invoke(Method.java:580)
org.testng.internal.invokers.MethodInvocationHelper.invokeMethod(MethodInvocationHelper.java:141)
org.testng.internal.invokers.TestInvoker.invokeMethod(TestInvoker.java:687)
org.testng.internal.invokers.TestInvoker.invokeTestMethod(TestInvoker.java:230)
org.testng.internal.invokers.MethodRunner.runInSequence(MethodRunner.java:63)
org.testng.internal.invokers.TestInvoker$MethodInvocationAgent.invoke(TestInvoker.java:995)
org.testng.internal.invokers.TestInvoker.invokeTestMethods(TestInvoker.java:203)
org.testng.internal.invokers.TestMethodWorker.invokeTestMethods(TestMethodWorker.java:154)
org.testng.internal.invokers.TestMethodWorker.run(TestMethodWorker.java:134)
java.base/java.util.concurrent.Executors$RunnableAdapter.call(Executors.java:572)
java.base/java.util.concurrent.FutureTask.run(FutureTask.java:317)
org.testng.internal.thread.graph.TestNGFutureTask.run(TestNGFutureTask.java:22)
java.base/java.util.concurrent.ThreadPoolExecutor.runWorker(ThreadPoolExecutor.java:1144)
java.base/java.util.concurrent.ThreadPoolExecutor$Worker.run(ThreadPoolExecutor.java:642)
java.base/java.lang.Thread.run(Thread.java:1583)
Test Failed: placeOrderLoginBeforeCheckout - com.JodaynDemo.tests.TC16_OrderPlaceLoginBeforeCheckout
Error: java.lang.AssertionError: Verify Address Details expected [Dashboard] but found [Most]
org.testng.Assert.fail(Assert.java:111)
org.testng.Assert.failNotEquals(Assert.java:1590)
org.testng.Assert.assertEqualsImpl(Assert.java:150)
org.testng.Assert.assertEquals(Assert.java:132)
org.testng.Assert.assertEquals(Assert.java:656)
com.JodaynDemo.tests.TC14_OrderPlaceRegisterDuringCheckout.verifyAddressDetails(TC14_OrderPlaceRegisterDuringCheckout.java:129)
com.JodaynDemo.tests.TC14_OrderPlaceRegisterDuringCheckout.verifyAddressDetailsAndReviewYourOrder(TC14_OrderPlaceRegisterDuringCheckout.java:86)
com.JodaynDemo.tests.TC16_OrderPlaceLoginBeforeCheckout.placeOrderLoginBeforeCheckout(TC16_OrderPlaceLoginBeforeCheckout.java:45)
java.base/jdk.internal.reflect.DirectMethodHandleAccessor.invoke(DirectMethodHandleAccessor.java:103)
java.base/java.lang.reflect.Method.invoke(Method.java:580)
org.testng.internal.invokers.MethodInvocationHelper.invokeMethod(MethodInvocationHelper.java:141)
org.testng.internal.invokers.TestInvoker.invokeMethod(TestInvoker.java:687)
org.testng.internal.invokers.TestInvoker.invokeTestMethod(TestInvoker.java:230)
org.testng.internal.invokers.MethodRunner.runInSequence(MethodRunner.java:63)
org.testng.internal.invokers.TestInvoker$MethodInvocationAgent.invoke(TestInvoker.java:995)
org.testng.internal.invokers.TestInvoker.invokeTestMethods(TestInvoker.java:203)
org.testng.internal.invokers.TestMethodWorker.invokeTestMethods(TestMethodWorker.java:154)
org.testng.internal.invokers.TestMethodWorker.run(TestMethodWorker.java:134)
java.base/java.util.concurrent.Executors$RunnableAdapter.call(Executors.java:572)
java.base/java.util.concurrent.FutureTask.run(FutureTask.java:317)
org.testng.internal.thread.graph.TestNGFutureTask.run(TestNGFutureTask.java:22)
java.base/java.util.concurrent.ThreadPoolExecutor.runWorker(ThreadPoolExecutor.java:1144)
java.base/java.util.concurrent.ThreadPoolExecutor$Worker.run(ThreadPoolExecutor.java:642)
java.base/java.lang.Thread.run(Thread.java:1583)
Test Failed: placeOrderLoginBeforeCheckout - com.JodaynDemo.tests.TC16_OrderPlaceLoginBeforeCheckout
Error: java.lang.AssertionError: Verify Address Details expected [NoIdea New Orleans 12345] but found [Dallas Texas 98607]
org.testng.Assert.fail(Assert.java:111)
org.testng.Assert.failNotEquals(Assert.java:1590)
org.testng.Assert.assertEqualsImpl(Assert.java:150)
org.testng.Assert.assertEquals(Assert.java:132)
org.testng.Assert.assertEquals(Assert.java:656)
com.JodaynDemo.tests.TC14_OrderPlaceRegisterDuringCheckout.verifyAddressDetails(TC14_OrderPlaceRegisterDuringCheckout.java:130)
com.JodaynDemo.tests.TC14_OrderPlaceRegisterDuringCheckout.verifyAddressDetailsAndReviewYourOrder(TC14_OrderPlaceRegisterDuringCheckout.java:86)
com.JodaynDemo.tests.TC16_OrderPlaceLoginBeforeCheckout.placeOrderLoginBeforeCheckout(TC16_OrderPlaceLoginBeforeCheckout.java:45)
java.base/jdk.internal.reflect.DirectMethodHandleAccessor.invoke(DirectMethodHandleAccessor.java:103)
java.base/java.lang.reflect.Method.invoke(Method.java:580)
org.testng.internal.invokers.MethodInvocationHelper.invokeMethod(MethodInvocationHelper.java:141)
org.testng.internal.invokers.TestInvoker.invokeMethod(TestInvoker.java:687)
org.testng.internal.invokers.TestInvoker.invokeTestMethod(TestInvoker.java:230)
org.testng.internal.invokers.MethodRunner.runInSequence(MethodRunner.java:63)
org.testng.internal.invokers.TestInvoker$MethodInvocationAgent.invoke(TestInvoker.java:995)
org.testng.internal.invokers.TestInvoker.invokeTestMethods(TestInvoker.java:203)
org.testng.internal.invokers.TestMethodWorker.invokeTestMethods(TestMethodWorker.java:154)
org.testng.internal.invokers.TestMethodWorker.run(TestMethodWorker.java:134)
java.base/java.util.concurrent.Executors$RunnableAdapter.call(Executors.java:572)
java.base/java.util.concurrent.FutureTask.run(FutureTask.java:317)
org.testng.internal.thread.graph.TestNGFutureTask.run(TestNGFutureTask.java:22)
java.base/java.util.concurrent.ThreadPoolExecutor.runWorker(ThreadPoolExecutor.java:1144)
java.base/java.util.concurrent.ThreadPoolExecutor$Worker.run(ThreadPoolExecutor.java:642)
java.base/java.lang.Thread.run(Thread.java:1583)
Test Failed: placeOrderLoginBeforeCheckout - com.JodaynDemo.tests.TC16_OrderPlaceLoginBeforeCheckout
Error: java.lang.AssertionError: Verify Address Details expected [NoIdea New Orleans 12345] but found [Dallas Texas 98607]
org.testng.Assert.fail(Assert.java:111)
org.testng.Assert.failNotEquals(Assert.java:1590)
org.testng.Assert.assertEqualsImpl(Assert.java:150)
org.testng.Assert.assertEquals(Assert.java:132)
org.testng.Assert.assertEquals(Assert.java:656)
com.JodaynDemo.tests.TC14_OrderPlaceRegisterDuringCheckout.verifyAddressDetails(TC14_OrderPlaceRegisterDuringCheckout.java:130)
com.JodaynDemo.tests.TC14_OrderPlaceRegisterDuringCheckout.verifyAddressDetailsAndReviewYourOrder(TC14_OrderPlaceRegisterDuringCheckout.java:86)
com.JodaynDemo.tests.TC16_OrderPlaceLoginBeforeCheckout.placeOrderLoginBeforeCheckout(TC16_OrderPlaceLoginBeforeCheckout.java:45)
java.base/jdk.internal.reflect.DirectMethodHandleAccessor.invoke(DirectMethodHandleAccessor.java:103)
java.base/java.lang.reflect.Method.invoke(Method.java:580)
org.testng.internal.invokers.MethodInvocationHelper.invokeMethod(MethodInvocationHelper.java:141)
org.testng.internal.invokers.TestInvoker.invokeMethod(TestInvoker.java:687)
org.testng.internal.invokers.TestInvoker.invokeTestMethod(TestInvoker.java:230)
org.testng.internal.invokers.MethodRunner.runInSequence(MethodRunner.java:63)
org.testng.internal.invokers.TestInvoker$MethodInvocationAgent.invoke(TestInvoker.java:995)
org.testng.internal.invokers.TestInvoker.invokeTestMethods(TestInvoker.java:203)
org.testng.internal.invokers.TestMethodWorker.invokeTestMethods(TestMethodWorker.java:154)
org.testng.internal.invokers.TestMethodWorker.run(TestMethodWorker.java:134)
java.base/java.util.concurrent.Executors$RunnableAdapter.call(Executors.java:572)
java.base/java.util.concurrent.FutureTask.run(FutureTask.java:317)
org.testng.internal.thread.graph.TestNGFutureTask.run(TestNGFutureTask.java:22)
java.base/java.util.concurrent.ThreadPoolExecutor.runWorker(ThreadPoolExecutor.java:1144)
java.base/java.util.concurrent.ThreadPoolExecutor$Worker.run(ThreadPoolExecutor.java:642)
java.base/java.lang.Thread.run(Thread.java:1583)
Test Failed: placeOrderLoginBeforeCheckout - com.JodaynDemo.tests.TC16_OrderPlaceLoginBeforeCheckout
Error: java.lang.AssertionError: Verify Address Details expected [NoIdea New Orleans 12345] but found [Dallas Texas 98607]
org.testng.Assert.fail(Assert.java:111)
org.testng.Assert.failNotEquals(Assert.java:1590)
org.testng.Assert.assertEqualsImpl(Assert.java:150)
org.testng.Assert.assertEquals(Assert.java:132)
org.testng.Assert.assertEquals(Assert.java:656)
com.JodaynDemo.tests.TC14_OrderPlaceRegisterDuringCheckout.verifyAddressDetails(TC14_OrderPlaceRegisterDuringCheckout.java:130)
com.JodaynDemo.tests.TC14_OrderPlaceRegisterDuringCheckout.verifyAddressDetailsAndReviewYourOrder(TC14_OrderPlaceRegisterDuringCheckout.java:86)
com.JodaynDemo.tests.TC16_OrderPlaceLoginBeforeCheckout.placeOrderLoginBeforeCheckout(TC16_OrderPlaceLoginBeforeCheckout.java:45)
java.base/jdk.internal.reflect.DirectMethodHandleAccessor.invoke(DirectMethodHandleAccessor.java:103)
java.base/java.lang.reflect.Method.invoke(Method.java:580)
org.testng.internal.invokers.MethodInvocationHelper.invokeMethod(MethodInvocationHelper.java:141)
org.testng.internal.invokers.TestInvoker.invokeMethod(TestInvoker.java:687)
org.testng.internal.invokers.TestInvoker.invokeTestMethod(TestInvoker.java:230)
org.testng.internal.invokers.MethodRunner.runInSequence(MethodRunner.java:63)
org.testng.internal.invokers.TestInvoker$MethodInvocationAgent.invoke(TestInvoker.java:995)
org.testng.internal.invokers.TestInvoker.invokeTestMethods(TestInvoker.java:203)
org.testng.internal.invokers.TestMethodWorker.invokeTestMethods(TestMethodWorker.java:154)
org.testng.internal.invokers.TestMethodWorker.run(TestMethodWorker.java:134)
java.base/java.util.concurrent.Executors$RunnableAdapter.call(Executors.java:572)
java.base/java.util.concurrent.FutureTask.run(FutureTask.java:317)
org.testng.internal.thread.graph.TestNGFutureTask.run(TestNGFutureTask.java:22)
java.base/java.util.concurrent.ThreadPoolExecutor.runWorker(ThreadPoolExecutor.java:1144)
java.base/java.util.concurrent.ThreadPoolExecutor$Worker.run(ThreadPoolExecutor.java:642)
java.base/java.lang.Thread.run(Thread.java:1583)
Test Failed: contactUsForm - com.JodaynDemo.tests.TC6_ContactUs
Error: java.lang.AssertionError: Verify success message 'Success! Your details have been submitted successfully.' is visible expected [Success! Your details have been submitted successfully..] but found [Success! Your details have been submitted successfully.]
org.testng.Assert.fail(Assert.java:111)
org.testng.Assert.failNotEquals(Assert.java:1590)
org.testng.Assert.assertEqualsImpl(Assert.java:150)
org.testng.Assert.assertEquals(Assert.java:132)
org.testng.Assert.assertEquals(Assert.java:656)
com.JodaynDemo.tests.TC6_ContactUs.verifySuccessMessageSuccessYourDetailsHaveBeenSubmittedSuccessfullyIsVisible(TC6_ContactUs.java:52)
com.JodaynDemo.tests.TC6_ContactUs.contactUsForm(TC6_ContactUs.java:31)
java.base/jdk.internal.reflect.DirectMethodHandleAccessor.invoke(DirectMethodHandleAccessor.java:103)
java.base/java.lang.reflect.Method.invoke(Method.java:580)
org.testng.internal.invokers.MethodInvocationHelper.invokeMethod(MethodInvocationHelper.java:141)
org.testng.internal.invokers.TestInvoker.invokeMethod(TestInvoker.java:687)
org.testng.internal.invokers.TestInvoker.invokeTestMethod(TestInvoker.java:230)
org.testng.internal.invokers.MethodRunner.runInSequence(MethodRunner.java:63)
org.testng.internal.invokers.TestInvoker$MethodInvocationAgent.invoke(TestInvoker.java:995)
org.testng.internal.invokers.TestInvoker.invokeTestMethods(TestInvoker.java:203)
org.testng.internal.invokers.TestMethodWorker.invokeTestMethods(TestMethodWorker.java:154)
org.testng.internal.invokers.TestMethodWorker.run(TestMethodWorker.java:134)
java.base/java.util.concurrent.Executors$RunnableAdapter.call(Executors.java:572)
java.base/java.util.concurrent.FutureTask.run(FutureTask.java:317)
org.testng.internal.thread.graph.TestNGFutureTask.run(TestNGFutureTask.java:22)
java.base/java.util.concurrent.ThreadPoolExecutor.runWorker(ThreadPoolExecutor.java:1144)
java.base/java.util.concurrent.ThreadPoolExecutor$Worker.run(ThreadPoolExecutor.java:642)
java.base/java.lang.Thread.run(Thread.java:1583)
Test Failed: verifyAddressDetailsInCheckoutPage - com.JodaynDemo.tests.TC23_CheckoutValidateAddressDetails
Error: org.openqa.selenium.NoSuchWindowException: no such window: target window already closed
from unknown error: web view not found
  (Session info: chrome=136.0.7103.92)
Build info: version: '4.31.0', revision: '1ef9f18787*'
System info: os.name: 'Windows 10', os.arch: 'amd64', os.version: '10.0', java.version: '21.0.6'
Driver info: org.openqa.selenium.chrome.ChromeDriver
Command: [10aeebcff181255a0636ca3ca1e7a283, findElement {value=div.item.active img[alt='demo website for practice'], using=css selector}]
Capabilities {acceptInsecureCerts: false, browserName: chrome, browserVersion: 136.0.7103.92, chrome: {chromedriverVersion: 136.0.7103.92 (cb81a4cc5087..., userDataDir: C:\Users\hydroweb\AppData\L...}, fedcm:accounts: true, goog:chromeOptions: {debuggerAddress: localhost:59518}, networkConnectionEnabled: false, pageLoadStrategy: normal, platformName: windows, proxy: Proxy(), se:cdp: ws://localhost:59518/devtoo..., se:cdpVersion: 136.0.7103.92, setWindowRect: true, strictFileInteractability: false, timeouts: {implicit: 0, pageLoad: 300000, script: 30000}, unhandledPromptBehavior: dismiss and notify, webauthn:extension:credBlob: true, webauthn:extension:largeBlob: true, webauthn:extension:minPinLength: true, webauthn:extension:prf: true, webauthn:virtualAuthenticators: true}
Session ID: 10aeebcff181255a0636ca3ca1e7a283
java.base/jdk.internal.reflect.DirectConstructorHandleAccessor.newInstance(DirectConstructorHandleAccessor.java:62)
java.base/java.lang.reflect.Constructor.newInstanceWithCaller(Constructor.java:502)
java.base/java.lang.reflect.Constructor.newInstance(Constructor.java:486)
org.openqa.selenium.remote.ErrorCodec.decode(ErrorCodec.java:167)
org.openqa.selenium.remote.codec.w3c.W3CHttpResponseCodec.decode(W3CHttpResponseCodec.java:138)
org.openqa.selenium.remote.codec.w3c.W3CHttpResponseCodec.decode(W3CHttpResponseCodec.java:50)
org.openqa.selenium.remote.HttpCommandExecutor.execute(HttpCommandExecutor.java:215)
org.openqa.selenium.remote.service.DriverCommandExecutor.invokeExecute(DriverCommandExecutor.java:216)
org.openqa.selenium.remote.service.DriverCommandExecutor.execute(DriverCommandExecutor.java:174)
org.openqa.selenium.remote.RemoteWebDriver.execute(RemoteWebDriver.java:545)
org.openqa.selenium.remote.ElementLocation$ElementFinder$2.findElement(ElementLocation.java:165)
org.openqa.selenium.remote.ElementLocation.findElement(ElementLocation.java:59)
org.openqa.selenium.remote.RemoteWebDriver.findElement(RemoteWebDriver.java:368)
org.openqa.selenium.remote.RemoteWebDriver.findElement(RemoteWebDriver.java:362)
com.JodaynDemo.pages.Home.girlImgResponsive(Home.java:18)
com.JodaynDemo.pages.Home.homePageIsVisible(Home.java:102)
com.JodaynDemo.tests.TC1_UserRegistration.verifyThatHomePageIsVisibleSuccessfully(TC1_UserRegistration.java:53)
com.JodaynDemo.tests.TC23_CheckoutValidateAddressDetails.verifyAddressDetailsInCheckoutPage(TC23_CheckoutValidateAddressDetails.java:36)
java.base/jdk.internal.reflect.DirectMethodHandleAccessor.invoke(DirectMethodHandleAccessor.java:103)
java.base/java.lang.reflect.Method.invoke(Method.java:580)
org.testng.internal.invokers.MethodInvocationHelper.invokeMethod(MethodInvocationHelper.java:141)
org.testng.internal.invokers.TestInvoker.invokeMethod(TestInvoker.java:687)
org.testng.internal.invokers.TestInvoker.invokeTestMethod(TestInvoker.java:230)
org.testng.internal.invokers.MethodRunner.runInSequence(MethodRunner.java:63)
org.testng.internal.invokers.TestInvoker$MethodInvocationAgent.invoke(TestInvoker.java:995)
org.testng.internal.invokers.TestInvoker.invokeTestMethods(TestInvoker.java:203)
org.testng.internal.invokers.TestMethodWorker.invokeTestMethods(TestMethodWorker.java:154)
org.testng.internal.invokers.TestMethodWorker.run(TestMethodWorker.java:134)
java.base/java.util.concurrent.Executors$RunnableAdapter.call(Executors.java:572)
java.base/java.util.concurrent.FutureTask.run(FutureTask.java:317)
org.testng.internal.thread.graph.TestNGFutureTask.run(TestNGFutureTask.java:22)
java.base/java.util.concurrent.ThreadPoolExecutor.runWorker(ThreadPoolExecutor.java:1144)
java.base/java.util.concurrent.ThreadPoolExecutor$Worker.run(ThreadPoolExecutor.java:642)
java.base/java.lang.Thread.run(Thread.java:1583)
Test Failed: placeOrderRegisterWhileCheckout - com.JodaynDemo.tests.TC14_OrderPlaceRegisterDuringCheckout
Error: java.lang.AssertionError: Verify that 'ACCOUNT DELETED!' is visible expected [ACCOUNT DELETED!E-commerce solutions] but found [ACCOUNT DELETED!]
org.testng.Assert.fail(Assert.java:111)
org.testng.Assert.failNotEquals(Assert.java:1590)
org.testng.Assert.assertEqualsImpl(Assert.java:150)
org.testng.Assert.assertEquals(Assert.java:132)
org.testng.Assert.assertEquals(Assert.java:656)
com.JodaynDemo.tests.TC1_UserRegistration.verifyThatAccountDeletedIsVisibleAndClickContinueButton(TC1_UserRegistration.java:101)
com.JodaynDemo.tests.TC14_OrderPlaceRegisterDuringCheckout.placeOrderRegisterWhileCheckout(TC14_OrderPlaceRegisterDuringCheckout.java:52)
java.base/jdk.internal.reflect.DirectMethodHandleAccessor.invoke(DirectMethodHandleAccessor.java:103)
java.base/java.lang.reflect.Method.invoke(Method.java:580)
org.testng.internal.invokers.MethodInvocationHelper.invokeMethod(MethodInvocationHelper.java:141)
org.testng.internal.invokers.TestInvoker.invokeMethod(TestInvoker.java:687)
org.testng.internal.invokers.TestInvoker.invokeTestMethod(TestInvoker.java:230)
org.testng.internal.invokers.MethodRunner.runInSequence(MethodRunner.java:63)
org.testng.internal.invokers.TestInvoker$MethodInvocationAgent.invoke(TestInvoker.java:995)
org.testng.internal.invokers.TestInvoker.invokeTestMethods(TestInvoker.java:203)
org.testng.internal.invokers.TestMethodWorker.invokeTestMethods(TestMethodWorker.java:154)
org.testng.internal.invokers.TestMethodWorker.run(TestMethodWorker.java:134)
java.base/java.util.concurrent.Executors$RunnableAdapter.call(Executors.java:572)
java.base/java.util.concurrent.FutureTask.run(FutureTask.java:317)
org.testng.internal.thread.graph.TestNGFutureTask.run(TestNGFutureTask.java:22)
java.base/java.util.concurrent.ThreadPoolExecutor.runWorker(ThreadPoolExecutor.java:1144)
java.base/java.util.concurrent.ThreadPoolExecutor$Worker.run(ThreadPoolExecutor.java:642)
java.base/java.lang.Thread.run(Thread.java:1583)
Test Failed: viewCategoryProducts - com.JodaynDemo.tests.TC18_ProductViewCategory
Error: org.openqa.selenium.ElementNotInteractableException: element not interactable
  (Session info: chrome=136.0.7103.92)
Build info: version: '4.31.0', revision: '1ef9f18787*'
System info: os.name: 'Windows 10', os.arch: 'amd64', os.version: '10.0', java.version: '21.0.6'
Driver info: org.openqa.selenium.chrome.ChromeDriver
Command: [b5aec1fecd577ac22ca9cbfb79cc00d5, clickElement {id=f.FCC4F28E8B8588FE484F72EE3066A89D.d.39540B6D134EFA2CAD6B66D841482A6B.e.76}]
Capabilities {acceptInsecureCerts: false, browserName: chrome, browserVersion: 136.0.7103.92, chrome: {chromedriverVersion: 136.0.7103.92 (cb81a4cc5087..., userDataDir: C:\Users\hydroweb\AppData\L...}, fedcm:accounts: true, goog:chromeOptions: {debuggerAddress: localhost:60257}, networkConnectionEnabled: false, pageLoadStrategy: normal, platformName: windows, proxy: Proxy(), se:cdp: ws://localhost:60257/devtoo..., se:cdpVersion: 136.0.7103.92, setWindowRect: true, strictFileInteractability: false, timeouts: {implicit: 0, pageLoad: 300000, script: 30000}, unhandledPromptBehavior: dismiss and notify, webauthn:extension:credBlob: true, webauthn:extension:largeBlob: true, webauthn:extension:minPinLength: true, webauthn:extension:prf: true, webauthn:virtualAuthenticators: true}
Element: [[ChromeDriver: chrome on windows (b5aec1fecd577ac22ca9cbfb79cc00d5)] -> css selector: a[href='/category_products/3']]
Session ID: b5aec1fecd577ac22ca9cbfb79cc00d5
java.base/jdk.internal.reflect.DirectConstructorHandleAccessor.newInstance(DirectConstructorHandleAccessor.java:62)
java.base/java.lang.reflect.Constructor.newInstanceWithCaller(Constructor.java:502)
java.base/java.lang.reflect.Constructor.newInstance(Constructor.java:486)
org.openqa.selenium.remote.ErrorCodec.decode(ErrorCodec.java:167)
org.openqa.selenium.remote.codec.w3c.W3CHttpResponseCodec.decode(W3CHttpResponseCodec.java:138)
org.openqa.selenium.remote.codec.w3c.W3CHttpResponseCodec.decode(W3CHttpResponseCodec.java:50)
org.openqa.selenium.remote.HttpCommandExecutor.execute(HttpCommandExecutor.java:215)
org.openqa.selenium.remote.service.DriverCommandExecutor.invokeExecute(DriverCommandExecutor.java:216)
org.openqa.selenium.remote.service.DriverCommandExecutor.execute(DriverCommandExecutor.java:174)
org.openqa.selenium.remote.RemoteWebDriver.execute(RemoteWebDriver.java:545)
org.openqa.selenium.remote.RemoteWebElement.execute(RemoteWebElement.java:223)
org.openqa.selenium.remote.RemoteWebElement.click(RemoteWebElement.java:76)
com.JodaynDemo.pages.Products.tShirtsCategoryClick(Products.java:121)
com.JodaynDemo.tests.TC18_ProductViewCategory.verifyThatUserIsNavigatedToThatCategoryPage(TC18_ProductViewCategory.java:54)
com.JodaynDemo.tests.TC18_ProductViewCategory.viewCategoryProducts(TC18_ProductViewCategory.java:29)
java.base/jdk.internal.reflect.DirectMethodHandleAccessor.invoke(DirectMethodHandleAccessor.java:103)
java.base/java.lang.reflect.Method.invoke(Method.java:580)
org.testng.internal.invokers.MethodInvocationHelper.invokeMethod(MethodInvocationHelper.java:141)
org.testng.internal.invokers.TestInvoker.invokeMethod(TestInvoker.java:687)
org.testng.internal.invokers.TestInvoker.invokeTestMethod(TestInvoker.java:230)
org.testng.internal.invokers.MethodRunner.runInSequence(MethodRunner.java:63)
org.testng.internal.invokers.TestInvoker$MethodInvocationAgent.invoke(TestInvoker.java:995)
org.testng.internal.invokers.TestInvoker.invokeTestMethods(TestInvoker.java:203)
org.testng.internal.invokers.TestMethodWorker.invokeTestMethods(TestMethodWorker.java:154)
org.testng.internal.invokers.TestMethodWorker.run(TestMethodWorker.java:134)
java.base/java.util.concurrent.Executors$RunnableAdapter.call(Executors.java:572)
java.base/java.util.concurrent.FutureTask.run(FutureTask.java:317)
org.testng.internal.thread.graph.TestNGFutureTask.run(TestNGFutureTask.java:22)
java.base/java.util.concurrent.ThreadPoolExecutor.runWorker(ThreadPoolExecutor.java:1144)
java.base/java.util.concurrent.ThreadPoolExecutor$Worker.run(ThreadPoolExecutor.java:642)
java.base/java.lang.Thread.run(Thread.java:1583)
